<?xml version="1.0" encoding="utf-8"?>
<TestRun id="04cd9155-f5d4-4caa-8bec-e83f198a69dd" name="TSP@DESKTOP-6PAUN01 2026-05-26 09:29:50" runUser="DESKTOP-6PAUN01\TSP" xmlns="http://microsoft.com/schemas/VisualStudio/TeamTest/2010">
  <Times creation="2026-05-26T09:29:50.5562647+07:00" queuing="2026-05-26T09:29:50.5562652+07:00" start="2026-05-26T09:29:37.1708425+07:00" finish="2026-05-26T09:30:13.0421793+07:00" />
  <TestSettings name="default" id="78f36b8f-87b8-46f5-bc10-5a1bf3d3969a">
    <Deployment runDeploymentRoot="TSP_DESKTOP-6PAUN01_2026-05-26_09_29_50" />
  </TestSettings>
  <Results>
    <UnitTestResult executionId="d3335a61-94ad-40ec-83d8-8f3bd7734102" testId="6691b3dc-2477-2343-1af5-b106a9689aee" testName="SupplyCoreERP.EntityFrameworkCore.Domains.Partner.SupplierManager_Integration_Tests.Should_Throw_BusinessException_When_Deleting_Supplier_With_Outstanding_Debt" computerName="DESKTOP-6PAUN01" duration="00:00:01.8963526" startTime="2026-05-26T09:30:00.1798539+07:00" endTime="2026-05-26T09:30:02.0760720+07:00" testType="13cdc9d9-ddb5-4fa4-a97d-d965ccfc6d4b" outcome="Passed" testListId="8c84fa94-04c1-424b-9868-57a2d4851a1d" relativeResultsDirectory="d3335a61-94ad-40ec-83d8-8f3bd7734102" />
    <UnitTestResult executionId="1f5b8588-7398-448b-997a-21af3e898198" testId="5c7253e6-3f6c-7402-b514-080cd80eba45" testName="SupplyCoreERP.EntityFrameworkCore.Domains.Partner.SupplierManager_Integration_Tests.Should_Update_Supplier_Successfully" computerName="DESKTOP-6PAUN01" duration="00:00:00.9673766" startTime="2026-05-26T09:30:09.9097373+07:00" endTime="2026-05-26T09:30:10.8770889+07:00" testType="13cdc9d9-ddb5-4fa4-a97d-d965ccfc6d4b" outcome="Passed" testListId="8c84fa94-04c1-424b-9868-57a2d4851a1d" relativeResultsDirectory="1f5b8588-7398-448b-997a-21af3e898198" />
    <UnitTestResult executionId="c7501125-228c-4300-a505-de8e957e1e94" testId="4844d6a9-433a-b553-822c-744234c0a97c" testName="SupplyCoreERP.EntityFrameworkCore.Domains.Partner.SupplierManager_Integration_Tests.Should_Remove_Product_Successfully" computerName="DESKTOP-6PAUN01" duration="00:00:12.5611572" startTime="2026-05-26T09:29:38.3167165+07:00" endTime="2026-05-26T09:29:50.8812640+07:00" testType="13cdc9d9-ddb5-4fa4-a97d-d965ccfc6d4b" outcome="Passed" testListId="8c84fa94-04c1-424b-9868-57a2d4851a1d" relativeResultsDirectory="c7501125-228c-4300-a505-de8e957e1e94" />
    <UnitTestResult executionId="8129f67f-fb13-4f07-95bc-dda4bf45232e" testId="dc8645be-1215-6d9d-8a1e-09725bccb566" testName="SupplyCoreERP.EntityFrameworkCore.Applications.Catalog.MedicineAppService_Integration_Tests.Should_Get_List_Of_Medicines" computerName="DESKTOP-6PAUN01" duration="00:00:01.1815142" startTime="2026-05-26T09:30:10.6167818+07:00" endTime="2026-05-26T09:30:11.7984308+07:00" testType="13cdc9d9-ddb5-4fa4-a97d-d965ccfc6d4b" outcome="Passed" testListId="8c84fa94-04c1-424b-9868-57a2d4851a1d" relativeResultsDirectory="8129f67f-fb13-4f07-95bc-dda4bf45232e" />
    <UnitTestResult executionId="02e70548-ffff-4dd3-8ae0-17d8cefb8487" testId="f497b503-da81-2210-d643-333d13a02281" testName="SupplyCoreERP.EntityFrameworkCore.Domains.Partner.SupplierManager_Integration_Tests.Should_Update_Product_Successfully" computerName="DESKTOP-6PAUN01" duration="00:00:01.0769543" startTime="2026-05-26T09:30:07.1720942+07:00" endTime="2026-05-26T09:30:08.2493353+07:00" testType="13cdc9d9-ddb5-4fa4-a97d-d965ccfc6d4b" outcome="Passed" testListId="8c84fa94-04c1-424b-9868-57a2d4851a1d" relativeResultsDirectory="02e70548-ffff-4dd3-8ae0-17d8cefb8487" />
    <UnitTestResult executionId="93ab6155-1348-4fc2-98c5-444173a61856" testId="26821025-0881-ef71-1f5b-2fd9b45396bd" testName="SupplyCoreERP.EntityFrameworkCore.Applications.Partner.CustomerAppService_Integration_Tests.Should_Update_Customer_Successfully" computerName="DESKTOP-6PAUN01" duration="00:00:04.7815409" startTime="2026-05-26T09:29:51.0954505+07:00" endTime="2026-05-26T09:29:55.8763748+07:00" testType="13cdc9d9-ddb5-4fa4-a97d-d965ccfc6d4b" outcome="Passed" testListId="8c84fa94-04c1-424b-9868-57a2d4851a1d" relativeResultsDirectory="93ab6155-1348-4fc2-98c5-444173a61856" />
    <UnitTestResult executionId="451e250e-5633-4601-b02a-83d9c77b64d0" testId="61edf948-3e9b-8166-ffe9-e6cadc836764" testName="SupplyCoreERP.EntityFrameworkCore.Domains.Partner.SupplierManager_Integration_Tests.Should_Add_Product_Successfully" computerName="DESKTOP-6PAUN01" duration="00:00:03.3055122" startTime="2026-05-26T09:29:55.3935406+07:00" endTime="2026-05-26T09:29:58.6991518+07:00" testType="13cdc9d9-ddb5-4fa4-a97d-d965ccfc6d4b" outcome="Passed" testListId="8c84fa94-04c1-424b-9868-57a2d4851a1d" relativeResultsDirectory="451e250e-5633-4601-b02a-83d9c77b64d0" />
    <UnitTestResult executionId="c55f5ae6-ef73-43c5-a7ca-ad990dcdae03" testId="dbad55bb-3d8f-872c-02d1-640c3bb9c662" testName="SupplyCoreERP.EntityFrameworkCore.Applications.Partner.CustomerAppService_Integration_Tests.Should_Create_Customer_With_Valid_DTO" computerName="DESKTOP-6PAUN01" duration="00:00:12.7745424" startTime="2026-05-26T09:29:38.3167362+07:00" endTime="2026-05-26T09:29:51.0948006+07:00" testType="13cdc9d9-ddb5-4fa4-a97d-d965ccfc6d4b" outcome="Passed" testListId="8c84fa94-04c1-424b-9868-57a2d4851a1d" relativeResultsDirectory="c55f5ae6-ef73-43c5-a7ca-ad990dcdae03" />
    <UnitTestResult executionId="0ee52209-079c-4aae-bffa-e8941f6c0c57" testId="6d333723-a848-e1ac-8eb2-da36ec6e664a" testName="SupplyCoreERP.EntityFrameworkCore.Domains.Partner.SupplierManager_Integration_Tests.Should_Toggle_Product_Active_Successfully" computerName="DESKTOP-6PAUN01" duration="00:00:01.6599367" startTime="2026-05-26T09:30:08.2496487+07:00" endTime="2026-05-26T09:30:09.9094598+07:00" testType="13cdc9d9-ddb5-4fa4-a97d-d965ccfc6d4b" outcome="Passed" testListId="8c84fa94-04c1-424b-9868-57a2d4851a1d" relativeResultsDirectory="0ee52209-079c-4aae-bffa-e8941f6c0c57" />
    <UnitTestResult executionId="92fc722d-834c-4a9c-8f0b-eab06618895c" testId="f113bb1b-82df-3d3a-f39a-8b006f2be945" testName="SupplyCoreERP.EntityFrameworkCore.Domains.Partner.CustomerManager_Integration_Tests.Should_Throw_Exception_When_Create_Customer_With_NonExistent_PriceList" computerName="DESKTOP-6PAUN01" duration="00:00:01.2566637" startTime="2026-05-26T09:30:03.3759082+07:00" endTime="2026-05-26T09:30:04.6335040+07:00" testType="13cdc9d9-ddb5-4fa4-a97d-d965ccfc6d4b" outcome="Passed" testListId="8c84fa94-04c1-424b-9868-57a2d4851a1d" relativeResultsDirectory="92fc722d-834c-4a9c-8f0b-eab06618895c" />
    <UnitTestResult executionId="8f7b97a2-2eb2-4b1d-a945-4ebfc0a21f46" testId="b363e255-9d79-c0ae-16b7-cb2a036f3c60" testName="SupplyCoreERP.EntityFrameworkCore.Applications.Catalog.MedicineAppService_Integration_Tests.Should_Manage_Units_Via_AppService_Successfully" computerName="DESKTOP-6PAUN01" duration="00:00:01.7113166" startTime="2026-05-26T09:30:08.9054756+07:00" endTime="2026-05-26T09:30:10.6163999+07:00" testType="13cdc9d9-ddb5-4fa4-a97d-d965ccfc6d4b" outcome="Passed" testListId="8c84fa94-04c1-424b-9868-57a2d4851a1d" relativeResultsDirectory="8f7b97a2-2eb2-4b1d-a945-4ebfc0a21f46" />
    <UnitTestResult executionId="6b305333-412c-42dd-8c33-542565d35a15" testId="2deaafa8-2474-f508-111c-af34f75d313b" testName="SupplyCoreERP.EntityFrameworkCore.Domains.Catalog.MedicineManager_Integration_Tests.Should_Remove_Unit_Successfully" computerName="DESKTOP-6PAUN01" duration="00:00:01.9038088" startTime="2026-05-26T09:30:00.1797888+07:00" endTime="2026-05-26T09:30:02.0836636+07:00" testType="13cdc9d9-ddb5-4fa4-a97d-d965ccfc6d4b" outcome="Passed" testListId="8c84fa94-04c1-424b-9868-57a2d4851a1d" relativeResultsDirectory="6b305333-412c-42dd-8c33-542565d35a15" />
    <UnitTestResult executionId="5b016430-bcf6-4f12-a186-0a43e753d3f8" testId="7fcbfb60-984d-40a8-40ee-274916662086" testName="SupplyCoreERP.EntityFrameworkCore.Domains.Partner.CustomerManager_Integration_Tests.Should_Create_Customer_And_Generate_Customer_Code" computerName="DESKTOP-6PAUN01" duration="00:00:01.2919867" startTime="2026-05-26T09:30:04.6338592+07:00" endTime="2026-05-26T09:30:05.9262969+07:00" testType="13cdc9d9-ddb5-4fa4-a97d-d965ccfc6d4b" outcome="Passed" testListId="8c84fa94-04c1-424b-9868-57a2d4851a1d" relativeResultsDirectory="5b016430-bcf6-4f12-a186-0a43e753d3f8" />
    <UnitTestResult executionId="eb4c46e1-f93e-4a86-9d88-72575bd0b2b4" testId="abdc738b-4e9b-cda9-78c5-d3f5a7c134e9" testName="SupplyCoreERP.EntityFrameworkCore.Applications.Catalog.MedicineAppService_Integration_Tests.Should_Create_Medicine_When_Input_Is_Valid" computerName="DESKTOP-6PAUN01" duration="00:00:01.0769698" startTime="2026-05-26T09:30:11.7990271+07:00" endTime="2026-05-26T09:30:12.8760102+07:00" testType="13cdc9d9-ddb5-4fa4-a97d-d965ccfc6d4b" outcome="Passed" testListId="8c84fa94-04c1-424b-9868-57a2d4851a1d" relativeResultsDirectory="eb4c46e1-f93e-4a86-9d88-72575bd0b2b4" />
    <UnitTestResult executionId="5abd9700-a7c9-4dec-a292-83d75222ec4d" testId="c2505f0f-3bc3-1ada-548d-7ef0e2d27a19" testName="SupplyCoreERP.EntityFrameworkCore.Domains.Catalog.MedicineManager_Integration_Tests.Should_Create_Medicine_When_Parameters_Are_Valid" computerName="DESKTOP-6PAUN01" duration="00:00:03.3206763" startTime="2026-05-26T09:29:55.3302904+07:00" endTime="2026-05-26T09:29:58.6508873+07:00" testType="13cdc9d9-ddb5-4fa4-a97d-d965ccfc6d4b" outcome="Passed" testListId="8c84fa94-04c1-424b-9868-57a2d4851a1d" relativeResultsDirectory="5abd9700-a7c9-4dec-a292-83d75222ec4d" />
    <UnitTestResult executionId="63bf46dd-c969-4781-8f2e-5278eeb1a952" testId="78e18cf1-d3c8-3572-804b-e25f35d0b84d" testName="SupplyCoreERP.EntityFrameworkCore.Domains.Catalog.ProductManager_Integration_Tests.Should_Return_False_When_Product_Has_No_Transactions" computerName="DESKTOP-6PAUN01" duration="00:00:12.5304869" startTime="2026-05-26T09:29:38.3167499+07:00" endTime="2026-05-26T09:29:50.8506900+07:00" testType="13cdc9d9-ddb5-4fa4-a97d-d965ccfc6d4b" outcome="Passed" testListId="8c84fa94-04c1-424b-9868-57a2d4851a1d" relativeResultsDirectory="63bf46dd-c969-4781-8f2e-5278eeb1a952" />
    <UnitTestResult executionId="f42f66ca-15bd-4b3d-b262-0a97b8b3c489" testId="b55d9d28-91e5-4bb6-2963-6ec22b515814" testName="SupplyCoreERP.EntityFrameworkCore.Applications.Partner.SupplierAppService_Integration_Tests.Should_Get_List_Of_Suppliers" computerName="DESKTOP-6PAUN01" duration="00:00:04.8868532" startTime="2026-05-26T09:29:51.0953721+07:00" endTime="2026-05-26T09:29:55.9818593+07:00" testType="13cdc9d9-ddb5-4fa4-a97d-d965ccfc6d4b" outcome="Passed" testListId="8c84fa94-04c1-424b-9868-57a2d4851a1d" relativeResultsDirectory="f42f66ca-15bd-4b3d-b262-0a97b8b3c489" />
    <UnitTestResult executionId="996212ae-66e9-49af-824c-905f0337237e" testId="7ff9c148-3d3d-d389-ffcd-d13c7f227024" testName="SupplyCoreERP.EntityFrameworkCore.Applications.Partner.SupplierAppService_Integration_Tests.Should_Create_Supplier_With_Valid_DTO" computerName="DESKTOP-6PAUN01" duration="00:00:02.8690913" startTime="2026-05-26T09:29:55.9823850+07:00" endTime="2026-05-26T09:29:58.8511970+07:00" testType="13cdc9d9-ddb5-4fa4-a97d-d965ccfc6d4b" outcome="Passed" testListId="8c84fa94-04c1-424b-9868-57a2d4851a1d" relativeResultsDirectory="996212ae-66e9-49af-824c-905f0337237e" />
    <UnitTestResult executionId="3746410d-8c2b-4e75-82fc-e3f13bcbb2d4" testId="9b32ee3d-972d-571e-b40d-dc94a43ed47d" testName="SupplyCoreERP.EntityFrameworkCore.Applications.Catalog.MedicineAppService_Integration_Tests.Should_Approve_Pending_Medicine" computerName="DESKTOP-6PAUN01" duration="00:00:01.3952166" startTime="2026-05-26T09:30:02.4819201+07:00" endTime="2026-05-26T09:30:03.8770274+07:00" testType="13cdc9d9-ddb5-4fa4-a97d-d965ccfc6d4b" outcome="Passed" testListId="8c84fa94-04c1-424b-9868-57a2d4851a1d" relativeResultsDirectory="3746410d-8c2b-4e75-82fc-e3f13bcbb2d4" />
    <UnitTestResult executionId="270b1a96-201a-4a40-90a4-2327c0858922" testId="de352c43-0fc1-7130-2127-c7506bbc76bf" testName="SupplyCoreERP.EntityFrameworkCore.Applications.Catalog.MedicineAppService_Integration_Tests.Should_Get_Medicine_Summary_Successfully" computerName="DESKTOP-6PAUN01" duration="00:00:02.5271304" startTime="2026-05-26T09:29:56.4206526+07:00" endTime="2026-05-26T09:29:58.9476276+07:00" testType="13cdc9d9-ddb5-4fa4-a97d-d965ccfc6d4b" outcome="Passed" testListId="8c84fa94-04c1-424b-9868-57a2d4851a1d" relativeResultsDirectory="270b1a96-201a-4a40-90a4-2327c0858922" />
    <UnitTestResult executionId="43b213d5-35e8-4217-8601-5b3a6c6acc49" testId="78b9a0bc-7f98-e35d-62b2-4e03e0d3ee20" testName="SupplyCoreERP.EntityFrameworkCore.Domains.Partner.CustomerManager_Integration_Tests.Should_Throw_BusinessException_When_Phone_Number_Already_Exists" computerName="DESKTOP-6PAUN01" duration="00:00:04.1481474" startTime="2026-05-26T09:29:50.5447079+07:00" endTime="2026-05-26T09:29:54.6734707+07:00" testType="13cdc9d9-ddb5-4fa4-a97d-d965ccfc6d4b" outcome="Passed" testListId="8c84fa94-04c1-424b-9868-57a2d4851a1d" relativeResultsDirectory="43b213d5-35e8-4217-8601-5b3a6c6acc49" />
    <UnitTestResult executionId="b4275e08-b56a-434a-8f53-d75a377d6d8b" testId="c27ff31d-bc49-545a-6f7a-496ad11f7f81" testName="SupplyCoreERP.EntityFrameworkCore.Domains.Catalog.MedicineManager_Integration_Tests.Should_Update_Medicine_Successfully" computerName="DESKTOP-6PAUN01" duration="00:00:12.5329126" startTime="2026-05-26T09:29:38.3167769+07:00" endTime="2026-05-26T09:29:50.8529552+07:00" testType="13cdc9d9-ddb5-4fa4-a97d-d965ccfc6d4b" outcome="Passed" testListId="8c84fa94-04c1-424b-9868-57a2d4851a1d" relativeResultsDirectory="b4275e08-b56a-434a-8f53-d75a377d6d8b" />
    <UnitTestResult executionId="0bfd9a9c-27a8-4949-9241-5699d5684e16" testId="f2d38a96-6a30-66a4-119b-925ba50eb447" testName="SupplyCoreERP.EntityFrameworkCore.Domains.Catalog.MedicineManager_Integration_Tests.Should_Approve_Pending_Medicine_Successfully" computerName="DESKTOP-6PAUN01" duration="00:00:04.4767556" startTime="2026-05-26T09:29:50.8558794+07:00" endTime="2026-05-26T09:29:55.3299183+07:00" testType="13cdc9d9-ddb5-4fa4-a97d-d965ccfc6d4b" outcome="Passed" testListId="8c84fa94-04c1-424b-9868-57a2d4851a1d" relativeResultsDirectory="0bfd9a9c-27a8-4949-9241-5699d5684e16" />
    <UnitTestResult executionId="011d500e-4322-4fb7-8d69-c9d5e9adfc30" testId="e4748458-acbe-877e-fdc2-b5cde91a2c69" testName="SupplyCoreERP.EntityFrameworkCore.Applications.Catalog.MedicineAppService_Integration_Tests.Should_Reject_Pending_Medicine_Successfully" computerName="DESKTOP-6PAUN01" duration="00:00:02.0469759" startTime="2026-05-26T09:30:00.4348167+07:00" endTime="2026-05-26T09:30:02.4815685+07:00" testType="13cdc9d9-ddb5-4fa4-a97d-d965ccfc6d4b" outcome="Passed" testListId="8c84fa94-04c1-424b-9868-57a2d4851a1d" relativeResultsDirectory="011d500e-4322-4fb7-8d69-c9d5e9adfc30" />
    <UnitTestResult executionId="c1916bff-c13c-468a-8175-c9d6e5e1a1c9" testId="53d3be7b-1c40-598a-bda4-ba5728bcbb73" testName="SupplyCoreERP.EntityFrameworkCore.Applications.Catalog.MedicineAppService_Integration_Tests.Should_Delete_Medicine_Successfully" computerName="DESKTOP-6PAUN01" duration="00:00:01.1954554" startTime="2026-05-26T09:30:07.7079275+07:00" endTime="2026-05-26T09:30:08.9047517+07:00" testType="13cdc9d9-ddb5-4fa4-a97d-d965ccfc6d4b" outcome="Passed" testListId="8c84fa94-04c1-424b-9868-57a2d4851a1d" relativeResultsDirectory="c1916bff-c13c-468a-8175-c9d6e5e1a1c9" />
    <UnitTestResult executionId="6123da67-9289-4b7a-a6a1-e9104528887a" testId="b08c9717-a5d8-89b6-35c4-0be41258f2ad" testName="SupplyCoreERP.EntityFrameworkCore.Applications.Catalog.MedicineAppService_Integration_Tests.Should_Manage_Registrations_Via_AppService_Successfully" computerName="DESKTOP-6PAUN01" duration="00:00:01.1228943" startTime="2026-05-26T09:30:06.5846708+07:00" endTime="2026-05-26T09:30:07.7074347+07:00" testType="13cdc9d9-ddb5-4fa4-a97d-d965ccfc6d4b" outcome="Passed" testListId="8c84fa94-04c1-424b-9868-57a2d4851a1d" relativeResultsDirectory="6123da67-9289-4b7a-a6a1-e9104528887a" />
    <UnitTestResult executionId="e3ecda8b-9de2-4aba-97b6-99aaa0c537ff" testId="ffaca975-417b-1eba-1111-56a1cec11315" testName="SupplyCoreERP.EntityFrameworkCore.Applications.Catalog.MedicineAppService_Integration_Tests.Should_Get_Medicine_Detail_Successfully" computerName="DESKTOP-6PAUN01" duration="00:00:01.4865573" startTime="2026-05-26T09:29:58.9490731+07:00" endTime="2026-05-26T09:30:00.4343964+07:00" testType="13cdc9d9-ddb5-4fa4-a97d-d965ccfc6d4b" outcome="Passed" testListId="8c84fa94-04c1-424b-9868-57a2d4851a1d" relativeResultsDirectory="e3ecda8b-9de2-4aba-97b6-99aaa0c537ff" />
    <UnitTestResult executionId="b708f35d-e929-4119-b484-97295b30b102" testId="51b0dcad-856d-cf6f-928c-55ef7f711fd9" testName="SupplyCoreERP.EntityFrameworkCore.Domains.Catalog.MedicineManager_Integration_Tests.Should_Reject_Pending_Medicine_Successfully" computerName="DESKTOP-6PAUN01" duration="00:00:01.2741564" startTime="2026-05-26T09:30:04.7815435+07:00" endTime="2026-05-26T09:30:06.0556763+07:00" testType="13cdc9d9-ddb5-4fa4-a97d-d965ccfc6d4b" outcome="Passed" testListId="8c84fa94-04c1-424b-9868-57a2d4851a1d" relativeResultsDirectory="b708f35d-e929-4119-b484-97295b30b102" />
    <UnitTestResult executionId="a6b1ab7d-1a24-4aaa-bda2-35ed6692cb93" testId="ddd085d6-eb32-def3-3e8c-addd93f75b93" testName="SupplyCoreERP.EntityFrameworkCore.Domains.Catalog.MedicineManager_Integration_Tests.Should_Remove_Ingredient_Successfully" computerName="DESKTOP-6PAUN01" duration="00:00:01.3701182" startTime="2026-05-26T09:30:02.0840728+07:00" endTime="2026-05-26T09:30:03.4543804+07:00" testType="13cdc9d9-ddb5-4fa4-a97d-d965ccfc6d4b" outcome="Passed" testListId="8c84fa94-04c1-424b-9868-57a2d4851a1d" relativeResultsDirectory="a6b1ab7d-1a24-4aaa-bda2-35ed6692cb93" />
    <UnitTestResult executionId="0c52627f-193b-4acb-b0c1-c0d431c1864c" testId="afe5ce52-2f65-fe9f-0d2d-eddd89d96828" testName="SupplyCoreERP.EntityFrameworkCore.Domains.Partner.CustomerManager_Integration_Tests.Should_CheckCodeAndName_Throw_BusinessException_When_Name_Exists" computerName="DESKTOP-6PAUN01" duration="00:00:12.1885761" startTime="2026-05-26T09:29:38.3166729+07:00" endTime="2026-05-26T09:29:50.5248433+07:00" testType="13cdc9d9-ddb5-4fa4-a97d-d965ccfc6d4b" outcome="Passed" testListId="8c84fa94-04c1-424b-9868-57a2d4851a1d" relativeResultsDirectory="0c52627f-193b-4acb-b0c1-c0d431c1864c" />
    <UnitTestResult executionId="015a0e3a-a4e3-4b47-ad30-a4cc53820fa0" testId="08a902df-b025-e47a-458b-4fdbbf6b469a" testName="SupplyCoreERP.EntityFrameworkCore.Domains.Partner.SupplierManager_Integration_Tests.Should_Throw_BusinessException_When_Code_Or_Name_Exists" computerName="DESKTOP-6PAUN01" duration="00:00:01.3769723" startTime="2026-05-26T09:30:02.0764241+07:00" endTime="2026-05-26T09:30:03.4534620+07:00" testType="13cdc9d9-ddb5-4fa4-a97d-d965ccfc6d4b" outcome="Passed" testListId="8c84fa94-04c1-424b-9868-57a2d4851a1d" relativeResultsDirectory="015a0e3a-a4e3-4b47-ad30-a4cc53820fa0" />
    <UnitTestResult executionId="3b8c6464-ead7-4aaf-b118-9bf30103b28a" testId="0db6a273-9eea-860d-6a8f-4a407369d28b" testName="SupplyCoreERP.EntityFrameworkCore.Domains.Partner.CustomerManager_Integration_Tests.Should_Throw_BusinessException_When_Deleting_Customer_With_Outstanding_Debt" computerName="DESKTOP-6PAUN01" duration="00:00:01.4933093" startTime="2026-05-26T09:29:58.5239719+07:00" endTime="2026-05-26T09:30:00.0167362+07:00" testType="13cdc9d9-ddb5-4fa4-a97d-d965ccfc6d4b" outcome="Passed" testListId="8c84fa94-04c1-424b-9868-57a2d4851a1d" relativeResultsDirectory="3b8c6464-ead7-4aaf-b118-9bf30103b28a" />
    <UnitTestResult executionId="3f807d51-1676-40df-abdf-6ae4b5a12319" testId="e4585544-0b95-e18c-da64-5f6290174862" testName="SupplyCoreERP.EntityFrameworkCore.Domains.Partner.CustomerManager_Integration_Tests.Should_Delete_Customer_Successfully" computerName="DESKTOP-6PAUN01" duration="00:00:01.9788577" startTime="2026-05-26T09:30:00.0171562+07:00" endTime="2026-05-26T09:30:01.9960512+07:00" testType="13cdc9d9-ddb5-4fa4-a97d-d965ccfc6d4b" outcome="Passed" testListId="8c84fa94-04c1-424b-9868-57a2d4851a1d" relativeResultsDirectory="3f807d51-1676-40df-abdf-6ae4b5a12319" />
    <UnitTestResult executionId="2018401d-00d1-42c6-a06d-095b0c1dc9f3" testId="7c717e14-98b5-1f78-04a6-6129b875603a" testName="SupplyCoreERP.EntityFrameworkCore.Applications.Partner.SupplierAppService_Integration_Tests.Should_Update_Supplier_Successfully" computerName="DESKTOP-6PAUN01" duration="00:00:12.7746397" startTime="2026-05-26T09:29:38.3151711+07:00" endTime="2026-05-26T09:29:51.0946343+07:00" testType="13cdc9d9-ddb5-4fa4-a97d-d965ccfc6d4b" outcome="Passed" testListId="8c84fa94-04c1-424b-9868-57a2d4851a1d" relativeResultsDirectory="2018401d-00d1-42c6-a06d-095b0c1dc9f3" />
    <UnitTestResult executionId="54fd38c5-b44c-4aca-99aa-06e14e382983" testId="50942155-51cf-f6cc-9df7-fa07243c50b7" testName="SupplyCoreERP.EntityFrameworkCore.Applications.Catalog.MedicineAppService_Integration_Tests.Should_Manage_Ingredients_Via_AppService_Successfully" computerName="DESKTOP-6PAUN01" duration="00:00:13.0500491" startTime="2026-05-26T09:29:38.3167636+07:00" endTime="2026-05-26T09:29:51.3701855+07:00" testType="13cdc9d9-ddb5-4fa4-a97d-d965ccfc6d4b" outcome="Passed" testListId="8c84fa94-04c1-424b-9868-57a2d4851a1d" relativeResultsDirectory="54fd38c5-b44c-4aca-99aa-06e14e382983" />
    <UnitTestResult executionId="1f155269-e5ce-4bac-ab20-f16660335f31" testId="f479a3b3-33b7-de8f-4541-e8a8d0481884" testName="SupplyCoreERP.EntityFrameworkCore.Domains.Partner.SupplierManager_Integration_Tests.Should_Throw_Exception_When_AddProduct_With_NonExistent_Unit" computerName="DESKTOP-6PAUN01" duration="00:00:01.0310879" startTime="2026-05-26T09:30:10.8774945+07:00" endTime="2026-05-26T09:30:11.9086093+07:00" testType="13cdc9d9-ddb5-4fa4-a97d-d965ccfc6d4b" outcome="Passed" testListId="8c84fa94-04c1-424b-9868-57a2d4851a1d" relativeResultsDirectory="1f155269-e5ce-4bac-ab20-f16660335f31" />
    <UnitTestResult executionId="21cb41d4-19b0-42b0-a45f-bb31c8f26ecf" testId="fab5414e-6d6a-2b0a-208f-8132d8f8bb9e" testName="SupplyCoreERP.EntityFrameworkCore.Domains.Partner.SupplierManager_Integration_Tests.Should_Create_Supplier_And_Generate_Supplier_Code" computerName="DESKTOP-6PAUN01" duration="00:00:01.2563937" startTime="2026-05-26T09:30:04.8031365+07:00" endTime="2026-05-26T09:30:06.0593300+07:00" testType="13cdc9d9-ddb5-4fa4-a97d-d965ccfc6d4b" outcome="Passed" testListId="8c84fa94-04c1-424b-9868-57a2d4851a1d" relativeResultsDirectory="21cb41d4-19b0-42b0-a45f-bb31c8f26ecf" />
    <UnitTestResult executionId="3351e57b-ff94-468f-a041-9dcbfb0e6f6e" testId="daae6f6e-d4b0-ec96-d1c6-3ba0f7b5c421" testName="SupplyCoreERP.EntityFrameworkCore.Applications.Catalog.MedicineAppService_Integration_Tests.Should_Update_Medicine_When_Input_Is_Valid" computerName="DESKTOP-6PAUN01" duration="00:00:05.0499819" startTime="2026-05-26T09:29:51.3717241+07:00" endTime="2026-05-26T09:29:56.4202983+07:00" testType="13cdc9d9-ddb5-4fa4-a97d-d965ccfc6d4b" outcome="Passed" testListId="8c84fa94-04c1-424b-9868-57a2d4851a1d" relativeResultsDirectory="3351e57b-ff94-468f-a041-9dcbfb0e6f6e" />
    <UnitTestResult executionId="7eb53259-3113-4f2d-88d2-35763f9e2feb" testId="8ecbb036-c7fc-6a77-f37d-2a489dca034c" testName="SupplyCoreERP.EntityFrameworkCore.Applications.Partner.CustomerAppService_Integration_Tests.Should_Get_List_Of_Customers" computerName="DESKTOP-6PAUN01" duration="00:00:03.0401739" startTime="2026-05-26T09:29:55.8769729+07:00" endTime="2026-05-26T09:29:58.9168964+07:00" testType="13cdc9d9-ddb5-4fa4-a97d-d965ccfc6d4b" outcome="Passed" testListId="8c84fa94-04c1-424b-9868-57a2d4851a1d" relativeResultsDirectory="7eb53259-3113-4f2d-88d2-35763f9e2feb" />
    <UnitTestResult executionId="53746e9c-d09d-42d7-b15f-f5341c863870" testId="c69e4d43-2f74-8b04-080f-291862bceb82" testName="SupplyCoreERP.EntityFrameworkCore.Domains.Partner.SupplierManager_Integration_Tests.Should_CheckCodeAndName_Throw_BusinessException_When_Name_Exists" computerName="DESKTOP-6PAUN01" duration="00:00:04.5117734" startTime="2026-05-26T09:29:50.8826248+07:00" endTime="2026-05-26T09:29:55.3931746+07:00" testType="13cdc9d9-ddb5-4fa4-a97d-d965ccfc6d4b" outcome="Passed" testListId="8c84fa94-04c1-424b-9868-57a2d4851a1d" relativeResultsDirectory="53746e9c-d09d-42d7-b15f-f5341c863870" />
    <UnitTestResult executionId="1c75794f-f1d9-4733-9b79-eb08405109fb" testId="a09a3b5e-2df1-8a73-a6d1-090d6c3a4274" testName="SupplyCoreERP.EntityFrameworkCore.Domains.Catalog.MedicineManager_Integration_Tests.Should_Add_Unit_Successfully" computerName="DESKTOP-6PAUN01" duration="00:00:01.6385043" startTime="2026-05-26T09:30:08.2752679+07:00" endTime="2026-05-26T09:30:09.9136926+07:00" testType="13cdc9d9-ddb5-4fa4-a97d-d965ccfc6d4b" outcome="Passed" testListId="8c84fa94-04c1-424b-9868-57a2d4851a1d" relativeResultsDirectory="1c75794f-f1d9-4733-9b79-eb08405109fb" />
    <UnitTestResult executionId="a96da2e7-8549-4a56-ad67-b17ff5a471f1" testId="b462330f-b770-62c1-3e69-9b25122d713c" testName="SupplyCoreERP.EntityFrameworkCore.Domains.Partner.SupplierManager_Integration_Tests.Should_Throw_Exception_When_Adding_NonExistent_Product" computerName="DESKTOP-6PAUN01" duration="00:00:01.1121070" startTime="2026-05-26T09:30:06.0596190+07:00" endTime="2026-05-26T09:30:07.1716277+07:00" testType="13cdc9d9-ddb5-4fa4-a97d-d965ccfc6d4b" outcome="Passed" testListId="8c84fa94-04c1-424b-9868-57a2d4851a1d" relativeResultsDirectory="a96da2e7-8549-4a56-ad67-b17ff5a471f1" />
    <UnitTestResult executionId="7b127b27-b754-4837-972a-87ab8142d18b" testId="e9c9b9a9-d963-effc-90ca-11b27fbb5294" testName="SupplyCoreERP.EntityFrameworkCore.Applications.Catalog.MedicineAppService_Integration_Tests.Should_Toggle_Active_Medicine_Successfully" computerName="DESKTOP-6PAUN01" duration="00:00:01.2396821" startTime="2026-05-26T09:30:05.3446878+07:00" endTime="2026-05-26T09:30:06.5843079+07:00" testType="13cdc9d9-ddb5-4fa4-a97d-d965ccfc6d4b" outcome="Passed" testListId="8c84fa94-04c1-424b-9868-57a2d4851a1d" relativeResultsDirectory="7b127b27-b754-4837-972a-87ab8142d18b" />
    <UnitTestResult executionId="3c7a4150-d69a-443d-b6be-d1954071792a" testId="0fd09461-24ae-1dba-47e6-956d6b2e33e3" testName="SupplyCoreERP.EntityFrameworkCore.Domains.Catalog.MedicineManager_Integration_Tests.Should_Add_Ingredient_Successfully" computerName="DESKTOP-6PAUN01" duration="00:00:01.0635727" startTime="2026-05-26T09:30:07.2113805+07:00" endTime="2026-05-26T09:30:08.2749411+07:00" testType="13cdc9d9-ddb5-4fa4-a97d-d965ccfc6d4b" outcome="Passed" testListId="8c84fa94-04c1-424b-9868-57a2d4851a1d" relativeResultsDirectory="3c7a4150-d69a-443d-b6be-d1954071792a" />
    <UnitTestResult executionId="663e824f-fdf2-40fa-b79a-4e2c6b63d288" testId="c3799e66-f52d-d9e1-6026-3a0705a2947c" testName="SupplyCoreERP.EntityFrameworkCore.Applications.Catalog.MedicineAppService_Integration_Tests.Should_Throw_EntityNotFoundException_When_Get_NonExistent_Medicine" computerName="DESKTOP-6PAUN01" duration="00:00:01.4668730" startTime="2026-05-26T09:30:03.8773724+07:00" endTime="2026-05-26T09:30:05.3443817+07:00" testType="13cdc9d9-ddb5-4fa4-a97d-d965ccfc6d4b" outcome="Passed" testListId="8c84fa94-04c1-424b-9868-57a2d4851a1d" relativeResultsDirectory="663e824f-fdf2-40fa-b79a-4e2c6b63d288" />
    <UnitTestResult executionId="9c48f10a-9411-48ac-9b55-37f17330b206" testId="12d55d8f-efd5-07ee-c256-8c621072b656" testName="SupplyCoreERP.EntityFrameworkCore.Domains.Partner.SupplierManager_Integration_Tests.Should_Delete_Supplier_Successfully" computerName="DESKTOP-6PAUN01" duration="00:00:01.3491578" startTime="2026-05-26T09:30:03.4538512+07:00" endTime="2026-05-26T09:30:04.8028113+07:00" testType="13cdc9d9-ddb5-4fa4-a97d-d965ccfc6d4b" outcome="Passed" testListId="8c84fa94-04c1-424b-9868-57a2d4851a1d" relativeResultsDirectory="9c48f10a-9411-48ac-9b55-37f17330b206" />
    <UnitTestResult executionId="605073f4-f2d1-4466-b5a9-2339f7b566f0" testId="d81b8a1d-9378-03b2-734d-9162bdabeead" testName="SupplyCoreERP.EntityFrameworkCore.Domains.Partner.SupplierManager_Integration_Tests.Should_Throw_Exception_When_AddProduct_With_Unavailable_Product" computerName="DESKTOP-6PAUN01" duration="00:00:01.4689137" startTime="2026-05-26T09:29:58.6999422+07:00" endTime="2026-05-26T09:30:00.1760450+07:00" testType="13cdc9d9-ddb5-4fa4-a97d-d965ccfc6d4b" outcome="Passed" testListId="8c84fa94-04c1-424b-9868-57a2d4851a1d" relativeResultsDirectory="605073f4-f2d1-4466-b5a9-2339f7b566f0" />
    <UnitTestResult executionId="84d10a19-5540-4d1e-be14-62f69a7569df" testId="882ac28c-e80b-5a3b-5182-115dc7991c1f" testName="SupplyCoreERP.EntityFrameworkCore.Domains.Catalog.MedicineManager_Integration_Tests.Should_Throw_BusinessException_When_Approve_Non_Pending_Medicine" computerName="DESKTOP-6PAUN01" duration="00:00:01.5168671" startTime="2026-05-26T09:29:58.6512911+07:00" endTime="2026-05-26T09:30:00.1759405+07:00" testType="13cdc9d9-ddb5-4fa4-a97d-d965ccfc6d4b" outcome="Passed" testListId="8c84fa94-04c1-424b-9868-57a2d4851a1d" relativeResultsDirectory="84d10a19-5540-4d1e-be14-62f69a7569df" />
    <UnitTestResult executionId="b297c66f-795d-4929-a4a4-0ebd7068fb81" testId="45fd0785-0e20-69e9-9613-4a5e236c0d3d" testName="SupplyCoreERP.EntityFrameworkCore.Domains.Partner.CustomerManager_Integration_Tests.Should_CheckCodeAndName_Throw_BusinessException_When_Code_Exists" computerName="DESKTOP-6PAUN01" duration="00:00:01.3793442" startTime="2026-05-26T09:30:01.9968311+07:00" endTime="2026-05-26T09:30:03.3755665+07:00" testType="13cdc9d9-ddb5-4fa4-a97d-d965ccfc6d4b" outcome="Passed" testListId="8c84fa94-04c1-424b-9868-57a2d4851a1d" relativeResultsDirectory="b297c66f-795d-4929-a4a4-0ebd7068fb81" />
    <UnitTestResult executionId="518d32c4-4959-44a8-852d-7797745c22bb" testId="ec0e05c6-5427-584f-f1c9-2642f04c8043" testName="SupplyCoreERP.EntityFrameworkCore.Domains.Catalog.MedicineManager_Integration_Tests.Should_Throw_BusinessException_When_Create_Duplicate_Code" computerName="DESKTOP-6PAUN01" duration="00:00:01.3259824" startTime="2026-05-26T09:30:03.4584496+07:00" endTime="2026-05-26T09:30:04.7811675+07:00" testType="13cdc9d9-ddb5-4fa4-a97d-d965ccfc6d4b" outcome="Passed" testListId="8c84fa94-04c1-424b-9868-57a2d4851a1d" relativeResultsDirectory="518d32c4-4959-44a8-852d-7797745c22bb" />
    <UnitTestResult executionId="77017f47-506a-49ca-8d42-fb1e766e1e40" testId="35ed76f8-21cf-f5f8-77d6-88d4cf946d09" testName="SupplyCoreERP.EntityFrameworkCore.Domains.Catalog.MedicineManager_Integration_Tests.Should_Update_Unit_Successfully" computerName="DESKTOP-6PAUN01" duration="00:00:01.1550824" startTime="2026-05-26T09:30:06.0560045+07:00" endTime="2026-05-26T09:30:07.2110652+07:00" testType="13cdc9d9-ddb5-4fa4-a97d-d965ccfc6d4b" outcome="Passed" testListId="8c84fa94-04c1-424b-9868-57a2d4851a1d" relativeResultsDirectory="77017f47-506a-49ca-8d42-fb1e766e1e40" />
    <UnitTestResult executionId="ae003940-de20-40e1-9cfd-3b16055d3c38" testId="57d48ee6-cef1-f85c-4a73-08038f0c5847" testName="SupplyCoreERP.EntityFrameworkCore.Domains.Partner.CustomerManager_Integration_Tests.Should_Update_Customer_Successfully" computerName="DESKTOP-6PAUN01" duration="00:00:03.8490747" startTime="2026-05-26T09:29:54.6744255+07:00" endTime="2026-05-26T09:29:58.5230760+07:00" testType="13cdc9d9-ddb5-4fa4-a97d-d965ccfc6d4b" outcome="Passed" testListId="8c84fa94-04c1-424b-9868-57a2d4851a1d" relativeResultsDirectory="ae003940-de20-40e1-9cfd-3b16055d3c38" />
  </Results>
  <TestDefinitions>
    <UnitTest name="SupplyCoreERP.EntityFrameworkCore.Applications.Catalog.MedicineAppService_Integration_Tests.Should_Approve_Pending_Medicine" storage="d:\projectowner\supplycoreerp\test\supplycoreerp.entityframeworkcore.tests\bin\debug\net10.0\supplycoreerp.entityframeworkcore.tests.dll" id="9b32ee3d-972d-571e-b40d-dc94a43ed47d">
      <Execution id="3746410d-8c2b-4e75-82fc-e3f13bcbb2d4" />
      <TestMethod codeBase="D:\ProjectOwner\SupplyCoreERP\test\SupplyCoreERP.EntityFrameworkCore.Tests\bin\Debug\net10.0\SupplyCoreERP.EntityFrameworkCore.Tests.dll" adapterTypeName="executor://xunit/VsTestRunner3/netcore/" className="SupplyCoreERP.EntityFrameworkCore.Applications.Catalog.MedicineAppService_Integration_Tests" name="Should_Approve_Pending_Medicine" />
    </UnitTest>
    <UnitTest name="SupplyCoreERP.EntityFrameworkCore.Applications.Partner.SupplierAppService_Integration_Tests.Should_Get_List_Of_Suppliers" storage="d:\projectowner\supplycoreerp\test\supplycoreerp.entityframeworkcore.tests\bin\debug\net10.0\supplycoreerp.entityframeworkcore.tests.dll" id="b55d9d28-91e5-4bb6-2963-6ec22b515814">
      <Execution id="f42f66ca-15bd-4b3d-b262-0a97b8b3c489" />
      <TestMethod codeBase="D:\ProjectOwner\SupplyCoreERP\test\SupplyCoreERP.EntityFrameworkCore.Tests\bin\Debug\net10.0\SupplyCoreERP.EntityFrameworkCore.Tests.dll" adapterTypeName="executor://xunit/VsTestRunner3/netcore/" className="SupplyCoreERP.EntityFrameworkCore.Applications.Partner.SupplierAppService_Integration_Tests" name="Should_Get_List_Of_Suppliers" />
    </UnitTest>
    <UnitTest name="SupplyCoreERP.EntityFrameworkCore.Applications.Catalog.MedicineAppService_Integration_Tests.Should_Update_Medicine_When_Input_Is_Valid" storage="d:\projectowner\supplycoreerp\test\supplycoreerp.entityframeworkcore.tests\bin\debug\net10.0\supplycoreerp.entityframeworkcore.tests.dll" id="daae6f6e-d4b0-ec96-d1c6-3ba0f7b5c421">
      <Execution id="3351e57b-ff94-468f-a041-9dcbfb0e6f6e" />
      <TestMethod codeBase="D:\ProjectOwner\SupplyCoreERP\test\SupplyCoreERP.EntityFrameworkCore.Tests\bin\Debug\net10.0\SupplyCoreERP.EntityFrameworkCore.Tests.dll" adapterTypeName="executor://xunit/VsTestRunner3/netcore/" className="SupplyCoreERP.EntityFrameworkCore.Applications.Catalog.MedicineAppService_Integration_Tests" name="Should_Update_Medicine_When_Input_Is_Valid" />
    </UnitTest>
    <UnitTest name="SupplyCoreERP.EntityFrameworkCore.Applications.Catalog.MedicineAppService_Integration_Tests.Should_Manage_Ingredients_Via_AppService_Successfully" storage="d:\projectowner\supplycoreerp\test\supplycoreerp.entityframeworkcore.tests\bin\debug\net10.0\supplycoreerp.entityframeworkcore.tests.dll" id="50942155-51cf-f6cc-9df7-fa07243c50b7">
      <Execution id="54fd38c5-b44c-4aca-99aa-06e14e382983" />
      <TestMethod codeBase="D:\ProjectOwner\SupplyCoreERP\test\SupplyCoreERP.EntityFrameworkCore.Tests\bin\Debug\net10.0\SupplyCoreERP.EntityFrameworkCore.Tests.dll" adapterTypeName="executor://xunit/VsTestRunner3/netcore/" className="SupplyCoreERP.EntityFrameworkCore.Applications.Catalog.MedicineAppService_Integration_Tests" name="Should_Manage_Ingredients_Via_AppService_Successfully" />
    </UnitTest>
    <UnitTest name="SupplyCoreERP.EntityFrameworkCore.Domains.Catalog.MedicineManager_Integration_Tests.Should_Add_Unit_Successfully" storage="d:\projectowner\supplycoreerp\test\supplycoreerp.entityframeworkcore.tests\bin\debug\net10.0\supplycoreerp.entityframeworkcore.tests.dll" id="a09a3b5e-2df1-8a73-a6d1-090d6c3a4274">
      <Execution id="1c75794f-f1d9-4733-9b79-eb08405109fb" />
      <TestMethod codeBase="D:\ProjectOwner\SupplyCoreERP\test\SupplyCoreERP.EntityFrameworkCore.Tests\bin\Debug\net10.0\SupplyCoreERP.EntityFrameworkCore.Tests.dll" adapterTypeName="executor://xunit/VsTestRunner3/netcore/" className="SupplyCoreERP.EntityFrameworkCore.Domains.Catalog.MedicineManager_Integration_Tests" name="Should_Add_Unit_Successfully" />
    </UnitTest>
    <UnitTest name="SupplyCoreERP.EntityFrameworkCore.Applications.Catalog.MedicineAppService_Integration_Tests.Should_Delete_Medicine_Successfully" storage="d:\projectowner\supplycoreerp\test\supplycoreerp.entityframeworkcore.tests\bin\debug\net10.0\supplycoreerp.entityframeworkcore.tests.dll" id="53d3be7b-1c40-598a-bda4-ba5728bcbb73">
      <Execution id="c1916bff-c13c-468a-8175-c9d6e5e1a1c9" />
      <TestMethod codeBase="D:\ProjectOwner\SupplyCoreERP\test\SupplyCoreERP.EntityFrameworkCore.Tests\bin\Debug\net10.0\SupplyCoreERP.EntityFrameworkCore.Tests.dll" adapterTypeName="executor://xunit/VsTestRunner3/netcore/" className="SupplyCoreERP.EntityFrameworkCore.Applications.Catalog.MedicineAppService_Integration_Tests" name="Should_Delete_Medicine_Successfully" />
    </UnitTest>
    <UnitTest name="SupplyCoreERP.EntityFrameworkCore.Applications.Partner.SupplierAppService_Integration_Tests.Should_Update_Supplier_Successfully" storage="d:\projectowner\supplycoreerp\test\supplycoreerp.entityframeworkcore.tests\bin\debug\net10.0\supplycoreerp.entityframeworkcore.tests.dll" id="7c717e14-98b5-1f78-04a6-6129b875603a">
      <Execution id="2018401d-00d1-42c6-a06d-095b0c1dc9f3" />
      <TestMethod codeBase="D:\ProjectOwner\SupplyCoreERP\test\SupplyCoreERP.EntityFrameworkCore.Tests\bin\Debug\net10.0\SupplyCoreERP.EntityFrameworkCore.Tests.dll" adapterTypeName="executor://xunit/VsTestRunner3/netcore/" className="SupplyCoreERP.EntityFrameworkCore.Applications.Partner.SupplierAppService_Integration_Tests" name="Should_Update_Supplier_Successfully" />
    </UnitTest>
    <UnitTest name="SupplyCoreERP.EntityFrameworkCore.Domains.Partner.SupplierManager_Integration_Tests.Should_Create_Supplier_And_Generate_Supplier_Code" storage="d:\projectowner\supplycoreerp\test\supplycoreerp.entityframeworkcore.tests\bin\debug\net10.0\supplycoreerp.entityframeworkcore.tests.dll" id="fab5414e-6d6a-2b0a-208f-8132d8f8bb9e">
      <Execution id="21cb41d4-19b0-42b0-a45f-bb31c8f26ecf" />
      <TestMethod codeBase="D:\ProjectOwner\SupplyCoreERP\test\SupplyCoreERP.EntityFrameworkCore.Tests\bin\Debug\net10.0\SupplyCoreERP.EntityFrameworkCore.Tests.dll" adapterTypeName="executor://xunit/VsTestRunner3/netcore/" className="SupplyCoreERP.EntityFrameworkCore.Domains.Partner.SupplierManager_Integration_Tests" name="Should_Create_Supplier_And_Generate_Supplier_Code" />
    </UnitTest>
    <UnitTest name="SupplyCoreERP.EntityFrameworkCore.Domains.Catalog.MedicineManager_Integration_Tests.Should_Update_Medicine_Successfully" storage="d:\projectowner\supplycoreerp\test\supplycoreerp.entityframeworkcore.tests\bin\debug\net10.0\supplycoreerp.entityframeworkcore.tests.dll" id="c27ff31d-bc49-545a-6f7a-496ad11f7f81">
      <Execution id="b4275e08-b56a-434a-8f53-d75a377d6d8b" />
      <TestMethod codeBase="D:\ProjectOwner\SupplyCoreERP\test\SupplyCoreERP.EntityFrameworkCore.Tests\bin\Debug\net10.0\SupplyCoreERP.EntityFrameworkCore.Tests.dll" adapterTypeName="executor://xunit/VsTestRunner3/netcore/" className="SupplyCoreERP.EntityFrameworkCore.Domains.Catalog.MedicineManager_Integration_Tests" name="Should_Update_Medicine_Successfully" />
    </UnitTest>
    <UnitTest name="SupplyCoreERP.EntityFrameworkCore.Domains.Partner.CustomerManager_Integration_Tests.Should_CheckCodeAndName_Throw_BusinessException_When_Code_Exists" storage="d:\projectowner\supplycoreerp\test\supplycoreerp.entityframeworkcore.tests\bin\debug\net10.0\supplycoreerp.entityframeworkcore.tests.dll" id="45fd0785-0e20-69e9-9613-4a5e236c0d3d">
      <Execution id="b297c66f-795d-4929-a4a4-0ebd7068fb81" />
      <TestMethod codeBase="D:\ProjectOwner\SupplyCoreERP\test\SupplyCoreERP.EntityFrameworkCore.Tests\bin\Debug\net10.0\SupplyCoreERP.EntityFrameworkCore.Tests.dll" adapterTypeName="executor://xunit/VsTestRunner3/netcore/" className="SupplyCoreERP.EntityFrameworkCore.Domains.Partner.CustomerManager_Integration_Tests" name="Should_CheckCodeAndName_Throw_BusinessException_When_Code_Exists" />
    </UnitTest>
    <UnitTest name="SupplyCoreERP.EntityFrameworkCore.Domains.Partner.SupplierManager_Integration_Tests.Should_Throw_Exception_When_Adding_NonExistent_Product" storage="d:\projectowner\supplycoreerp\test\supplycoreerp.entityframeworkcore.tests\bin\debug\net10.0\supplycoreerp.entityframeworkcore.tests.dll" id="b462330f-b770-62c1-3e69-9b25122d713c">
      <Execution id="a96da2e7-8549-4a56-ad67-b17ff5a471f1" />
      <TestMethod codeBase="D:\ProjectOwner\SupplyCoreERP\test\SupplyCoreERP.EntityFrameworkCore.Tests\bin\Debug\net10.0\SupplyCoreERP.EntityFrameworkCore.Tests.dll" adapterTypeName="executor://xunit/VsTestRunner3/netcore/" className="SupplyCoreERP.EntityFrameworkCore.Domains.Partner.SupplierManager_Integration_Tests" name="Should_Throw_Exception_When_Adding_NonExistent_Product" />
    </UnitTest>
    <UnitTest name="SupplyCoreERP.EntityFrameworkCore.Applications.Partner.CustomerAppService_Integration_Tests.Should_Create_Customer_With_Valid_DTO" storage="d:\projectowner\supplycoreerp\test\supplycoreerp.entityframeworkcore.tests\bin\debug\net10.0\supplycoreerp.entityframeworkcore.tests.dll" id="dbad55bb-3d8f-872c-02d1-640c3bb9c662">
      <Execution id="c55f5ae6-ef73-43c5-a7ca-ad990dcdae03" />
      <TestMethod codeBase="D:\ProjectOwner\SupplyCoreERP\test\SupplyCoreERP.EntityFrameworkCore.Tests\bin\Debug\net10.0\SupplyCoreERP.EntityFrameworkCore.Tests.dll" adapterTypeName="executor://xunit/VsTestRunner3/netcore/" className="SupplyCoreERP.EntityFrameworkCore.Applications.Partner.CustomerAppService_Integration_Tests" name="Should_Create_Customer_With_Valid_DTO" />
    </UnitTest>
    <UnitTest name="SupplyCoreERP.EntityFrameworkCore.Domains.Partner.SupplierManager_Integration_Tests.Should_Throw_BusinessException_When_Deleting_Supplier_With_Outstanding_Debt" storage="d:\projectowner\supplycoreerp\test\supplycoreerp.entityframeworkcore.tests\bin\debug\net10.0\supplycoreerp.entityframeworkcore.tests.dll" id="6691b3dc-2477-2343-1af5-b106a9689aee">
      <Execution id="d3335a61-94ad-40ec-83d8-8f3bd7734102" />
      <TestMethod codeBase="D:\ProjectOwner\SupplyCoreERP\test\SupplyCoreERP.EntityFrameworkCore.Tests\bin\Debug\net10.0\SupplyCoreERP.EntityFrameworkCore.Tests.dll" adapterTypeName="executor://xunit/VsTestRunner3/netcore/" className="SupplyCoreERP.EntityFrameworkCore.Domains.Partner.SupplierManager_Integration_Tests" name="Should_Throw_BusinessException_When_Deleting_Supplier_With_Outstanding_Debt" />
    </UnitTest>
    <UnitTest name="SupplyCoreERP.EntityFrameworkCore.Domains.Partner.SupplierManager_Integration_Tests.Should_Update_Supplier_Successfully" storage="d:\projectowner\supplycoreerp\test\supplycoreerp.entityframeworkcore.tests\bin\debug\net10.0\supplycoreerp.entityframeworkcore.tests.dll" id="5c7253e6-3f6c-7402-b514-080cd80eba45">
      <Execution id="1f5b8588-7398-448b-997a-21af3e898198" />
      <TestMethod codeBase="D:\ProjectOwner\SupplyCoreERP\test\SupplyCoreERP.EntityFrameworkCore.Tests\bin\Debug\net10.0\SupplyCoreERP.EntityFrameworkCore.Tests.dll" adapterTypeName="executor://xunit/VsTestRunner3/netcore/" className="SupplyCoreERP.EntityFrameworkCore.Domains.Partner.SupplierManager_Integration_Tests" name="Should_Update_Supplier_Successfully" />
    </UnitTest>
    <UnitTest name="SupplyCoreERP.EntityFrameworkCore.Domains.Catalog.MedicineManager_Integration_Tests.Should_Throw_BusinessException_When_Approve_Non_Pending_Medicine" storage="d:\projectowner\supplycoreerp\test\supplycoreerp.entityframeworkcore.tests\bin\debug\net10.0\supplycoreerp.entityframeworkcore.tests.dll" id="882ac28c-e80b-5a3b-5182-115dc7991c1f">
      <Execution id="84d10a19-5540-4d1e-be14-62f69a7569df" />
      <TestMethod codeBase="D:\ProjectOwner\SupplyCoreERP\test\SupplyCoreERP.EntityFrameworkCore.Tests\bin\Debug\net10.0\SupplyCoreERP.EntityFrameworkCore.Tests.dll" adapterTypeName="executor://xunit/VsTestRunner3/netcore/" className="SupplyCoreERP.EntityFrameworkCore.Domains.Catalog.MedicineManager_Integration_Tests" name="Should_Throw_BusinessException_When_Approve_Non_Pending_Medicine" />
    </UnitTest>
    <UnitTest name="SupplyCoreERP.EntityFrameworkCore.Domains.Catalog.MedicineManager_Integration_Tests.Should_Update_Unit_Successfully" storage="d:\projectowner\supplycoreerp\test\supplycoreerp.entityframeworkcore.tests\bin\debug\net10.0\supplycoreerp.entityframeworkcore.tests.dll" id="35ed76f8-21cf-f5f8-77d6-88d4cf946d09">
      <Execution id="77017f47-506a-49ca-8d42-fb1e766e1e40" />
      <TestMethod codeBase="D:\ProjectOwner\SupplyCoreERP\test\SupplyCoreERP.EntityFrameworkCore.Tests\bin\Debug\net10.0\SupplyCoreERP.EntityFrameworkCore.Tests.dll" adapterTypeName="executor://xunit/VsTestRunner3/netcore/" className="SupplyCoreERP.EntityFrameworkCore.Domains.Catalog.MedicineManager_Integration_Tests" name="Should_Update_Unit_Successfully" />
    </UnitTest>
    <UnitTest name="SupplyCoreERP.EntityFrameworkCore.Domains.Partner.SupplierManager_Integration_Tests.Should_Throw_Exception_When_AddProduct_With_Unavailable_Product" storage="d:\projectowner\supplycoreerp\test\supplycoreerp.entityframeworkcore.tests\bin\debug\net10.0\supplycoreerp.entityframeworkcore.tests.dll" id="d81b8a1d-9378-03b2-734d-9162bdabeead">
      <Execution id="605073f4-f2d1-4466-b5a9-2339f7b566f0" />
      <TestMethod codeBase="D:\ProjectOwner\SupplyCoreERP\test\SupplyCoreERP.EntityFrameworkCore.Tests\bin\Debug\net10.0\SupplyCoreERP.EntityFrameworkCore.Tests.dll" adapterTypeName="executor://xunit/VsTestRunner3/netcore/" className="SupplyCoreERP.EntityFrameworkCore.Domains.Partner.SupplierManager_Integration_Tests" name="Should_Throw_Exception_When_AddProduct_With_Unavailable_Product" />
    </UnitTest>
    <UnitTest name="SupplyCoreERP.EntityFrameworkCore.Applications.Catalog.MedicineAppService_Integration_Tests.Should_Get_List_Of_Medicines" storage="d:\projectowner\supplycoreerp\test\supplycoreerp.entityframeworkcore.tests\bin\debug\net10.0\supplycoreerp.entityframeworkcore.tests.dll" id="dc8645be-1215-6d9d-8a1e-09725bccb566">
      <Execution id="8129f67f-fb13-4f07-95bc-dda4bf45232e" />
      <TestMethod codeBase="D:\ProjectOwner\SupplyCoreERP\test\SupplyCoreERP.EntityFrameworkCore.Tests\bin\Debug\net10.0\SupplyCoreERP.EntityFrameworkCore.Tests.dll" adapterTypeName="executor://xunit/VsTestRunner3/netcore/" className="SupplyCoreERP.EntityFrameworkCore.Applications.Catalog.MedicineAppService_Integration_Tests" name="Should_Get_List_Of_Medicines" />
    </UnitTest>
    <UnitTest name="SupplyCoreERP.EntityFrameworkCore.Domains.Partner.SupplierManager_Integration_Tests.Should_Update_Product_Successfully" storage="d:\projectowner\supplycoreerp\test\supplycoreerp.entityframeworkcore.tests\bin\debug\net10.0\supplycoreerp.entityframeworkcore.tests.dll" id="f497b503-da81-2210-d643-333d13a02281">
      <Execution id="02e70548-ffff-4dd3-8ae0-17d8cefb8487" />
      <TestMethod codeBase="D:\ProjectOwner\SupplyCoreERP\test\SupplyCoreERP.EntityFrameworkCore.Tests\bin\Debug\net10.0\SupplyCoreERP.EntityFrameworkCore.Tests.dll" adapterTypeName="executor://xunit/VsTestRunner3/netcore/" className="SupplyCoreERP.EntityFrameworkCore.Domains.Partner.SupplierManager_Integration_Tests" name="Should_Update_Product_Successfully" />
    </UnitTest>
    <UnitTest name="SupplyCoreERP.EntityFrameworkCore.Domains.Partner.SupplierManager_Integration_Tests.Should_Add_Product_Successfully" storage="d:\projectowner\supplycoreerp\test\supplycoreerp.entityframeworkcore.tests\bin\debug\net10.0\supplycoreerp.entityframeworkcore.tests.dll" id="61edf948-3e9b-8166-ffe9-e6cadc836764">
      <Execution id="451e250e-5633-4601-b02a-83d9c77b64d0" />
      <TestMethod codeBase="D:\ProjectOwner\SupplyCoreERP\test\SupplyCoreERP.EntityFrameworkCore.Tests\bin\Debug\net10.0\SupplyCoreERP.EntityFrameworkCore.Tests.dll" adapterTypeName="executor://xunit/VsTestRunner3/netcore/" className="SupplyCoreERP.EntityFrameworkCore.Domains.Partner.SupplierManager_Integration_Tests" name="Should_Add_Product_Successfully" />
    </UnitTest>
    <UnitTest name="SupplyCoreERP.EntityFrameworkCore.Domains.Partner.CustomerManager_Integration_Tests.Should_Throw_BusinessException_When_Phone_Number_Already_Exists" storage="d:\projectowner\supplycoreerp\test\supplycoreerp.entityframeworkcore.tests\bin\debug\net10.0\supplycoreerp.entityframeworkcore.tests.dll" id="78b9a0bc-7f98-e35d-62b2-4e03e0d3ee20">
      <Execution id="43b213d5-35e8-4217-8601-5b3a6c6acc49" />
      <TestMethod codeBase="D:\ProjectOwner\SupplyCoreERP\test\SupplyCoreERP.EntityFrameworkCore.Tests\bin\Debug\net10.0\SupplyCoreERP.EntityFrameworkCore.Tests.dll" adapterTypeName="executor://xunit/VsTestRunner3/netcore/" className="SupplyCoreERP.EntityFrameworkCore.Domains.Partner.CustomerManager_Integration_Tests" name="Should_Throw_BusinessException_When_Phone_Number_Already_Exists" />
    </UnitTest>
    <UnitTest name="SupplyCoreERP.EntityFrameworkCore.Applications.Catalog.MedicineAppService_Integration_Tests.Should_Toggle_Active_Medicine_Successfully" storage="d:\projectowner\supplycoreerp\test\supplycoreerp.entityframeworkcore.tests\bin\debug\net10.0\supplycoreerp.entityframeworkcore.tests.dll" id="e9c9b9a9-d963-effc-90ca-11b27fbb5294">
      <Execution id="7b127b27-b754-4837-972a-87ab8142d18b" />
      <TestMethod codeBase="D:\ProjectOwner\SupplyCoreERP\test\SupplyCoreERP.EntityFrameworkCore.Tests\bin\Debug\net10.0\SupplyCoreERP.EntityFrameworkCore.Tests.dll" adapterTypeName="executor://xunit/VsTestRunner3/netcore/" className="SupplyCoreERP.EntityFrameworkCore.Applications.Catalog.MedicineAppService_Integration_Tests" name="Should_Toggle_Active_Medicine_Successfully" />
    </UnitTest>
    <UnitTest name="SupplyCoreERP.EntityFrameworkCore.Domains.Catalog.MedicineManager_Integration_Tests.Should_Remove_Ingredient_Successfully" storage="d:\projectowner\supplycoreerp\test\supplycoreerp.entityframeworkcore.tests\bin\debug\net10.0\supplycoreerp.entityframeworkcore.tests.dll" id="ddd085d6-eb32-def3-3e8c-addd93f75b93">
      <Execution id="a6b1ab7d-1a24-4aaa-bda2-35ed6692cb93" />
      <TestMethod codeBase="D:\ProjectOwner\SupplyCoreERP\test\SupplyCoreERP.EntityFrameworkCore.Tests\bin\Debug\net10.0\SupplyCoreERP.EntityFrameworkCore.Tests.dll" adapterTypeName="executor://xunit/VsTestRunner3/netcore/" className="SupplyCoreERP.EntityFrameworkCore.Domains.Catalog.MedicineManager_Integration_Tests" name="Should_Remove_Ingredient_Successfully" />
    </UnitTest>
    <UnitTest name="SupplyCoreERP.EntityFrameworkCore.Domains.Partner.CustomerManager_Integration_Tests.Should_Throw_Exception_When_Create_Customer_With_NonExistent_PriceList" storage="d:\projectowner\supplycoreerp\test\supplycoreerp.entityframeworkcore.tests\bin\debug\net10.0\supplycoreerp.entityframeworkcore.tests.dll" id="f113bb1b-82df-3d3a-f39a-8b006f2be945">
      <Execution id="92fc722d-834c-4a9c-8f0b-eab06618895c" />
      <TestMethod codeBase="D:\ProjectOwner\SupplyCoreERP\test\SupplyCoreERP.EntityFrameworkCore.Tests\bin\Debug\net10.0\SupplyCoreERP.EntityFrameworkCore.Tests.dll" adapterTypeName="executor://xunit/VsTestRunner3/netcore/" className="SupplyCoreERP.EntityFrameworkCore.Domains.Partner.CustomerManager_Integration_Tests" name="Should_Throw_Exception_When_Create_Customer_With_NonExistent_PriceList" />
    </UnitTest>
    <UnitTest name="SupplyCoreERP.EntityFrameworkCore.Domains.Catalog.MedicineManager_Integration_Tests.Should_Remove_Unit_Successfully" storage="d:\projectowner\supplycoreerp\test\supplycoreerp.entityframeworkcore.tests\bin\debug\net10.0\supplycoreerp.entityframeworkcore.tests.dll" id="2deaafa8-2474-f508-111c-af34f75d313b">
      <Execution id="6b305333-412c-42dd-8c33-542565d35a15" />
      <TestMethod codeBase="D:\ProjectOwner\SupplyCoreERP\test\SupplyCoreERP.EntityFrameworkCore.Tests\bin\Debug\net10.0\SupplyCoreERP.EntityFrameworkCore.Tests.dll" adapterTypeName="executor://xunit/VsTestRunner3/netcore/" className="SupplyCoreERP.EntityFrameworkCore.Domains.Catalog.MedicineManager_Integration_Tests" name="Should_Remove_Unit_Successfully" />
    </UnitTest>
    <UnitTest name="SupplyCoreERP.EntityFrameworkCore.Domains.Partner.CustomerManager_Integration_Tests.Should_CheckCodeAndName_Throw_BusinessException_When_Name_Exists" storage="d:\projectowner\supplycoreerp\test\supplycoreerp.entityframeworkcore.tests\bin\debug\net10.0\supplycoreerp.entityframeworkcore.tests.dll" id="afe5ce52-2f65-fe9f-0d2d-eddd89d96828">
      <Execution id="0c52627f-193b-4acb-b0c1-c0d431c1864c" />
      <TestMethod codeBase="D:\ProjectOwner\SupplyCoreERP\test\SupplyCoreERP.EntityFrameworkCore.Tests\bin\Debug\net10.0\SupplyCoreERP.EntityFrameworkCore.Tests.dll" adapterTypeName="executor://xunit/VsTestRunner3/netcore/" className="SupplyCoreERP.EntityFrameworkCore.Domains.Partner.CustomerManager_Integration_Tests" name="Should_CheckCodeAndName_Throw_BusinessException_When_Name_Exists" />
    </UnitTest>
    <UnitTest name="SupplyCoreERP.EntityFrameworkCore.Domains.Partner.SupplierManager_Integration_Tests.Should_Toggle_Product_Active_Successfully" storage="d:\projectowner\supplycoreerp\test\supplycoreerp.entityframeworkcore.tests\bin\debug\net10.0\supplycoreerp.entityframeworkcore.tests.dll" id="6d333723-a848-e1ac-8eb2-da36ec6e664a">
      <Execution id="0ee52209-079c-4aae-bffa-e8941f6c0c57" />
      <TestMethod codeBase="D:\ProjectOwner\SupplyCoreERP\test\SupplyCoreERP.EntityFrameworkCore.Tests\bin\Debug\net10.0\SupplyCoreERP.EntityFrameworkCore.Tests.dll" adapterTypeName="executor://xunit/VsTestRunner3/netcore/" className="SupplyCoreERP.EntityFrameworkCore.Domains.Partner.SupplierManager_Integration_Tests" name="Should_Toggle_Product_Active_Successfully" />
    </UnitTest>
    <UnitTest name="SupplyCoreERP.EntityFrameworkCore.Domains.Partner.CustomerManager_Integration_Tests.Should_Throw_BusinessException_When_Deleting_Customer_With_Outstanding_Debt" storage="d:\projectowner\supplycoreerp\test\supplycoreerp.entityframeworkcore.tests\bin\debug\net10.0\supplycoreerp.entityframeworkcore.tests.dll" id="0db6a273-9eea-860d-6a8f-4a407369d28b">
      <Execution id="3b8c6464-ead7-4aaf-b118-9bf30103b28a" />
      <TestMethod codeBase="D:\ProjectOwner\SupplyCoreERP\test\SupplyCoreERP.EntityFrameworkCore.Tests\bin\Debug\net10.0\SupplyCoreERP.EntityFrameworkCore.Tests.dll" adapterTypeName="executor://xunit/VsTestRunner3/netcore/" className="SupplyCoreERP.EntityFrameworkCore.Domains.Partner.CustomerManager_Integration_Tests" name="Should_Throw_BusinessException_When_Deleting_Customer_With_Outstanding_Debt" />
    </UnitTest>
    <UnitTest name="SupplyCoreERP.EntityFrameworkCore.Applications.Catalog.MedicineAppService_Integration_Tests.Should_Manage_Units_Via_AppService_Successfully" storage="d:\projectowner\supplycoreerp\test\supplycoreerp.entityframeworkcore.tests\bin\debug\net10.0\supplycoreerp.entityframeworkcore.tests.dll" id="b363e255-9d79-c0ae-16b7-cb2a036f3c60">
      <Execution id="8f7b97a2-2eb2-4b1d-a945-4ebfc0a21f46" />
      <TestMethod codeBase="D:\ProjectOwner\SupplyCoreERP\test\SupplyCoreERP.EntityFrameworkCore.Tests\bin\Debug\net10.0\SupplyCoreERP.EntityFrameworkCore.Tests.dll" adapterTypeName="executor://xunit/VsTestRunner3/netcore/" className="SupplyCoreERP.EntityFrameworkCore.Applications.Catalog.MedicineAppService_Integration_Tests" name="Should_Manage_Units_Via_AppService_Successfully" />
    </UnitTest>
    <UnitTest name="SupplyCoreERP.EntityFrameworkCore.Domains.Catalog.MedicineManager_Integration_Tests.Should_Create_Medicine_When_Parameters_Are_Valid" storage="d:\projectowner\supplycoreerp\test\supplycoreerp.entityframeworkcore.tests\bin\debug\net10.0\supplycoreerp.entityframeworkcore.tests.dll" id="c2505f0f-3bc3-1ada-548d-7ef0e2d27a19">
      <Execution id="5abd9700-a7c9-4dec-a292-83d75222ec4d" />
      <TestMethod codeBase="D:\ProjectOwner\SupplyCoreERP\test\SupplyCoreERP.EntityFrameworkCore.Tests\bin\Debug\net10.0\SupplyCoreERP.EntityFrameworkCore.Tests.dll" adapterTypeName="executor://xunit/VsTestRunner3/netcore/" className="SupplyCoreERP.EntityFrameworkCore.Domains.Catalog.MedicineManager_Integration_Tests" name="Should_Create_Medicine_When_Parameters_Are_Valid" />
    </UnitTest>
    <UnitTest name="SupplyCoreERP.EntityFrameworkCore.Applications.Partner.CustomerAppService_Integration_Tests.Should_Get_List_Of_Customers" storage="d:\projectowner\supplycoreerp\test\supplycoreerp.entityframeworkcore.tests\bin\debug\net10.0\supplycoreerp.entityframeworkcore.tests.dll" id="8ecbb036-c7fc-6a77-f37d-2a489dca034c">
      <Execution id="7eb53259-3113-4f2d-88d2-35763f9e2feb" />
      <TestMethod codeBase="D:\ProjectOwner\SupplyCoreERP\test\SupplyCoreERP.EntityFrameworkCore.Tests\bin\Debug\net10.0\SupplyCoreERP.EntityFrameworkCore.Tests.dll" adapterTypeName="executor://xunit/VsTestRunner3/netcore/" className="SupplyCoreERP.EntityFrameworkCore.Applications.Partner.CustomerAppService_Integration_Tests" name="Should_Get_List_Of_Customers" />
    </UnitTest>
    <UnitTest name="SupplyCoreERP.EntityFrameworkCore.Domains.Partner.CustomerManager_Integration_Tests.Should_Delete_Customer_Successfully" storage="d:\projectowner\supplycoreerp\test\supplycoreerp.entityframeworkcore.tests\bin\debug\net10.0\supplycoreerp.entityframeworkcore.tests.dll" id="e4585544-0b95-e18c-da64-5f6290174862">
      <Execution id="3f807d51-1676-40df-abdf-6ae4b5a12319" />
      <TestMethod codeBase="D:\ProjectOwner\SupplyCoreERP\test\SupplyCoreERP.EntityFrameworkCore.Tests\bin\Debug\net10.0\SupplyCoreERP.EntityFrameworkCore.Tests.dll" adapterTypeName="executor://xunit/VsTestRunner3/netcore/" className="SupplyCoreERP.EntityFrameworkCore.Domains.Partner.CustomerManager_Integration_Tests" name="Should_Delete_Customer_Successfully" />
    </UnitTest>
    <UnitTest name="SupplyCoreERP.EntityFrameworkCore.Domains.Partner.SupplierManager_Integration_Tests.Should_CheckCodeAndName_Throw_BusinessException_When_Name_Exists" storage="d:\projectowner\supplycoreerp\test\supplycoreerp.entityframeworkcore.tests\bin\debug\net10.0\supplycoreerp.entityframeworkcore.tests.dll" id="c69e4d43-2f74-8b04-080f-291862bceb82">
      <Execution id="53746e9c-d09d-42d7-b15f-f5341c863870" />
      <TestMethod codeBase="D:\ProjectOwner\SupplyCoreERP\test\SupplyCoreERP.EntityFrameworkCore.Tests\bin\Debug\net10.0\SupplyCoreERP.EntityFrameworkCore.Tests.dll" adapterTypeName="executor://xunit/VsTestRunner3/netcore/" className="SupplyCoreERP.EntityFrameworkCore.Domains.Partner.SupplierManager_Integration_Tests" name="Should_CheckCodeAndName_Throw_BusinessException_When_Name_Exists" />
    </UnitTest>
    <UnitTest name="SupplyCoreERP.EntityFrameworkCore.Applications.Catalog.MedicineAppService_Integration_Tests.Should_Manage_Registrations_Via_AppService_Successfully" storage="d:\projectowner\supplycoreerp\test\supplycoreerp.entityframeworkcore.tests\bin\debug\net10.0\supplycoreerp.entityframeworkcore.tests.dll" id="b08c9717-a5d8-89b6-35c4-0be41258f2ad">
      <Execution id="6123da67-9289-4b7a-a6a1-e9104528887a" />
      <TestMethod codeBase="D:\ProjectOwner\SupplyCoreERP\test\SupplyCoreERP.EntityFrameworkCore.Tests\bin\Debug\net10.0\SupplyCoreERP.EntityFrameworkCore.Tests.dll" adapterTypeName="executor://xunit/VsTestRunner3/netcore/" className="SupplyCoreERP.EntityFrameworkCore.Applications.Catalog.MedicineAppService_Integration_Tests" name="Should_Manage_Registrations_Via_AppService_Successfully" />
    </UnitTest>
    <UnitTest name="SupplyCoreERP.EntityFrameworkCore.Applications.Partner.CustomerAppService_Integration_Tests.Should_Update_Customer_Successfully" storage="d:\projectowner\supplycoreerp\test\supplycoreerp.entityframeworkcore.tests\bin\debug\net10.0\supplycoreerp.entityframeworkcore.tests.dll" id="26821025-0881-ef71-1f5b-2fd9b45396bd">
      <Execution id="93ab6155-1348-4fc2-98c5-444173a61856" />
      <TestMethod codeBase="D:\ProjectOwner\SupplyCoreERP\test\SupplyCoreERP.EntityFrameworkCore.Tests\bin\Debug\net10.0\SupplyCoreERP.EntityFrameworkCore.Tests.dll" adapterTypeName="executor://xunit/VsTestRunner3/netcore/" className="SupplyCoreERP.EntityFrameworkCore.Applications.Partner.CustomerAppService_Integration_Tests" name="Should_Update_Customer_Successfully" />
    </UnitTest>
    <UnitTest name="SupplyCoreERP.EntityFrameworkCore.Applications.Catalog.MedicineAppService_Integration_Tests.Should_Reject_Pending_Medicine_Successfully" storage="d:\projectowner\supplycoreerp\test\supplycoreerp.entityframeworkcore.tests\bin\debug\net10.0\supplycoreerp.entityframeworkcore.tests.dll" id="e4748458-acbe-877e-fdc2-b5cde91a2c69">
      <Execution id="011d500e-4322-4fb7-8d69-c9d5e9adfc30" />
      <TestMethod codeBase="D:\ProjectOwner\SupplyCoreERP\test\SupplyCoreERP.EntityFrameworkCore.Tests\bin\Debug\net10.0\SupplyCoreERP.EntityFrameworkCore.Tests.dll" adapterTypeName="executor://xunit/VsTestRunner3/netcore/" className="SupplyCoreERP.EntityFrameworkCore.Applications.Catalog.MedicineAppService_Integration_Tests" name="Should_Reject_Pending_Medicine_Successfully" />
    </UnitTest>
    <UnitTest name="SupplyCoreERP.EntityFrameworkCore.Applications.Catalog.MedicineAppService_Integration_Tests.Should_Throw_EntityNotFoundException_When_Get_NonExistent_Medicine" storage="d:\projectowner\supplycoreerp\test\supplycoreerp.entityframeworkcore.tests\bin\debug\net10.0\supplycoreerp.entityframeworkcore.tests.dll" id="c3799e66-f52d-d9e1-6026-3a0705a2947c">
      <Execution id="663e824f-fdf2-40fa-b79a-4e2c6b63d288" />
      <TestMethod codeBase="D:\ProjectOwner\SupplyCoreERP\test\SupplyCoreERP.EntityFrameworkCore.Tests\bin\Debug\net10.0\SupplyCoreERP.EntityFrameworkCore.Tests.dll" adapterTypeName="executor://xunit/VsTestRunner3/netcore/" className="SupplyCoreERP.EntityFrameworkCore.Applications.Catalog.MedicineAppService_Integration_Tests" name="Should_Throw_EntityNotFoundException_When_Get_NonExistent_Medicine" />
    </UnitTest>
    <UnitTest name="SupplyCoreERP.EntityFrameworkCore.Domains.Partner.SupplierManager_Integration_Tests.Should_Remove_Product_Successfully" storage="d:\projectowner\supplycoreerp\test\supplycoreerp.entityframeworkcore.tests\bin\debug\net10.0\supplycoreerp.entityframeworkcore.tests.dll" id="4844d6a9-433a-b553-822c-744234c0a97c">
      <Execution id="c7501125-228c-4300-a505-de8e957e1e94" />
      <TestMethod codeBase="D:\ProjectOwner\SupplyCoreERP\test\SupplyCoreERP.EntityFrameworkCore.Tests\bin\Debug\net10.0\SupplyCoreERP.EntityFrameworkCore.Tests.dll" adapterTypeName="executor://xunit/VsTestRunner3/netcore/" className="SupplyCoreERP.EntityFrameworkCore.Domains.Partner.SupplierManager_Integration_Tests" name="Should_Remove_Product_Successfully" />
    </UnitTest>
    <UnitTest name="SupplyCoreERP.EntityFrameworkCore.Domains.Catalog.MedicineManager_Integration_Tests.Should_Reject_Pending_Medicine_Successfully" storage="d:\projectowner\supplycoreerp\test\supplycoreerp.entityframeworkcore.tests\bin\debug\net10.0\supplycoreerp.entityframeworkcore.tests.dll" id="51b0dcad-856d-cf6f-928c-55ef7f711fd9">
      <Execution id="b708f35d-e929-4119-b484-97295b30b102" />
      <TestMethod codeBase="D:\ProjectOwner\SupplyCoreERP\test\SupplyCoreERP.EntityFrameworkCore.Tests\bin\Debug\net10.0\SupplyCoreERP.EntityFrameworkCore.Tests.dll" adapterTypeName="executor://xunit/VsTestRunner3/netcore/" className="SupplyCoreERP.EntityFrameworkCore.Domains.Catalog.MedicineManager_Integration_Tests" name="Should_Reject_Pending_Medicine_Successfully" />
    </UnitTest>
    <UnitTest name="SupplyCoreERP.EntityFrameworkCore.Domains.Catalog.ProductManager_Integration_Tests.Should_Return_False_When_Product_Has_No_Transactions" storage="d:\projectowner\supplycoreerp\test\supplycoreerp.entityframeworkcore.tests\bin\debug\net10.0\supplycoreerp.entityframeworkcore.tests.dll" id="78e18cf1-d3c8-3572-804b-e25f35d0b84d">
      <Execution id="63bf46dd-c969-4781-8f2e-5278eeb1a952" />
      <TestMethod codeBase="D:\ProjectOwner\SupplyCoreERP\test\SupplyCoreERP.EntityFrameworkCore.Tests\bin\Debug\net10.0\SupplyCoreERP.EntityFrameworkCore.Tests.dll" adapterTypeName="executor://xunit/VsTestRunner3/netcore/" className="SupplyCoreERP.EntityFrameworkCore.Domains.Catalog.ProductManager_Integration_Tests" name="Should_Return_False_When_Product_Has_No_Transactions" />
    </UnitTest>
    <UnitTest name="SupplyCoreERP.EntityFrameworkCore.Applications.Catalog.MedicineAppService_Integration_Tests.Should_Get_Medicine_Detail_Successfully" storage="d:\projectowner\supplycoreerp\test\supplycoreerp.entityframeworkcore.tests\bin\debug\net10.0\supplycoreerp.entityframeworkcore.tests.dll" id="ffaca975-417b-1eba-1111-56a1cec11315">
      <Execution id="e3ecda8b-9de2-4aba-97b6-99aaa0c537ff" />
      <TestMethod codeBase="D:\ProjectOwner\SupplyCoreERP\test\SupplyCoreERP.EntityFrameworkCore.Tests\bin\Debug\net10.0\SupplyCoreERP.EntityFrameworkCore.Tests.dll" adapterTypeName="executor://xunit/VsTestRunner3/netcore/" className="SupplyCoreERP.EntityFrameworkCore.Applications.Catalog.MedicineAppService_Integration_Tests" name="Should_Get_Medicine_Detail_Successfully" />
    </UnitTest>
    <UnitTest name="SupplyCoreERP.EntityFrameworkCore.Domains.Partner.SupplierManager_Integration_Tests.Should_Throw_Exception_When_AddProduct_With_NonExistent_Unit" storage="d:\projectowner\supplycoreerp\test\supplycoreerp.entityframeworkcore.tests\bin\debug\net10.0\supplycoreerp.entityframeworkcore.tests.dll" id="f479a3b3-33b7-de8f-4541-e8a8d0481884">
      <Execution id="1f155269-e5ce-4bac-ab20-f16660335f31" />
      <TestMethod codeBase="D:\ProjectOwner\SupplyCoreERP\test\SupplyCoreERP.EntityFrameworkCore.Tests\bin\Debug\net10.0\SupplyCoreERP.EntityFrameworkCore.Tests.dll" adapterTypeName="executor://xunit/VsTestRunner3/netcore/" className="SupplyCoreERP.EntityFrameworkCore.Domains.Partner.SupplierManager_Integration_Tests" name="Should_Throw_Exception_When_AddProduct_With_NonExistent_Unit" />
    </UnitTest>
    <UnitTest name="SupplyCoreERP.EntityFrameworkCore.Domains.Partner.SupplierManager_Integration_Tests.Should_Throw_BusinessException_When_Code_Or_Name_Exists" storage="d:\projectowner\supplycoreerp\test\supplycoreerp.entityframeworkcore.tests\bin\debug\net10.0\supplycoreerp.entityframeworkcore.tests.dll" id="08a902df-b025-e47a-458b-4fdbbf6b469a">
      <Execution id="015a0e3a-a4e3-4b47-ad30-a4cc53820fa0" />
      <TestMethod codeBase="D:\ProjectOwner\SupplyCoreERP\test\SupplyCoreERP.EntityFrameworkCore.Tests\bin\Debug\net10.0\SupplyCoreERP.EntityFrameworkCore.Tests.dll" adapterTypeName="executor://xunit/VsTestRunner3/netcore/" className="SupplyCoreERP.EntityFrameworkCore.Domains.Partner.SupplierManager_Integration_Tests" name="Should_Throw_BusinessException_When_Code_Or_Name_Exists" />
    </UnitTest>
    <UnitTest name="SupplyCoreERP.EntityFrameworkCore.Applications.Catalog.MedicineAppService_Integration_Tests.Should_Get_Medicine_Summary_Successfully" storage="d:\projectowner\supplycoreerp\test\supplycoreerp.entityframeworkcore.tests\bin\debug\net10.0\supplycoreerp.entityframeworkcore.tests.dll" id="de352c43-0fc1-7130-2127-c7506bbc76bf">
      <Execution id="270b1a96-201a-4a40-90a4-2327c0858922" />
      <TestMethod codeBase="D:\ProjectOwner\SupplyCoreERP\test\SupplyCoreERP.EntityFrameworkCore.Tests\bin\Debug\net10.0\SupplyCoreERP.EntityFrameworkCore.Tests.dll" adapterTypeName="executor://xunit/VsTestRunner3/netcore/" className="SupplyCoreERP.EntityFrameworkCore.Applications.Catalog.MedicineAppService_Integration_Tests" name="Should_Get_Medicine_Summary_Successfully" />
    </UnitTest>
    <UnitTest name="SupplyCoreERP.EntityFrameworkCore.Domains.Partner.SupplierManager_Integration_Tests.Should_Delete_Supplier_Successfully" storage="d:\projectowner\supplycoreerp\test\supplycoreerp.entityframeworkcore.tests\bin\debug\net10.0\supplycoreerp.entityframeworkcore.tests.dll" id="12d55d8f-efd5-07ee-c256-8c621072b656">
      <Execution id="9c48f10a-9411-48ac-9b55-37f17330b206" />
      <TestMethod codeBase="D:\ProjectOwner\SupplyCoreERP\test\SupplyCoreERP.EntityFrameworkCore.Tests\bin\Debug\net10.0\SupplyCoreERP.EntityFrameworkCore.Tests.dll" adapterTypeName="executor://xunit/VsTestRunner3/netcore/" className="SupplyCoreERP.EntityFrameworkCore.Domains.Partner.SupplierManager_Integration_Tests" name="Should_Delete_Supplier_Successfully" />
    </UnitTest>
    <UnitTest name="SupplyCoreERP.EntityFrameworkCore.Domains.Catalog.MedicineManager_Integration_Tests.Should_Throw_BusinessException_When_Create_Duplicate_Code" storage="d:\projectowner\supplycoreerp\test\supplycoreerp.entityframeworkcore.tests\bin\debug\net10.0\supplycoreerp.entityframeworkcore.tests.dll" id="ec0e05c6-5427-584f-f1c9-2642f04c8043">
      <Execution id="518d32c4-4959-44a8-852d-7797745c22bb" />
      <TestMethod codeBase="D:\ProjectOwner\SupplyCoreERP\test\SupplyCoreERP.EntityFrameworkCore.Tests\bin\Debug\net10.0\SupplyCoreERP.EntityFrameworkCore.Tests.dll" adapterTypeName="executor://xunit/VsTestRunner3/netcore/" className="SupplyCoreERP.EntityFrameworkCore.Domains.Catalog.MedicineManager_Integration_Tests" name="Should_Throw_BusinessException_When_Create_Duplicate_Code" />
    </UnitTest>
    <UnitTest name="SupplyCoreERP.EntityFrameworkCore.Domains.Catalog.MedicineManager_Integration_Tests.Should_Approve_Pending_Medicine_Successfully" storage="d:\projectowner\supplycoreerp\test\supplycoreerp.entityframeworkcore.tests\bin\debug\net10.0\supplycoreerp.entityframeworkcore.tests.dll" id="f2d38a96-6a30-66a4-119b-925ba50eb447">
      <Execution id="0bfd9a9c-27a8-4949-9241-5699d5684e16" />
      <TestMethod codeBase="D:\ProjectOwner\SupplyCoreERP\test\SupplyCoreERP.EntityFrameworkCore.Tests\bin\Debug\net10.0\SupplyCoreERP.EntityFrameworkCore.Tests.dll" adapterTypeName="executor://xunit/VsTestRunner3/netcore/" className="SupplyCoreERP.EntityFrameworkCore.Domains.Catalog.MedicineManager_Integration_Tests" name="Should_Approve_Pending_Medicine_Successfully" />
    </UnitTest>
    <UnitTest name="SupplyCoreERP.EntityFrameworkCore.Applications.Partner.SupplierAppService_Integration_Tests.Should_Create_Supplier_With_Valid_DTO" storage="d:\projectowner\supplycoreerp\test\supplycoreerp.entityframeworkcore.tests\bin\debug\net10.0\supplycoreerp.entityframeworkcore.tests.dll" id="7ff9c148-3d3d-d389-ffcd-d13c7f227024">
      <Execution id="996212ae-66e9-49af-824c-905f0337237e" />
      <TestMethod codeBase="D:\ProjectOwner\SupplyCoreERP\test\SupplyCoreERP.EntityFrameworkCore.Tests\bin\Debug\net10.0\SupplyCoreERP.EntityFrameworkCore.Tests.dll" adapterTypeName="executor://xunit/VsTestRunner3/netcore/" className="SupplyCoreERP.EntityFrameworkCore.Applications.Partner.SupplierAppService_Integration_Tests" name="Should_Create_Supplier_With_Valid_DTO" />
    </UnitTest>
    <UnitTest name="SupplyCoreERP.EntityFrameworkCore.Domains.Partner.CustomerManager_Integration_Tests.Should_Update_Customer_Successfully" storage="d:\projectowner\supplycoreerp\test\supplycoreerp.entityframeworkcore.tests\bin\debug\net10.0\supplycoreerp.entityframeworkcore.tests.dll" id="57d48ee6-cef1-f85c-4a73-08038f0c5847">
      <Execution id="ae003940-de20-40e1-9cfd-3b16055d3c38" />
      <TestMethod codeBase="D:\ProjectOwner\SupplyCoreERP\test\SupplyCoreERP.EntityFrameworkCore.Tests\bin\Debug\net10.0\SupplyCoreERP.EntityFrameworkCore.Tests.dll" adapterTypeName="executor://xunit/VsTestRunner3/netcore/" className="SupplyCoreERP.EntityFrameworkCore.Domains.Partner.CustomerManager_Integration_Tests" name="Should_Update_Customer_Successfully" />
    </UnitTest>
    <UnitTest name="SupplyCoreERP.EntityFrameworkCore.Domains.Catalog.MedicineManager_Integration_Tests.Should_Add_Ingredient_Successfully" storage="d:\projectowner\supplycoreerp\test\supplycoreerp.entityframeworkcore.tests\bin\debug\net10.0\supplycoreerp.entityframeworkcore.tests.dll" id="0fd09461-24ae-1dba-47e6-956d6b2e33e3">
      <Execution id="3c7a4150-d69a-443d-b6be-d1954071792a" />
      <TestMethod codeBase="D:\ProjectOwner\SupplyCoreERP\test\SupplyCoreERP.EntityFrameworkCore.Tests\bin\Debug\net10.0\SupplyCoreERP.EntityFrameworkCore.Tests.dll" adapterTypeName="executor://xunit/VsTestRunner3/netcore/" className="SupplyCoreERP.EntityFrameworkCore.Domains.Catalog.MedicineManager_Integration_Tests" name="Should_Add_Ingredient_Successfully" />
    </UnitTest>
    <UnitTest name="SupplyCoreERP.EntityFrameworkCore.Domains.Partner.CustomerManager_Integration_Tests.Should_Create_Customer_And_Generate_Customer_Code" storage="d:\projectowner\supplycoreerp\test\supplycoreerp.entityframeworkcore.tests\bin\debug\net10.0\supplycoreerp.entityframeworkcore.tests.dll" id="7fcbfb60-984d-40a8-40ee-274916662086">
      <Execution id="5b016430-bcf6-4f12-a186-0a43e753d3f8" />
      <TestMethod codeBase="D:\ProjectOwner\SupplyCoreERP\test\SupplyCoreERP.EntityFrameworkCore.Tests\bin\Debug\net10.0\SupplyCoreERP.EntityFrameworkCore.Tests.dll" adapterTypeName="executor://xunit/VsTestRunner3/netcore/" className="SupplyCoreERP.EntityFrameworkCore.Domains.Partner.CustomerManager_Integration_Tests" name="Should_Create_Customer_And_Generate_Customer_Code" />
    </UnitTest>
    <UnitTest name="SupplyCoreERP.EntityFrameworkCore.Applications.Catalog.MedicineAppService_Integration_Tests.Should_Create_Medicine_When_Input_Is_Valid" storage="d:\projectowner\supplycoreerp\test\supplycoreerp.entityframeworkcore.tests\bin\debug\net10.0\supplycoreerp.entityframeworkcore.tests.dll" id="abdc738b-4e9b-cda9-78c5-d3f5a7c134e9">
      <Execution id="eb4c46e1-f93e-4a86-9d88-72575bd0b2b4" />
      <TestMethod codeBase="D:\ProjectOwner\SupplyCoreERP\test\SupplyCoreERP.EntityFrameworkCore.Tests\bin\Debug\net10.0\SupplyCoreERP.EntityFrameworkCore.Tests.dll" adapterTypeName="executor://xunit/VsTestRunner3/netcore/" className="SupplyCoreERP.EntityFrameworkCore.Applications.Catalog.MedicineAppService_Integration_Tests" name="Should_Create_Medicine_When_Input_Is_Valid" />
    </UnitTest>
  </TestDefinitions>
  <TestEntries>
    <TestEntry testId="6691b3dc-2477-2343-1af5-b106a9689aee" executionId="d3335a61-94ad-40ec-83d8-8f3bd7734102" testListId="8c84fa94-04c1-424b-9868-57a2d4851a1d" />
    <TestEntry testId="5c7253e6-3f6c-7402-b514-080cd80eba45" executionId="1f5b8588-7398-448b-997a-21af3e898198" testListId="8c84fa94-04c1-424b-9868-57a2d4851a1d" />
    <TestEntry testId="4844d6a9-433a-b553-822c-744234c0a97c" executionId="c7501125-228c-4300-a505-de8e957e1e94" testListId="8c84fa94-04c1-424b-9868-57a2d4851a1d" />
    <TestEntry testId="dc8645be-1215-6d9d-8a1e-09725bccb566" executionId="8129f67f-fb13-4f07-95bc-dda4bf45232e" testListId="8c84fa94-04c1-424b-9868-57a2d4851a1d" />
    <TestEntry testId="f497b503-da81-2210-d643-333d13a02281" executionId="02e70548-ffff-4dd3-8ae0-17d8cefb8487" testListId="8c84fa94-04c1-424b-9868-57a2d4851a1d" />
    <TestEntry testId="26821025-0881-ef71-1f5b-2fd9b45396bd" executionId="93ab6155-1348-4fc2-98c5-444173a61856" testListId="8c84fa94-04c1-424b-9868-57a2d4851a1d" />
    <TestEntry testId="61edf948-3e9b-8166-ffe9-e6cadc836764" executionId="451e250e-5633-4601-b02a-83d9c77b64d0" testListId="8c84fa94-04c1-424b-9868-57a2d4851a1d" />
    <TestEntry testId="dbad55bb-3d8f-872c-02d1-640c3bb9c662" executionId="c55f5ae6-ef73-43c5-a7ca-ad990dcdae03" testListId="8c84fa94-04c1-424b-9868-57a2d4851a1d" />
    <TestEntry testId="6d333723-a848-e1ac-8eb2-da36ec6e664a" executionId="0ee52209-079c-4aae-bffa-e8941f6c0c57" testListId="8c84fa94-04c1-424b-9868-57a2d4851a1d" />
    <TestEntry testId="f113bb1b-82df-3d3a-f39a-8b006f2be945" executionId="92fc722d-834c-4a9c-8f0b-eab06618895c" testListId="8c84fa94-04c1-424b-9868-57a2d4851a1d" />
    <TestEntry testId="b363e255-9d79-c0ae-16b7-cb2a036f3c60" executionId="8f7b97a2-2eb2-4b1d-a945-4ebfc0a21f46" testListId="8c84fa94-04c1-424b-9868-57a2d4851a1d" />
    <TestEntry testId="2deaafa8-2474-f508-111c-af34f75d313b" executionId="6b305333-412c-42dd-8c33-542565d35a15" testListId="8c84fa94-04c1-424b-9868-57a2d4851a1d" />
    <TestEntry testId="7fcbfb60-984d-40a8-40ee-274916662086" executionId="5b016430-bcf6-4f12-a186-0a43e753d3f8" testListId="8c84fa94-04c1-424b-9868-57a2d4851a1d" />
    <TestEntry testId="abdc738b-4e9b-cda9-78c5-d3f5a7c134e9" executionId="eb4c46e1-f93e-4a86-9d88-72575bd0b2b4" testListId="8c84fa94-04c1-424b-9868-57a2d4851a1d" />
    <TestEntry testId="c2505f0f-3bc3-1ada-548d-7ef0e2d27a19" executionId="5abd9700-a7c9-4dec-a292-83d75222ec4d" testListId="8c84fa94-04c1-424b-9868-57a2d4851a1d" />
    <TestEntry testId="78e18cf1-d3c8-3572-804b-e25f35d0b84d" executionId="63bf46dd-c969-4781-8f2e-5278eeb1a952" testListId="8c84fa94-04c1-424b-9868-57a2d4851a1d" />
    <TestEntry testId="b55d9d28-91e5-4bb6-2963-6ec22b515814" executionId="f42f66ca-15bd-4b3d-b262-0a97b8b3c489" testListId="8c84fa94-04c1-424b-9868-57a2d4851a1d" />
    <TestEntry testId="7ff9c148-3d3d-d389-ffcd-d13c7f227024" executionId="996212ae-66e9-49af-824c-905f0337237e" testListId="8c84fa94-04c1-424b-9868-57a2d4851a1d" />
    <TestEntry testId="9b32ee3d-972d-571e-b40d-dc94a43ed47d" executionId="3746410d-8c2b-4e75-82fc-e3f13bcbb2d4" testListId="8c84fa94-04c1-424b-9868-57a2d4851a1d" />
    <TestEntry testId="de352c43-0fc1-7130-2127-c7506bbc76bf" executionId="270b1a96-201a-4a40-90a4-2327c0858922" testListId="8c84fa94-04c1-424b-9868-57a2d4851a1d" />
    <TestEntry testId="78b9a0bc-7f98-e35d-62b2-4e03e0d3ee20" executionId="43b213d5-35e8-4217-8601-5b3a6c6acc49" testListId="8c84fa94-04c1-424b-9868-57a2d4851a1d" />
    <TestEntry testId="c27ff31d-bc49-545a-6f7a-496ad11f7f81" executionId="b4275e08-b56a-434a-8f53-d75a377d6d8b" testListId="8c84fa94-04c1-424b-9868-57a2d4851a1d" />
    <TestEntry testId="f2d38a96-6a30-66a4-119b-925ba50eb447" executionId="0bfd9a9c-27a8-4949-9241-5699d5684e16" testListId="8c84fa94-04c1-424b-9868-57a2d4851a1d" />
    <TestEntry testId="e4748458-acbe-877e-fdc2-b5cde91a2c69" executionId="011d500e-4322-4fb7-8d69-c9d5e9adfc30" testListId="8c84fa94-04c1-424b-9868-57a2d4851a1d" />
    <TestEntry testId="53d3be7b-1c40-598a-bda4-ba5728bcbb73" executionId="c1916bff-c13c-468a-8175-c9d6e5e1a1c9" testListId="8c84fa94-04c1-424b-9868-57a2d4851a1d" />
    <TestEntry testId="b08c9717-a5d8-89b6-35c4-0be41258f2ad" executionId="6123da67-9289-4b7a-a6a1-e9104528887a" testListId="8c84fa94-04c1-424b-9868-57a2d4851a1d" />
    <TestEntry testId="ffaca975-417b-1eba-1111-56a1cec11315" executionId="e3ecda8b-9de2-4aba-97b6-99aaa0c537ff" testListId="8c84fa94-04c1-424b-9868-57a2d4851a1d" />
    <TestEntry testId="51b0dcad-856d-cf6f-928c-55ef7f711fd9" executionId="b708f35d-e929-4119-b484-97295b30b102" testListId="8c84fa94-04c1-424b-9868-57a2d4851a1d" />
    <TestEntry testId="ddd085d6-eb32-def3-3e8c-addd93f75b93" executionId="a6b1ab7d-1a24-4aaa-bda2-35ed6692cb93" testListId="8c84fa94-04c1-424b-9868-57a2d4851a1d" />
    <TestEntry testId="afe5ce52-2f65-fe9f-0d2d-eddd89d96828" executionId="0c52627f-193b-4acb-b0c1-c0d431c1864c" testListId="8c84fa94-04c1-424b-9868-57a2d4851a1d" />
    <TestEntry testId="08a902df-b025-e47a-458b-4fdbbf6b469a" executionId="015a0e3a-a4e3-4b47-ad30-a4cc53820fa0" testListId="8c84fa94-04c1-424b-9868-57a2d4851a1d" />
    <TestEntry testId="0db6a273-9eea-860d-6a8f-4a407369d28b" executionId="3b8c6464-ead7-4aaf-b118-9bf30103b28a" testListId="8c84fa94-04c1-424b-9868-57a2d4851a1d" />
    <TestEntry testId="e4585544-0b95-e18c-da64-5f6290174862" executionId="3f807d51-1676-40df-abdf-6ae4b5a12319" testListId="8c84fa94-04c1-424b-9868-57a2d4851a1d" />
    <TestEntry testId="7c717e14-98b5-1f78-04a6-6129b875603a" executionId="2018401d-00d1-42c6-a06d-095b0c1dc9f3" testListId="8c84fa94-04c1-424b-9868-57a2d4851a1d" />
    <TestEntry testId="50942155-51cf-f6cc-9df7-fa07243c50b7" executionId="54fd38c5-b44c-4aca-99aa-06e14e382983" testListId="8c84fa94-04c1-424b-9868-57a2d4851a1d" />
    <TestEntry testId="f479a3b3-33b7-de8f-4541-e8a8d0481884" executionId="1f155269-e5ce-4bac-ab20-f16660335f31" testListId="8c84fa94-04c1-424b-9868-57a2d4851a1d" />
    <TestEntry testId="fab5414e-6d6a-2b0a-208f-8132d8f8bb9e" executionId="21cb41d4-19b0-42b0-a45f-bb31c8f26ecf" testListId="8c84fa94-04c1-424b-9868-57a2d4851a1d" />
    <TestEntry testId="daae6f6e-d4b0-ec96-d1c6-3ba0f7b5c421" executionId="3351e57b-ff94-468f-a041-9dcbfb0e6f6e" testListId="8c84fa94-04c1-424b-9868-57a2d4851a1d" />
    <TestEntry testId="8ecbb036-c7fc-6a77-f37d-2a489dca034c" executionId="7eb53259-3113-4f2d-88d2-35763f9e2feb" testListId="8c84fa94-04c1-424b-9868-57a2d4851a1d" />
    <TestEntry testId="c69e4d43-2f74-8b04-080f-291862bceb82" executionId="53746e9c-d09d-42d7-b15f-f5341c863870" testListId="8c84fa94-04c1-424b-9868-57a2d4851a1d" />
    <TestEntry testId="a09a3b5e-2df1-8a73-a6d1-090d6c3a4274" executionId="1c75794f-f1d9-4733-9b79-eb08405109fb" testListId="8c84fa94-04c1-424b-9868-57a2d4851a1d" />
    <TestEntry testId="b462330f-b770-62c1-3e69-9b25122d713c" executionId="a96da2e7-8549-4a56-ad67-b17ff5a471f1" testListId="8c84fa94-04c1-424b-9868-57a2d4851a1d" />
    <TestEntry testId="e9c9b9a9-d963-effc-90ca-11b27fbb5294" executionId="7b127b27-b754-4837-972a-87ab8142d18b" testListId="8c84fa94-04c1-424b-9868-57a2d4851a1d" />
    <TestEntry testId="0fd09461-24ae-1dba-47e6-956d6b2e33e3" executionId="3c7a4150-d69a-443d-b6be-d1954071792a" testListId="8c84fa94-04c1-424b-9868-57a2d4851a1d" />
    <TestEntry testId="c3799e66-f52d-d9e1-6026-3a0705a2947c" executionId="663e824f-fdf2-40fa-b79a-4e2c6b63d288" testListId="8c84fa94-04c1-424b-9868-57a2d4851a1d" />
    <TestEntry testId="12d55d8f-efd5-07ee-c256-8c621072b656" executionId="9c48f10a-9411-48ac-9b55-37f17330b206" testListId="8c84fa94-04c1-424b-9868-57a2d4851a1d" />
    <TestEntry testId="d81b8a1d-9378-03b2-734d-9162bdabeead" executionId="605073f4-f2d1-4466-b5a9-2339f7b566f0" testListId="8c84fa94-04c1-424b-9868-57a2d4851a1d" />
    <TestEntry testId="882ac28c-e80b-5a3b-5182-115dc7991c1f" executionId="84d10a19-5540-4d1e-be14-62f69a7569df" testListId="8c84fa94-04c1-424b-9868-57a2d4851a1d" />
    <TestEntry testId="45fd0785-0e20-69e9-9613-4a5e236c0d3d" executionId="b297c66f-795d-4929-a4a4-0ebd7068fb81" testListId="8c84fa94-04c1-424b-9868-57a2d4851a1d" />
    <TestEntry testId="ec0e05c6-5427-584f-f1c9-2642f04c8043" executionId="518d32c4-4959-44a8-852d-7797745c22bb" testListId="8c84fa94-04c1-424b-9868-57a2d4851a1d" />
    <TestEntry testId="35ed76f8-21cf-f5f8-77d6-88d4cf946d09" executionId="77017f47-506a-49ca-8d42-fb1e766e1e40" testListId="8c84fa94-04c1-424b-9868-57a2d4851a1d" />
    <TestEntry testId="57d48ee6-cef1-f85c-4a73-08038f0c5847" executionId="ae003940-de20-40e1-9cfd-3b16055d3c38" testListId="8c84fa94-04c1-424b-9868-57a2d4851a1d" />
  </TestEntries>
  <TestLists>
    <TestList name="Results Not in a List" id="8c84fa94-04c1-424b-9868-57a2d4851a1d" />
    <TestList name="All Loaded Results" id="19431567-8539-422a-85d7-44ee4e166bda" />
  </TestLists>
  <ResultSummary outcome="Completed">
    <Counters total="52" executed="52" passed="52" failed="0" error="0" timeout="0" aborted="0" inconclusive="0" passedButRunAborted="0" notRunnable="0" notExecuted="0" disconnected="0" warning="0" completed="0" inProgress="0" pending="0" />
    <Output>
      <StdOut>[xUnit.net 00:00:00.00] xUnit.net VSTest Adapter v3.1.4+50e68bbb8b (64-bit .NET 10.0.8)&#xD;
[xUnit.net 00:00:00.69]   Discovering: SupplyCoreERP.EntityFrameworkCore.Tests&#xD;
[xUnit.net 00:00:00.72]   Discovered:  SupplyCoreERP.EntityFrameworkCore.Tests&#xD;
[xUnit.net 00:00:00.75]   Starting:    SupplyCoreERP.EntityFrameworkCore.Tests&#xD;
[xUnit.net 00:00:35.35]   Finished:    SupplyCoreERP.EntityFrameworkCore.Tests&#xD;
</StdOut>
    </Output>
  </ResultSummary>
</TestRun>