<?xml version="1.0" encoding="utf-8"?>
<TestRun id="1455a305-e780-4b22-a9c7-81f4006a04bf" name="TSP@DESKTOP-6PAUN01 2026-05-26 09:29:18" runUser="DESKTOP-6PAUN01\TSP" xmlns="http://microsoft.com/schemas/VisualStudio/TeamTest/2010">
  <Times creation="2026-05-26T09:29:18.3461403+07:00" queuing="2026-05-26T09:29:18.3461405+07:00" start="2026-05-26T09:29:17.7208267+07:00" finish="2026-05-26T09:29:18.5256976+07:00" />
  <TestSettings name="default" id="a2edc1fa-d401-4022-826d-d5b6c0168c1c">
    <Deployment runDeploymentRoot="TSP_DESKTOP-6PAUN01_2026-05-26_09_29_18" />
  </TestSettings>
  <Results>
    <UnitTestResult executionId="9750e017-92c3-4b71-905e-9c9e758b4522" testId="a83eaa06-dc19-fc39-3499-5f5bfff24da0" testName="SupplyCoreERP.Catalog.Products.ProductManager_Unit_Tests.Should_Return_True_For_HasTransactions_When_TicketLine_Exists" computerName="DESKTOP-6PAUN01" duration="00:00:00.0012886" startTime="2026-05-26T09:29:18.4301749+07:00" endTime="2026-05-26T09:29:18.4320222+07:00" testType="13cdc9d9-ddb5-4fa4-a97d-d965ccfc6d4b" outcome="Passed" testListId="8c84fa94-04c1-424b-9868-57a2d4851a1d" relativeResultsDirectory="9750e017-92c3-4b71-905e-9c9e758b4522" />
    <UnitTestResult executionId="8ce6e0ab-85fe-4abc-bb74-c76263fca6cf" testId="9e280f00-9eb1-9b01-14d9-8a8dccc80ccc" testName="SupplyCoreERP.Partner.Suppliers.SupplierManager_Unit_Tests.Should_Throw_BusinessException_When_RemoveProduct_Product_NotFound" computerName="DESKTOP-6PAUN01" duration="00:00:00.1627569" startTime="2026-05-26T09:29:18.2564080+07:00" endTime="2026-05-26T09:29:18.4228082+07:00" testType="13cdc9d9-ddb5-4fa4-a97d-d965ccfc6d4b" outcome="Passed" testListId="8c84fa94-04c1-424b-9868-57a2d4851a1d" relativeResultsDirectory="8ce6e0ab-85fe-4abc-bb74-c76263fca6cf" />
    <UnitTestResult executionId="25e2ccc6-ec68-4138-a43e-5bfc702ab60d" testId="830b0e67-47b8-dc86-35d5-a0b019aaf5c3" testName="SupplyCoreERP.Catalog.Medicines.MedicineManager_Unit_Tests.Should_Remove_Unit_Successfully" computerName="DESKTOP-6PAUN01" duration="00:00:00.0021976" startTime="2026-05-26T09:29:18.4534107+07:00" endTime="2026-05-26T09:29:18.4553107+07:00" testType="13cdc9d9-ddb5-4fa4-a97d-d965ccfc6d4b" outcome="Passed" testListId="8c84fa94-04c1-424b-9868-57a2d4851a1d" relativeResultsDirectory="25e2ccc6-ec68-4138-a43e-5bfc702ab60d" />
    <UnitTestResult executionId="344f916f-d545-4293-adb1-faf0d756928b" testId="0c07bd67-9120-4ef7-d4f1-efed3501b211" testName="SupplyCoreERP.Partner.Suppliers.Supplier_Unit_Tests.Should_Create_Supplier_With_Valid_Parameters" computerName="DESKTOP-6PAUN01" duration="00:00:00.0006895" startTime="2026-05-26T09:29:18.3328457+07:00" endTime="2026-05-26T09:29:18.3330997+07:00" testType="13cdc9d9-ddb5-4fa4-a97d-d965ccfc6d4b" outcome="Passed" testListId="8c84fa94-04c1-424b-9868-57a2d4851a1d" relativeResultsDirectory="344f916f-d545-4293-adb1-faf0d756928b" />
    <UnitTestResult executionId="9fd015bb-7f15-402f-aa6a-56a18c4071ca" testId="98b1b33f-8943-adf1-b1d9-6c047aacbc21" testName="SupplyCoreERP.Partner.Suppliers.SupplierProduct_Unit_Tests.Should_Clamp_Negative_LeadTimeDays_On_UpdateInfo" computerName="DESKTOP-6PAUN01" duration="00:00:00.0000879" startTime="2026-05-26T09:29:18.3359681+07:00" endTime="2026-05-26T09:29:18.3364566+07:00" testType="13cdc9d9-ddb5-4fa4-a97d-d965ccfc6d4b" outcome="Passed" testListId="8c84fa94-04c1-424b-9868-57a2d4851a1d" relativeResultsDirectory="9fd015bb-7f15-402f-aa6a-56a18c4071ca" />
    <UnitTestResult executionId="a6c91c04-3b64-4030-8d62-4c3bf78bd116" testId="1704dd1c-f7fd-d8d0-f8e8-4f683928d434" testName="SupplyCoreERP.Partner.Suppliers.SupplierManager_Unit_Tests.Should_Throw_BusinessException_When_Delete_Supplier_With_Outstanding_Debt" computerName="DESKTOP-6PAUN01" duration="00:00:00.0013535" startTime="2026-05-26T09:29:18.4671883+07:00" endTime="2026-05-26T09:29:18.4684753+07:00" testType="13cdc9d9-ddb5-4fa4-a97d-d965ccfc6d4b" outcome="Passed" testListId="8c84fa94-04c1-424b-9868-57a2d4851a1d" relativeResultsDirectory="a6c91c04-3b64-4030-8d62-4c3bf78bd116" />
    <UnitTestResult executionId="ac1db9d7-a694-46f8-be35-8f6ae35bb67c" testId="f0dd64c3-4cb4-7802-2c21-04ae966acbf4" testName="SupplyCoreERP.Partner.Suppliers.SupplierProductCondition_Unit_Tests.Should_Throw_When_UpdateLastPurchasePrice_Negative" computerName="DESKTOP-6PAUN01" duration="00:00:00.0005276" startTime="2026-05-26T09:29:18.3276924+07:00" endTime="2026-05-26T09:29:18.3277212+07:00" testType="13cdc9d9-ddb5-4fa4-a97d-d965ccfc6d4b" outcome="Passed" testListId="8c84fa94-04c1-424b-9868-57a2d4851a1d" relativeResultsDirectory="ac1db9d7-a694-46f8-be35-8f6ae35bb67c" />
    <UnitTestResult executionId="ac3f0fce-f099-4a4d-87c1-db3d2e3bd7a9" testId="cd43536e-65a6-0fb4-6b74-402439c2bd99" testName="SupplyCoreERP.Partner.Customers.Customer_Unit_Tests.Should_Throw_When_AddDebt_Exceeds_Credit_Limit" computerName="DESKTOP-6PAUN01" duration="00:00:00.0003538" startTime="2026-05-26T09:29:18.3313513+07:00" endTime="2026-05-26T09:29:18.3315814+07:00" testType="13cdc9d9-ddb5-4fa4-a97d-d965ccfc6d4b" outcome="Passed" testListId="8c84fa94-04c1-424b-9868-57a2d4851a1d" relativeResultsDirectory="ac3f0fce-f099-4a4d-87c1-db3d2e3bd7a9" />
    <UnitTestResult executionId="aef3acc5-0194-4ab9-8c87-641d47904cc9" testId="e09c897a-ee95-3d3a-23f1-280677662ae4" testName="SupplyCoreERP.Partner.Customers.CustomerManager_Unit_Tests.Should_Throw_BusinessException_When_Location_Area_NotFound" computerName="DESKTOP-6PAUN01" duration="00:00:00.0013690" startTime="2026-05-26T09:29:18.4522727+07:00" endTime="2026-05-26T09:29:18.4534461+07:00" testType="13cdc9d9-ddb5-4fa4-a97d-d965ccfc6d4b" outcome="Passed" testListId="8c84fa94-04c1-424b-9868-57a2d4851a1d" relativeResultsDirectory="aef3acc5-0194-4ab9-8c87-641d47904cc9" />
    <UnitTestResult executionId="d73f1f64-7534-4496-8b9a-a2b3ad5cdf56" testId="729e03f0-b040-6fac-91f9-4c55d4c7c382" testName="SupplyCoreERP.Catalog.Medicines.MedicineManager_Unit_Tests.Should_Remove_Ingredient_Successfully" computerName="DESKTOP-6PAUN01" duration="00:00:00.0013209" startTime="2026-05-26T09:29:18.4616971+07:00" endTime="2026-05-26T09:29:18.4623936+07:00" testType="13cdc9d9-ddb5-4fa4-a97d-d965ccfc6d4b" outcome="Passed" testListId="8c84fa94-04c1-424b-9868-57a2d4851a1d" relativeResultsDirectory="d73f1f64-7534-4496-8b9a-a2b3ad5cdf56" />
    <UnitTestResult executionId="5b4c89ec-b11f-4dcb-b5bd-ab3196d56b2c" testId="d1cc45d6-f0ca-7b37-971c-9383134a5fcd" testName="SupplyCoreERP.Catalog.Medicines.Medicine_Unit_Tests.Should_Throw_BusinessException_When_RegNumber_Is_Duplicate" computerName="DESKTOP-6PAUN01" duration="00:00:00.0003364" startTime="2026-05-26T09:29:18.3369300+07:00" endTime="2026-05-26T09:29:18.3369568+07:00" testType="13cdc9d9-ddb5-4fa4-a97d-d965ccfc6d4b" outcome="Passed" testListId="8c84fa94-04c1-424b-9868-57a2d4851a1d" relativeResultsDirectory="5b4c89ec-b11f-4dcb-b5bd-ab3196d56b2c" />
    <UnitTestResult executionId="4dafa47b-2bbc-4240-a26c-b5c402a0c2f7" testId="66319d30-ff07-8e60-7b19-d1a13aac7dda" testName="SupplyCoreERP.Catalog.Medicines.Medicine_Unit_Tests.Should_Update_Medicine_Info" computerName="DESKTOP-6PAUN01" duration="00:00:00.0037347" startTime="2026-05-26T09:29:18.3222201+07:00" endTime="2026-05-26T09:29:18.3273298+07:00" testType="13cdc9d9-ddb5-4fa4-a97d-d965ccfc6d4b" outcome="Passed" testListId="8c84fa94-04c1-424b-9868-57a2d4851a1d" relativeResultsDirectory="4dafa47b-2bbc-4240-a26c-b5c402a0c2f7" />
    <UnitTestResult executionId="0d627099-c0d8-4d53-b64c-15386e9d52a9" testId="e57e19e6-e102-0b88-5cad-2c5ce432af99" testName="SupplyCoreERP.Partner.Customers.CustomerManager_Unit_Tests.Should_Throw_BusinessException_When_PriceList_NotFound" computerName="DESKTOP-6PAUN01" duration="00:00:00.0019667" startTime="2026-05-26T09:29:18.4338884+07:00" endTime="2026-05-26T09:29:18.4356868+07:00" testType="13cdc9d9-ddb5-4fa4-a97d-d965ccfc6d4b" outcome="Passed" testListId="8c84fa94-04c1-424b-9868-57a2d4851a1d" relativeResultsDirectory="0d627099-c0d8-4d53-b64c-15386e9d52a9" />
    <UnitTestResult executionId="85b92323-c9f2-4097-9f54-9de8420c1d42" testId="0d6ac402-02d8-58ae-8104-3cb519eee7dd" testName="SupplyCoreERP.Partner.Suppliers.SupplierManager_Unit_Tests.Should_Throw_BusinessException_When_AddProduct_Product_NotFound" computerName="DESKTOP-6PAUN01" duration="00:00:00.0011165" startTime="2026-05-26T09:29:18.4704911+07:00" endTime="2026-05-26T09:29:18.4716108+07:00" testType="13cdc9d9-ddb5-4fa4-a97d-d965ccfc6d4b" outcome="Passed" testListId="8c84fa94-04c1-424b-9868-57a2d4851a1d" relativeResultsDirectory="85b92323-c9f2-4097-9f54-9de8420c1d42" />
    <UnitTestResult executionId="d772bd5c-9476-40b6-9813-a914d82eb9ed" testId="81b392d5-4336-ca20-ff33-5f6f42274ea4" testName="SupplyCoreERP.Catalog.Medicines.MedicineManager_Unit_Tests.Should_Throw_BusinessException_When_Foreign_Keys_Are_Invalid" computerName="DESKTOP-6PAUN01" duration="00:00:00.0026234" startTime="2026-05-26T09:29:18.4562308+07:00" endTime="2026-05-26T09:29:18.4588183+07:00" testType="13cdc9d9-ddb5-4fa4-a97d-d965ccfc6d4b" outcome="Passed" testListId="8c84fa94-04c1-424b-9868-57a2d4851a1d" relativeResultsDirectory="d772bd5c-9476-40b6-9813-a914d82eb9ed" />
    <UnitTestResult executionId="9a87890a-971c-413c-a445-7434c374a679" testId="9bcec060-b13d-36f1-ac75-e69431d9cb48" testName="SupplyCoreERP.Catalog.Medicines.MedicineManager_Unit_Tests.Should_Throw_BusinessException_When_Add_NonExistent_Ingredient" computerName="DESKTOP-6PAUN01" duration="00:00:00.0112886" startTime="2026-05-26T09:29:18.4365005+07:00" endTime="2026-05-26T09:29:18.4470298+07:00" testType="13cdc9d9-ddb5-4fa4-a97d-d965ccfc6d4b" outcome="Passed" testListId="8c84fa94-04c1-424b-9868-57a2d4851a1d" relativeResultsDirectory="9a87890a-971c-413c-a445-7434c374a679" />
    <UnitTestResult executionId="25ddc066-d246-466e-9373-554c8b60fef0" testId="0d20ee62-a18d-1fcd-83d8-b5f8db7b6cdb" testName="SupplyCoreERP.Partner.Customers.CustomerManager_Unit_Tests.Should_Throw_BusinessException_When_PhoneNumber_Exists" computerName="DESKTOP-6PAUN01" duration="00:00:00.0031489" startTime="2026-05-26T09:29:18.4489123+07:00" endTime="2026-05-26T09:29:18.4521832+07:00" testType="13cdc9d9-ddb5-4fa4-a97d-d965ccfc6d4b" outcome="Passed" testListId="8c84fa94-04c1-424b-9868-57a2d4851a1d" relativeResultsDirectory="25ddc066-d246-466e-9373-554c8b60fef0" />
    <UnitTestResult executionId="5bb35196-6f87-40dc-9029-d4e0a2482a90" testId="2212b3db-84b2-1e21-8611-ea0869d1fb1e" testName="SupplyCoreERP.Partner.Suppliers.SupplierProductCondition_Unit_Tests.Should_Throw_When_StandardPrice_Negative" computerName="DESKTOP-6PAUN01" duration="00:00:00.0008838" startTime="2026-05-26T09:29:18.3225080+07:00" endTime="2026-05-26T09:29:18.3225588+07:00" testType="13cdc9d9-ddb5-4fa4-a97d-d965ccfc6d4b" outcome="Passed" testListId="8c84fa94-04c1-424b-9868-57a2d4851a1d" relativeResultsDirectory="5bb35196-6f87-40dc-9029-d4e0a2482a90" />
    <UnitTestResult executionId="c0822aa8-a1f6-4c00-b07e-8910c3442177" testId="e8745b17-5dde-ff85-eeca-1c2a82a63cd9" testName="SupplyCoreERP.Partner.Customers.CustomerManager_Unit_Tests.Should_Throw_BusinessException_When_Location_AreaCity_Mismatch" computerName="DESKTOP-6PAUN01" duration="00:00:00.1638210" startTime="2026-05-26T09:29:18.2583290+07:00" endTime="2026-05-26T09:29:18.4248992+07:00" testType="13cdc9d9-ddb5-4fa4-a97d-d965ccfc6d4b" outcome="Passed" testListId="8c84fa94-04c1-424b-9868-57a2d4851a1d" relativeResultsDirectory="c0822aa8-a1f6-4c00-b07e-8910c3442177" />
    <UnitTestResult executionId="65fdf6d5-492e-4b02-a688-46fd2819a303" testId="1cbf8722-2250-2bea-3a29-e54a0529c516" testName="SupplyCoreERP.Partner.Customers.Customer_Unit_Tests.Should_Update_Customer_Info" computerName="DESKTOP-6PAUN01" duration="00:00:00.0003289" startTime="2026-05-26T09:29:18.3326863+07:00" endTime="2026-05-26T09:29:18.3328792+07:00" testType="13cdc9d9-ddb5-4fa4-a97d-d965ccfc6d4b" outcome="Passed" testListId="8c84fa94-04c1-424b-9868-57a2d4851a1d" relativeResultsDirectory="65fdf6d5-492e-4b02-a688-46fd2819a303" />
    <UnitTestResult executionId="9e02ee36-02b1-4f23-92ce-535d9c099dbd" testId="9898fa9c-c17d-4ddb-157c-a243dedce159" testName="SupplyCoreERP.Catalog.Medicines.Medicine_Unit_Tests.Should_Throw_BusinessException_When_Ingredient_Is_Duplicate" computerName="DESKTOP-6PAUN01" duration="00:00:00.0161051" startTime="2026-05-26T09:29:18.2582912+07:00" endTime="2026-05-26T09:29:18.2870353+07:00" testType="13cdc9d9-ddb5-4fa4-a97d-d965ccfc6d4b" outcome="Passed" testListId="8c84fa94-04c1-424b-9868-57a2d4851a1d" relativeResultsDirectory="9e02ee36-02b1-4f23-92ce-535d9c099dbd" />
    <UnitTestResult executionId="9a200e1e-75ff-4ad9-892a-a2020c68070e" testId="1a504056-023e-9712-7b5d-544106f2865c" testName="SupplyCoreERP.Catalog.Products.ProductManager_Unit_Tests.Should_Return_False_For_HasTransactions_When_No_Transactions_Exist" computerName="DESKTOP-6PAUN01" duration="00:00:00.0049615" startTime="2026-05-26T09:29:18.4253933+07:00" endTime="2026-05-26T09:29:18.4298190+07:00" testType="13cdc9d9-ddb5-4fa4-a97d-d965ccfc6d4b" outcome="Passed" testListId="8c84fa94-04c1-424b-9868-57a2d4851a1d" relativeResultsDirectory="9a200e1e-75ff-4ad9-892a-a2020c68070e" />
    <UnitTestResult executionId="353bebc8-557f-4804-9ed8-f71613af2cb8" testId="59908a19-9b69-8606-dfaa-25992d7e42e4" testName="SupplyCoreERP.Catalog.Medicines.Medicine_Unit_Tests.Should_Approve_Pending_Medicine" computerName="DESKTOP-6PAUN01" duration="00:00:00.0007743" startTime="2026-05-26T09:29:18.3288011+07:00" endTime="2026-05-26T09:29:18.3297020+07:00" testType="13cdc9d9-ddb5-4fa4-a97d-d965ccfc6d4b" outcome="Passed" testListId="8c84fa94-04c1-424b-9868-57a2d4851a1d" relativeResultsDirectory="353bebc8-557f-4804-9ed8-f71613af2cb8" />
    <UnitTestResult executionId="458581c3-7b17-4890-9afa-15b65b3ce2f5" testId="a6432989-5f8a-4d4c-0f4e-54ad8ef22359" testName="SupplyCoreERP.Catalog.Medicines.Medicine_Unit_Tests.Should_Create_Medicine_With_Valid_Parameters" computerName="DESKTOP-6PAUN01" duration="00:00:00.0015264" startTime="2026-05-26T09:29:18.3368373+07:00" endTime="2026-05-26T09:29:18.3368681+07:00" testType="13cdc9d9-ddb5-4fa4-a97d-d965ccfc6d4b" outcome="Passed" testListId="8c84fa94-04c1-424b-9868-57a2d4851a1d" relativeResultsDirectory="458581c3-7b17-4890-9afa-15b65b3ce2f5" />
    <UnitTestResult executionId="2a640e6d-915c-4fa2-a0be-493e61c30d45" testId="802f1d46-2c0e-5f11-c603-20c5207350ff" testName="SupplyCoreERP.Catalog.Products.ProductManager_Unit_Tests.Should_Throw_BusinessException_When_CheckCode_Duplicate" computerName="DESKTOP-6PAUN01" duration="00:00:00.0016976" startTime="2026-05-26T09:29:18.4246827+07:00" endTime="2026-05-26T09:29:18.4252738+07:00" testType="13cdc9d9-ddb5-4fa4-a97d-d965ccfc6d4b" outcome="Passed" testListId="8c84fa94-04c1-424b-9868-57a2d4851a1d" relativeResultsDirectory="2a640e6d-915c-4fa2-a0be-493e61c30d45" />
    <UnitTestResult executionId="bfa7a464-c0f6-4242-a728-412b93bd5c75" testId="a3d48b5b-aeb8-6195-0a52-dd41a7ff56f5" testName="SupplyCoreERP.Partner.Customers.Customer_Unit_Tests.Should_Throw_When_PayDebt_With_Invalid_Amount" computerName="DESKTOP-6PAUN01" duration="00:00:00.0013075" startTime="2026-05-26T09:29:18.3219133+07:00" endTime="2026-05-26T09:29:18.3222541+07:00" testType="13cdc9d9-ddb5-4fa4-a97d-d965ccfc6d4b" outcome="Passed" testListId="8c84fa94-04c1-424b-9868-57a2d4851a1d" relativeResultsDirectory="bfa7a464-c0f6-4242-a728-412b93bd5c75" />
    <UnitTestResult executionId="ec41383c-da73-43e3-86e8-cb696f89aabf" testId="1048721c-b519-87c8-e940-61311c0441a0" testName="SupplyCoreERP.Partner.Customers.Customer_Unit_Tests.Should_Set_Active" computerName="DESKTOP-6PAUN01" duration="00:00:00.0001724" startTime="2026-05-26T09:29:18.3249464+07:00" endTime="2026-05-26T09:29:18.3260067+07:00" testType="13cdc9d9-ddb5-4fa4-a97d-d965ccfc6d4b" outcome="Passed" testListId="8c84fa94-04c1-424b-9868-57a2d4851a1d" relativeResultsDirectory="ec41383c-da73-43e3-86e8-cb696f89aabf" />
    <UnitTestResult executionId="a7cf7c4a-c0ea-4e48-8256-479d4a7ef8e5" testId="6838b751-aa13-2878-a3b6-26c346655558" testName="SupplyCoreERP.Partner.Suppliers.SupplierManager_Unit_Tests.Should_Throw_BusinessException_When_Location_City_NotFound" computerName="DESKTOP-6PAUN01" duration="00:00:00.0030155" startTime="2026-05-26T09:29:18.4342337+07:00" endTime="2026-05-26T09:29:18.4455998+07:00" testType="13cdc9d9-ddb5-4fa4-a97d-d965ccfc6d4b" outcome="Passed" testListId="8c84fa94-04c1-424b-9868-57a2d4851a1d" relativeResultsDirectory="a7cf7c4a-c0ea-4e48-8256-479d4a7ef8e5" />
    <UnitTestResult executionId="35277a8f-2738-4ad1-a1ae-a822691e3a12" testId="1ca61147-f820-b676-2261-2aedb9c8a1d6" testName="SupplyCoreERP.Partner.Suppliers.Supplier_Unit_Tests.Should_Throw_When_ToggleProductActive_Not_Found" computerName="DESKTOP-6PAUN01" duration="00:00:00.0160269" startTime="2026-05-26T09:29:18.2582488+07:00" endTime="2026-05-26T09:29:18.2870105+07:00" testType="13cdc9d9-ddb5-4fa4-a97d-d965ccfc6d4b" outcome="Passed" testListId="8c84fa94-04c1-424b-9868-57a2d4851a1d" relativeResultsDirectory="35277a8f-2738-4ad1-a1ae-a822691e3a12" />
    <UnitTestResult executionId="a1b286ef-4301-495c-9d1f-d1854f30532a" testId="f6506642-cd99-b11f-fde1-bd961efc60b0" testName="SupplyCoreERP.Partner.Suppliers.SupplierManager_Unit_Tests.Should_Throw_BusinessException_When_Location_Country_NotFound" computerName="DESKTOP-6PAUN01" duration="00:00:00.0012554" startTime="2026-05-26T09:29:18.4691787+07:00" endTime="2026-05-26T09:29:18.4703895+07:00" testType="13cdc9d9-ddb5-4fa4-a97d-d965ccfc6d4b" outcome="Passed" testListId="8c84fa94-04c1-424b-9868-57a2d4851a1d" relativeResultsDirectory="a1b286ef-4301-495c-9d1f-d1854f30532a" />
    <UnitTestResult executionId="a4c5b4b9-0912-458a-98c9-61b61cb3be6a" testId="5c298111-2100-7d93-4091-d0973d810ae0" testName="SupplyCoreERP.Partner.Suppliers.SupplierProduct_Unit_Tests.Should_Pass_ValidateConditions_With_Valid_Conditions" computerName="DESKTOP-6PAUN01" duration="00:00:00.0001914" startTime="2026-05-26T09:29:18.3345662+07:00" endTime="2026-05-26T09:29:18.3345996+07:00" testType="13cdc9d9-ddb5-4fa4-a97d-d965ccfc6d4b" outcome="Passed" testListId="8c84fa94-04c1-424b-9868-57a2d4851a1d" relativeResultsDirectory="a4c5b4b9-0912-458a-98c9-61b61cb3be6a" />
    <UnitTestResult executionId="3ad65d90-1990-4555-bcdc-675384a30c21" testId="bc0ea0da-350f-5a9c-f926-4ef070b5af19" testName="SupplyCoreERP.Partner.Customers.CustomerManager_Unit_Tests.Should_Throw_BusinessException_When_Location_CityCountry_Mismatch" computerName="DESKTOP-6PAUN01" duration="00:00:00.0030689" startTime="2026-05-26T09:29:18.4554936+07:00" endTime="2026-05-26T09:29:18.4582114+07:00" testType="13cdc9d9-ddb5-4fa4-a97d-d965ccfc6d4b" outcome="Passed" testListId="8c84fa94-04c1-424b-9868-57a2d4851a1d" relativeResultsDirectory="3ad65d90-1990-4555-bcdc-675384a30c21" />
    <UnitTestResult executionId="e88b56f2-e6d7-42b7-8bde-0bc383644a31" testId="59e49e40-7d89-23d3-6dfe-b1e4de9fd8f3" testName="SupplyCoreERP.Partner.Suppliers.SupplierManager_Unit_Tests.Should_Throw_BusinessException_When_Location_Area_City_Mismatch" computerName="DESKTOP-6PAUN01" duration="00:00:00.0015540" startTime="2026-05-26T09:29:18.4617474+07:00" endTime="2026-05-26T09:29:18.4625375+07:00" testType="13cdc9d9-ddb5-4fa4-a97d-d965ccfc6d4b" outcome="Passed" testListId="8c84fa94-04c1-424b-9868-57a2d4851a1d" relativeResultsDirectory="e88b56f2-e6d7-42b7-8bde-0bc383644a31" />
    <UnitTestResult executionId="e6cecb12-57dd-47d9-bbd2-776a267710f8" testId="48c58abe-3ea8-ff15-19be-707540d916b9" testName="SupplyCoreERP.Partner.Suppliers.Supplier_Unit_Tests.Should_Throw_When_RemoveProduct_Not_Found" computerName="DESKTOP-6PAUN01" duration="00:00:00.0004682" startTime="2026-05-26T09:29:18.3317725+07:00" endTime="2026-05-26T09:29:18.3327109+07:00" testType="13cdc9d9-ddb5-4fa4-a97d-d965ccfc6d4b" outcome="Passed" testListId="8c84fa94-04c1-424b-9868-57a2d4851a1d" relativeResultsDirectory="e6cecb12-57dd-47d9-bbd2-776a267710f8" />
    <UnitTestResult executionId="124aecbf-a49f-4803-9859-07bd1f331bb9" testId="955f9b88-1601-2d79-8350-29ea692567aa" testName="SupplyCoreERP.Partner.Customers.Customer_Unit_Tests.Should_Clamp_Negative_DebtInfo_To_Zero" computerName="DESKTOP-6PAUN01" duration="00:00:00.0001386" startTime="2026-05-26T09:29:18.3317576+07:00" endTime="2026-05-26T09:29:18.3318290+07:00" testType="13cdc9d9-ddb5-4fa4-a97d-d965ccfc6d4b" outcome="Passed" testListId="8c84fa94-04c1-424b-9868-57a2d4851a1d" relativeResultsDirectory="124aecbf-a49f-4803-9859-07bd1f331bb9" />
    <UnitTestResult executionId="2b86bac4-bda8-4c3a-a0cb-ad212ba3fde2" testId="26f28203-5070-52e6-774a-50a367fcfcb2" testName="SupplyCoreERP.Partner.Suppliers.Supplier_Unit_Tests.Should_Add_Debt_When_No_Limit" computerName="DESKTOP-6PAUN01" duration="00:00:00.0001539" startTime="2026-05-26T09:29:18.3359916+07:00" endTime="2026-05-26T09:29:18.3365545+07:00" testType="13cdc9d9-ddb5-4fa4-a97d-d965ccfc6d4b" outcome="Passed" testListId="8c84fa94-04c1-424b-9868-57a2d4851a1d" relativeResultsDirectory="2b86bac4-bda8-4c3a-a0cb-ad212ba3fde2" />
    <UnitTestResult executionId="92284c39-e8a2-4b53-904c-66c98ada2365" testId="7c0f411f-0c8e-4625-d825-7471cb828b30" testName="SupplyCoreERP.Partner.Suppliers.Supplier_Unit_Tests.Should_Throw_When_AddDebt_Exceeds_Limit" computerName="DESKTOP-6PAUN01" duration="00:00:00.0025886" startTime="2026-05-26T09:29:18.3275829+07:00" endTime="2026-05-26T09:29:18.3280216+07:00" testType="13cdc9d9-ddb5-4fa4-a97d-d965ccfc6d4b" outcome="Passed" testListId="8c84fa94-04c1-424b-9868-57a2d4851a1d" relativeResultsDirectory="92284c39-e8a2-4b53-904c-66c98ada2365" />
    <UnitTestResult executionId="5c10d1f8-5e48-4eee-a2ab-3a410dbf970f" testId="3d4bb43a-1ede-4851-6263-dce8a6f17d84" testName="SupplyCoreERP.Partner.Suppliers.Supplier_Unit_Tests.Should_Throw_When_AddDebt_With_Invalid_Amount" computerName="DESKTOP-6PAUN01" duration="00:00:00.0004100" startTime="2026-05-26T09:29:18.3299269+07:00" endTime="2026-05-26T09:29:18.3306667+07:00" testType="13cdc9d9-ddb5-4fa4-a97d-d965ccfc6d4b" outcome="Passed" testListId="8c84fa94-04c1-424b-9868-57a2d4851a1d" relativeResultsDirectory="5c10d1f8-5e48-4eee-a2ab-3a410dbf970f" />
    <UnitTestResult executionId="2136431c-384e-44ef-a2f8-a579de12b0d3" testId="3e43822b-b2d0-1135-a69f-6fb4cfc5ab6c" testName="SupplyCoreERP.Partner.Suppliers.Supplier_Unit_Tests.Should_Set_Location" computerName="DESKTOP-6PAUN01" duration="00:00:00.0030450" startTime="2026-05-26T09:29:18.3220722+07:00" endTime="2026-05-26T09:29:18.3249843+07:00" testType="13cdc9d9-ddb5-4fa4-a97d-d965ccfc6d4b" outcome="Passed" testListId="8c84fa94-04c1-424b-9868-57a2d4851a1d" relativeResultsDirectory="2136431c-384e-44ef-a2f8-a579de12b0d3" />
    <UnitTestResult executionId="a54b79e5-3f16-4ae2-8f0c-7556f82a1440" testId="39f6f685-f38c-b18b-8123-2a061dee7997" testName="SupplyCoreERP.Catalog.Medicines.MedicineManager_Unit_Tests.Should_Add_Unit_Successfully" computerName="DESKTOP-6PAUN01" duration="00:00:00.1731814" startTime="2026-05-26T09:29:18.2583038+07:00" endTime="2026-05-26T09:29:18.4331860+07:00" testType="13cdc9d9-ddb5-4fa4-a97d-d965ccfc6d4b" outcome="Passed" testListId="8c84fa94-04c1-424b-9868-57a2d4851a1d" relativeResultsDirectory="a54b79e5-3f16-4ae2-8f0c-7556f82a1440" />
    <UnitTestResult executionId="6c70b85e-588a-4c3b-b3e9-ded419e40338" testId="e5686914-2942-3486-5819-23bfbd49efa1" testName="SupplyCoreERP.Partner.Suppliers.SupplierManager_Unit_Tests.Should_AddProduct_Successfully" computerName="DESKTOP-6PAUN01" duration="00:00:00.0019319" startTime="2026-05-26T09:29:18.4322362+07:00" endTime="2026-05-26T09:29:18.4339844+07:00" testType="13cdc9d9-ddb5-4fa4-a97d-d965ccfc6d4b" outcome="Passed" testListId="8c84fa94-04c1-424b-9868-57a2d4851a1d" relativeResultsDirectory="6c70b85e-588a-4c3b-b3e9-ded419e40338" />
    <UnitTestResult executionId="ebcf0d73-7dd5-4c73-bcd3-b80332bd9b57" testId="c350abbf-d5ba-3e34-7dd9-3aa2a1af622f" testName="SupplyCoreERP.Catalog.Medicines.Medicine_Unit_Tests.Should_Add_Registration_When_RegNumber_Changes" computerName="DESKTOP-6PAUN01" duration="00:00:00.0020231" startTime="2026-05-26T09:29:18.3215256+07:00" endTime="2026-05-26T09:29:18.3221021+07:00" testType="13cdc9d9-ddb5-4fa4-a97d-d965ccfc6d4b" outcome="Passed" testListId="8c84fa94-04c1-424b-9868-57a2d4851a1d" relativeResultsDirectory="ebcf0d73-7dd5-4c73-bcd3-b80332bd9b57" />
    <UnitTestResult executionId="53e8a397-0994-4e4d-9d65-267aea6be140" testId="e85df599-15e5-48a4-dacf-0ab6da8f306f" testName="SupplyCoreERP.Partner.Customers.CustomerManager_Unit_Tests.Should_Throw_BusinessException_When_Customer_Code_Exists" computerName="DESKTOP-6PAUN01" duration="00:00:00.0025961" startTime="2026-05-26T09:29:18.4319736+07:00" endTime="2026-05-26T09:29:18.4336256+07:00" testType="13cdc9d9-ddb5-4fa4-a97d-d965ccfc6d4b" outcome="Passed" testListId="8c84fa94-04c1-424b-9868-57a2d4851a1d" relativeResultsDirectory="53e8a397-0994-4e4d-9d65-267aea6be140" />
    <UnitTestResult executionId="8c543873-cb52-4503-aba0-d88e1a4d98d8" testId="339dcb1b-f0d7-22d4-a055-58422f2b3bbd" testName="SupplyCoreERP.Partner.Suppliers.SupplierProduct_Unit_Tests.Should_Set_Preferred" computerName="DESKTOP-6PAUN01" duration="00:00:00.0001163" startTime="2026-05-26T09:29:18.3366869+07:00" endTime="2026-05-26T09:29:18.3367162+07:00" testType="13cdc9d9-ddb5-4fa4-a97d-d965ccfc6d4b" outcome="Passed" testListId="8c84fa94-04c1-424b-9868-57a2d4851a1d" relativeResultsDirectory="8c543873-cb52-4503-aba0-d88e1a4d98d8" />
    <UnitTestResult executionId="13f86ef2-4773-43b7-bf82-311fe0253944" testId="d1474c65-6ac3-4593-6e08-86a0a84fdd1c" testName="SupplyCoreERP.Partner.Suppliers.SupplierProduct_Unit_Tests.Should_Create_SupplierProduct_With_Valid_Parameters" computerName="DESKTOP-6PAUN01" duration="00:00:00.0003721" startTime="2026-05-26T09:29:18.3343035+07:00" endTime="2026-05-26T09:29:18.3344615+07:00" testType="13cdc9d9-ddb5-4fa4-a97d-d965ccfc6d4b" outcome="Passed" testListId="8c84fa94-04c1-424b-9868-57a2d4851a1d" relativeResultsDirectory="13f86ef2-4773-43b7-bf82-311fe0253944" />
    <UnitTestResult executionId="18a6a0b4-37ae-4070-bfcb-8f9e68a89bc1" testId="c87d8eed-8ae8-6435-145c-80cc0167dced" testName="SupplyCoreERP.Partner.Customers.Customer_Unit_Tests.Should_Add_Debt_Successfully" computerName="DESKTOP-6PAUN01" duration="00:00:00.0001756" startTime="2026-05-26T09:29:18.3217784+07:00" endTime="2026-05-26T09:29:18.3218109+07:00" testType="13cdc9d9-ddb5-4fa4-a97d-d965ccfc6d4b" outcome="Passed" testListId="8c84fa94-04c1-424b-9868-57a2d4851a1d" relativeResultsDirectory="18a6a0b4-37ae-4070-bfcb-8f9e68a89bc1" />
    <UnitTestResult executionId="583ed42c-665b-4fe5-82c3-cd20b235a700" testId="910ba300-43a1-155a-ba35-4ef518d26dc9" testName="SupplyCoreERP.Partner.Suppliers.Supplier_Unit_Tests.Should_Remove_Product" computerName="DESKTOP-6PAUN01" duration="00:00:00.0004792" startTime="2026-05-26T09:29:18.3339070+07:00" endTime="2026-05-26T09:29:18.3340859+07:00" testType="13cdc9d9-ddb5-4fa4-a97d-d965ccfc6d4b" outcome="Passed" testListId="8c84fa94-04c1-424b-9868-57a2d4851a1d" relativeResultsDirectory="583ed42c-665b-4fe5-82c3-cd20b235a700" />
    <UnitTestResult executionId="be84c179-3db3-4ded-b974-461f1e6494cf" testId="6101a8e7-93f8-52db-0b63-dd6ad248aff2" testName="SupplyCoreERP.Partner.Customers.CustomerManager_Unit_Tests.Should_Throw_BusinessException_When_Location_City_NotFound" computerName="DESKTOP-6PAUN01" duration="00:00:00.0012724" startTime="2026-05-26T09:29:18.4585141+07:00" endTime="2026-05-26T09:29:18.4594349+07:00" testType="13cdc9d9-ddb5-4fa4-a97d-d965ccfc6d4b" outcome="Passed" testListId="8c84fa94-04c1-424b-9868-57a2d4851a1d" relativeResultsDirectory="be84c179-3db3-4ded-b974-461f1e6494cf" />
    <UnitTestResult executionId="8147e0cf-78aa-4e63-8338-a6aceb9cccbc" testId="13a8112d-7654-22c8-7927-c69000e6c671" testName="SupplyCoreERP.Partner.Suppliers.SupplierProductCondition_Unit_Tests.Should_Allow_StandardPrice_Zero" computerName="DESKTOP-6PAUN01" duration="00:00:00.0001915" startTime="2026-05-26T09:29:18.3279354+07:00" endTime="2026-05-26T09:29:18.3279653+07:00" testType="13cdc9d9-ddb5-4fa4-a97d-d965ccfc6d4b" outcome="Passed" testListId="8c84fa94-04c1-424b-9868-57a2d4851a1d" relativeResultsDirectory="8147e0cf-78aa-4e63-8338-a6aceb9cccbc" />
    <UnitTestResult executionId="3d462475-185c-4918-99a8-45e4ff2ce6ce" testId="4850ed5b-2f9a-4966-1689-8a24f3bd27c9" testName="SupplyCoreERP.Partner.Suppliers.SupplierProductCondition_Unit_Tests.Should_Throw_When_UpdateCondition_With_Invalid_Values" computerName="DESKTOP-6PAUN01" duration="00:00:00.0012128" startTime="2026-05-26T09:29:18.3247916+07:00" endTime="2026-05-26T09:29:18.3265474+07:00" testType="13cdc9d9-ddb5-4fa4-a97d-d965ccfc6d4b" outcome="Passed" testListId="8c84fa94-04c1-424b-9868-57a2d4851a1d" relativeResultsDirectory="3d462475-185c-4918-99a8-45e4ff2ce6ce" />
    <UnitTestResult executionId="0790d33c-66fb-4545-be6a-b39efc2d1591" testId="32722d9d-fd16-6f5a-c97a-0cc1a9c5a916" testName="SupplyCoreERP.Catalog.Products.ProductManager_Unit_Tests.Should_Not_Throw_When_CheckCode_Is_Unique" computerName="DESKTOP-6PAUN01" duration="00:00:00.0020779" startTime="2026-05-26T09:29:18.4210365+07:00" endTime="2026-05-26T09:29:18.4244338+07:00" testType="13cdc9d9-ddb5-4fa4-a97d-d965ccfc6d4b" outcome="Passed" testListId="8c84fa94-04c1-424b-9868-57a2d4851a1d" relativeResultsDirectory="0790d33c-66fb-4545-be6a-b39efc2d1591" />
    <UnitTestResult executionId="427db637-ebc6-45dc-af50-f78b7aabc32c" testId="d9c26fef-6f6e-7dcc-0472-37f5e89a8389" testName="SupplyCoreERP.Partner.Suppliers.Supplier_Unit_Tests.Should_Clamp_Negative_DebtInfo_To_Zero" computerName="DESKTOP-6PAUN01" duration="00:00:00.0002091" startTime="2026-05-26T09:29:18.3281039+07:00" endTime="2026-05-26T09:29:18.3281327+07:00" testType="13cdc9d9-ddb5-4fa4-a97d-d965ccfc6d4b" outcome="Passed" testListId="8c84fa94-04c1-424b-9868-57a2d4851a1d" relativeResultsDirectory="427db637-ebc6-45dc-af50-f78b7aabc32c" />
    <UnitTestResult executionId="0c737f02-2bab-4cd6-80b0-97a23bcc2fb9" testId="2b8fc0b9-6f83-38ce-4bb9-9d835d44d500" testName="SupplyCoreERP.Partner.Suppliers.Supplier_Unit_Tests.Should_Update_SupplierProduct" computerName="DESKTOP-6PAUN01" duration="00:00:00.0012159" startTime="2026-05-26T09:29:18.3286555+07:00" endTime="2026-05-26T09:29:18.3298435+07:00" testType="13cdc9d9-ddb5-4fa4-a97d-d965ccfc6d4b" outcome="Passed" testListId="8c84fa94-04c1-424b-9868-57a2d4851a1d" relativeResultsDirectory="0c737f02-2bab-4cd6-80b0-97a23bcc2fb9" />
    <UnitTestResult executionId="5f8c84db-9d80-4124-b935-80edd65f554a" testId="5952d043-b33d-b2c6-a397-3a9e9e1328b5" testName="SupplyCoreERP.Partner.Suppliers.Supplier_Unit_Tests.Should_Add_Debt_Successfully" computerName="DESKTOP-6PAUN01" duration="00:00:00.0001191" startTime="2026-05-26T09:29:18.3313722+07:00" endTime="2026-05-26T09:29:18.3314426+07:00" testType="13cdc9d9-ddb5-4fa4-a97d-d965ccfc6d4b" outcome="Passed" testListId="8c84fa94-04c1-424b-9868-57a2d4851a1d" relativeResultsDirectory="5f8c84db-9d80-4124-b935-80edd65f554a" />
    <UnitTestResult executionId="60f519a7-a8f3-47c5-98b3-f1be23a43a38" testId="9be457fc-dc82-9789-431b-4a9f4cadaf17" testName="SupplyCoreERP.Partner.Suppliers.SupplierProduct_Unit_Tests.Should_Do_Nothing_When_Remove_NonExistent_Condition" computerName="DESKTOP-6PAUN01" duration="00:00:00.0001397" startTime="2026-05-26T09:29:18.3365296+07:00" endTime="2026-05-26T09:29:18.3366232+07:00" testType="13cdc9d9-ddb5-4fa4-a97d-d965ccfc6d4b" outcome="Passed" testListId="8c84fa94-04c1-424b-9868-57a2d4851a1d" relativeResultsDirectory="60f519a7-a8f3-47c5-98b3-f1be23a43a38" />
    <UnitTestResult executionId="7af907bb-de24-4af2-b5cc-8c1755e03f3d" testId="663f0b29-3eaa-471f-6250-65268fa3baad" testName="SupplyCoreERP.Catalog.Medicines.MedicineManager_Unit_Tests.Should_Create_Medicine_Successfully" computerName="DESKTOP-6PAUN01" duration="00:00:00.0022805" startTime="2026-05-26T09:29:18.4625075+07:00" endTime="2026-05-26T09:29:18.4646903+07:00" testType="13cdc9d9-ddb5-4fa4-a97d-d965ccfc6d4b" outcome="Passed" testListId="8c84fa94-04c1-424b-9868-57a2d4851a1d" relativeResultsDirectory="7af907bb-de24-4af2-b5cc-8c1755e03f3d" />
    <UnitTestResult executionId="99ae07de-d484-4a31-9925-604812377baf" testId="cebef4fa-a067-0cc1-21c3-65f883c2dfd5" testName="SupplyCoreERP.Partner.Suppliers.SupplierProduct_Unit_Tests.Should_Throw_When_InconsistentConversionFactors" computerName="DESKTOP-6PAUN01" duration="00:00:00.0003446" startTime="2026-05-26T09:29:18.3356257+07:00" endTime="2026-05-26T09:29:18.3357513+07:00" testType="13cdc9d9-ddb5-4fa4-a97d-d965ccfc6d4b" outcome="Passed" testListId="8c84fa94-04c1-424b-9868-57a2d4851a1d" relativeResultsDirectory="99ae07de-d484-4a31-9925-604812377baf" />
    <UnitTestResult executionId="f4302191-9aec-4930-b301-584469484ea6" testId="413d0be6-ba42-397f-eccd-aee646bf1f73" testName="SupplyCoreERP.Partner.Suppliers.SupplierManager_Unit_Tests.Should_ToggleProductActive_Successfully" computerName="DESKTOP-6PAUN01" duration="00:00:00.0005829" startTime="2026-05-26T09:29:18.4685974+07:00" endTime="2026-05-26T09:29:18.4691042+07:00" testType="13cdc9d9-ddb5-4fa4-a97d-d965ccfc6d4b" outcome="Passed" testListId="8c84fa94-04c1-424b-9868-57a2d4851a1d" relativeResultsDirectory="f4302191-9aec-4930-b301-584469484ea6" />
    <UnitTestResult executionId="4ba71fbb-b7c7-449c-9c9b-22adfc7f2ba4" testId="9637d50b-d367-47ed-3867-53a6decc96dd" testName="SupplyCoreERP.Partner.Suppliers.Supplier_Unit_Tests.Should_Throw_When_PayDebt_With_Invalid_Amount" computerName="DESKTOP-6PAUN01" duration="00:00:00.0005284" startTime="2026-05-26T09:29:18.3355177+07:00" endTime="2026-05-26T09:29:18.3358456+07:00" testType="13cdc9d9-ddb5-4fa4-a97d-d965ccfc6d4b" outcome="Passed" testListId="8c84fa94-04c1-424b-9868-57a2d4851a1d" relativeResultsDirectory="4ba71fbb-b7c7-449c-9c9b-22adfc7f2ba4" />
    <UnitTestResult executionId="5cecc151-d3c3-49cf-a5f4-ad1370b41e7c" testId="1dc49912-cc52-b240-2762-853036cfc3b1" testName="SupplyCoreERP.Partner.Suppliers.SupplierProductCondition_Unit_Tests.Should_Update_Condition_Successfully" computerName="DESKTOP-6PAUN01" duration="00:00:00.0014111" startTime="2026-05-26T09:29:18.3219994+07:00" endTime="2026-05-26T09:29:18.3224088+07:00" testType="13cdc9d9-ddb5-4fa4-a97d-d965ccfc6d4b" outcome="Passed" testListId="8c84fa94-04c1-424b-9868-57a2d4851a1d" relativeResultsDirectory="5cecc151-d3c3-49cf-a5f4-ad1370b41e7c" />
    <UnitTestResult executionId="c918edfa-327c-433f-869a-30e341ddcb02" testId="e10d97c0-3990-65e7-5de7-e9b16c81fa71" testName="SupplyCoreERP.Catalog.Medicines.MedicineManager_Unit_Tests.Should_Update_Unit_Successfully" computerName="DESKTOP-6PAUN01" duration="00:00:00.0016913" startTime="2026-05-26T09:29:18.4647964+07:00" endTime="2026-05-26T09:29:18.4664253+07:00" testType="13cdc9d9-ddb5-4fa4-a97d-d965ccfc6d4b" outcome="Passed" testListId="8c84fa94-04c1-424b-9868-57a2d4851a1d" relativeResultsDirectory="c918edfa-327c-433f-869a-30e341ddcb02" />
    <UnitTestResult executionId="7d7dffa3-669a-43b5-b498-08ec5af8ccdd" testId="3c9acf97-5d9f-f01d-fa27-47c0b83b64ae" testName="SupplyCoreERP.Partner.Suppliers.Supplier_Unit_Tests.Should_Set_Active" computerName="DESKTOP-6PAUN01" duration="00:00:00.0001492" startTime="2026-05-26T09:29:18.3348492+07:00" endTime="2026-05-26T09:29:18.3354259+07:00" testType="13cdc9d9-ddb5-4fa4-a97d-d965ccfc6d4b" outcome="Passed" testListId="8c84fa94-04c1-424b-9868-57a2d4851a1d" relativeResultsDirectory="7d7dffa3-669a-43b5-b498-08ec5af8ccdd" />
    <UnitTestResult executionId="680024ec-988e-4a9e-b998-6dd3246bce3f" testId="cf174ddc-8933-2c37-0190-fb61759c1351" testName="SupplyCoreERP.Partner.Suppliers.Supplier_Unit_Tests.Should_Throw_BusinessException_When_Product_Is_Duplicate" computerName="DESKTOP-6PAUN01" duration="00:00:00.0011569" startTime="2026-05-26T09:29:18.3264963+07:00" endTime="2026-05-26T09:29:18.3274786+07:00" testType="13cdc9d9-ddb5-4fa4-a97d-d965ccfc6d4b" outcome="Passed" testListId="8c84fa94-04c1-424b-9868-57a2d4851a1d" relativeResultsDirectory="680024ec-988e-4a9e-b998-6dd3246bce3f" />
    <UnitTestResult executionId="e3599940-4d9d-4a43-a2b4-2f7a38f924a8" testId="03b54290-4752-d1cf-cfc8-739616d880cc" testName="SupplyCoreERP.Partner.Customers.CustomerManager_Unit_Tests.Should_Throw_BusinessException_When_Location_Country_NotFound" computerName="DESKTOP-6PAUN01" duration="00:00:00.0014233" startTime="2026-05-26T09:29:18.4595359+07:00" endTime="2026-05-26T09:29:18.4609418+07:00" testType="13cdc9d9-ddb5-4fa4-a97d-d965ccfc6d4b" outcome="Passed" testListId="8c84fa94-04c1-424b-9868-57a2d4851a1d" relativeResultsDirectory="e3599940-4d9d-4a43-a2b4-2f7a38f924a8" />
    <UnitTestResult executionId="970d4070-83ae-4220-b4a0-27d2cd1cdab9" testId="7be38e75-eecb-9c98-6eaf-75d33734f4bc" testName="SupplyCoreERP.Catalog.Medicines.Medicine_Unit_Tests.Should_Throw_BusinessException_When_AddUnit_Is_Duplicate_Of_BaseUnit" computerName="DESKTOP-6PAUN01" duration="00:00:00.0004439" startTime="2026-05-26T09:29:18.3321800+07:00" endTime="2026-05-26T09:29:18.3329958+07:00" testType="13cdc9d9-ddb5-4fa4-a97d-d965ccfc6d4b" outcome="Passed" testListId="8c84fa94-04c1-424b-9868-57a2d4851a1d" relativeResultsDirectory="970d4070-83ae-4220-b4a0-27d2cd1cdab9" />
    <UnitTestResult executionId="11f2bfec-8f9e-411f-b87f-b1569e17cfd7" testId="4667a602-04e5-14c1-67be-6fb0874d1e7b" testName="SupplyCoreERP.Partner.Suppliers.SupplierManager_Unit_Tests.Should_RemoveProduct_Successfully" computerName="DESKTOP-6PAUN01" duration="00:00:00.0010440" startTime="2026-05-26T09:29:18.4542405+07:00" endTime="2026-05-26T09:29:18.4555054+07:00" testType="13cdc9d9-ddb5-4fa4-a97d-d965ccfc6d4b" outcome="Passed" testListId="8c84fa94-04c1-424b-9868-57a2d4851a1d" relativeResultsDirectory="11f2bfec-8f9e-411f-b87f-b1569e17cfd7" />
    <UnitTestResult executionId="ab86b017-0874-4fdc-b72e-da7c18c24e38" testId="89b909c8-8c96-9fc0-cd96-ee32632bf1a8" testName="SupplyCoreERP.Partner.Suppliers.Supplier_Unit_Tests.Should_Toggle_Product_Active" computerName="DESKTOP-6PAUN01" duration="00:00:00.0003532" startTime="2026-05-26T09:29:18.3331665+07:00" endTime="2026-05-26T09:29:18.3331956+07:00" testType="13cdc9d9-ddb5-4fa4-a97d-d965ccfc6d4b" outcome="Passed" testListId="8c84fa94-04c1-424b-9868-57a2d4851a1d" relativeResultsDirectory="ab86b017-0874-4fdc-b72e-da7c18c24e38" />
    <UnitTestResult executionId="ffa66835-129e-496d-9bc0-29703f7cf493" testId="5e6a8971-03d6-f797-c0b5-a99a59473550" testName="SupplyCoreERP.Partner.Suppliers.SupplierProduct_Unit_Tests.Should_Add_Condition" computerName="DESKTOP-6PAUN01" duration="00:00:00.0026781" startTime="2026-05-26T09:29:18.3296689+07:00" endTime="2026-05-26T09:29:18.3332901+07:00" testType="13cdc9d9-ddb5-4fa4-a97d-d965ccfc6d4b" outcome="Passed" testListId="8c84fa94-04c1-424b-9868-57a2d4851a1d" relativeResultsDirectory="ffa66835-129e-496d-9bc0-29703f7cf493" />
    <UnitTestResult executionId="03c61ff3-b70a-4737-abf8-81fb5cf8b0dc" testId="44be78c6-83d0-ff0a-563a-b67fe1148e1a" testName="SupplyCoreERP.Partner.Suppliers.Supplier_Unit_Tests.Should_Add_Product_To_Supplier" computerName="DESKTOP-6PAUN01" duration="00:00:00.0002044" startTime="2026-05-26T09:29:18.3315441+07:00" endTime="2026-05-26T09:29:18.3316275+07:00" testType="13cdc9d9-ddb5-4fa4-a97d-d965ccfc6d4b" outcome="Passed" testListId="8c84fa94-04c1-424b-9868-57a2d4851a1d" relativeResultsDirectory="03c61ff3-b70a-4737-abf8-81fb5cf8b0dc" />
    <UnitTestResult executionId="e9d6b8ca-359c-40c0-a60d-702a8635a1ab" testId="372ddf92-8efe-be54-dd15-530ed966b2c5" testName="SupplyCoreERP.Partner.Suppliers.Supplier_Unit_Tests.Should_Throw_When_UpdateProduct_Not_Found" computerName="DESKTOP-6PAUN01" duration="00:00:00.0003502" startTime="2026-05-26T09:29:18.3341609+07:00" endTime="2026-05-26T09:29:18.3343452+07:00" testType="13cdc9d9-ddb5-4fa4-a97d-d965ccfc6d4b" outcome="Passed" testListId="8c84fa94-04c1-424b-9868-57a2d4851a1d" relativeResultsDirectory="e9d6b8ca-359c-40c0-a60d-702a8635a1ab" />
    <UnitTestResult executionId="5a834ca8-2546-4657-beb9-be79640d8ed5" testId="cd81d0a8-25ef-4fe3-44d5-b6e61a5035db" testName="SupplyCoreERP.Partner.Suppliers.SupplierProduct_Unit_Tests.Should_Clamp_Negative_LeadTimeDays_To_Zero" computerName="DESKTOP-6PAUN01" duration="00:00:00.0001278" startTime="2026-05-26T09:29:18.3353825+07:00" endTime="2026-05-26T09:29:18.3355296+07:00" testType="13cdc9d9-ddb5-4fa4-a97d-d965ccfc6d4b" outcome="Passed" testListId="8c84fa94-04c1-424b-9868-57a2d4851a1d" relativeResultsDirectory="5a834ca8-2546-4657-beb9-be79640d8ed5" />
    <UnitTestResult executionId="8af2109b-5c32-4987-b9c2-8e66cfa77ebb" testId="b369b282-75d8-95b4-7089-b32bf8160db0" testName="SupplyCoreERP.Catalog.Medicines.MedicineManager_Unit_Tests.Should_Update_Medicine_Successfully" computerName="DESKTOP-6PAUN01" duration="00:00:00.0055796" startTime="2026-05-26T09:29:18.4471371+07:00" endTime="2026-05-26T09:29:18.4527649+07:00" testType="13cdc9d9-ddb5-4fa4-a97d-d965ccfc6d4b" outcome="Passed" testListId="8c84fa94-04c1-424b-9868-57a2d4851a1d" relativeResultsDirectory="8af2109b-5c32-4987-b9c2-8e66cfa77ebb" />
    <UnitTestResult executionId="6110e6fd-1984-4d12-b169-19914a0ad578" testId="ef56714c-debd-8d4c-aed6-e246b8661164" testName="SupplyCoreERP.Partner.Customers.CustomerManager_Unit_Tests.Should_Throw_BusinessException_When_Delete_Customer_With_Outstanding_Debt" computerName="DESKTOP-6PAUN01" duration="00:00:00.0014740" startTime="2026-05-26T09:29:18.4358200+07:00" endTime="2026-05-26T09:29:18.4457803+07:00" testType="13cdc9d9-ddb5-4fa4-a97d-d965ccfc6d4b" outcome="Passed" testListId="8c84fa94-04c1-424b-9868-57a2d4851a1d" relativeResultsDirectory="6110e6fd-1984-4d12-b169-19914a0ad578" />
    <UnitTestResult executionId="ec15d28d-bc2a-4984-900a-f5620d160d22" testId="1e36925d-6c77-71fd-2511-78c9959e7e3c" testName="SupplyCoreERP.Partner.Suppliers.Supplier_Unit_Tests.Should_Update_Supplier_Info" computerName="DESKTOP-6PAUN01" duration="00:00:00.0003225" startTime="2026-05-26T09:29:18.3344313+07:00" endTime="2026-05-26T09:29:18.3347441+07:00" testType="13cdc9d9-ddb5-4fa4-a97d-d965ccfc6d4b" outcome="Passed" testListId="8c84fa94-04c1-424b-9868-57a2d4851a1d" relativeResultsDirectory="ec15d28d-bc2a-4984-900a-f5620d160d22" />
    <UnitTestResult executionId="597ed5a9-64fa-45f1-b8b1-f6ec98e6515d" testId="8e9170fa-9550-72ac-77d6-ff3895f212b4" testName="SupplyCoreERP.Partner.Customers.CustomerManager_Unit_Tests.Should_Update_Customer_Successfully_Without_Phone_Change" computerName="DESKTOP-6PAUN01" duration="00:00:00.0050083" startTime="2026-05-26T09:29:18.4252107+07:00" endTime="2026-05-26T09:29:18.4293811+07:00" testType="13cdc9d9-ddb5-4fa4-a97d-d965ccfc6d4b" outcome="Passed" testListId="8c84fa94-04c1-424b-9868-57a2d4851a1d" relativeResultsDirectory="597ed5a9-64fa-45f1-b8b1-f6ec98e6515d" />
    <UnitTestResult executionId="f5bc6fa1-bc7a-4761-a1c4-1c3f858b76dc" testId="2bedbf26-5a9c-26ea-5fb1-015af4c279a8" testName="SupplyCoreERP.Partner.Customers.Customer_Unit_Tests.Should_Create_Customer_With_Valid_Parameters" computerName="DESKTOP-6PAUN01" duration="00:00:00.0059063" startTime="2026-05-26T09:29:18.3263362+07:00" endTime="2026-05-26T09:29:18.3299575+07:00" testType="13cdc9d9-ddb5-4fa4-a97d-d965ccfc6d4b" outcome="Passed" testListId="8c84fa94-04c1-424b-9868-57a2d4851a1d" relativeResultsDirectory="f5bc6fa1-bc7a-4761-a1c4-1c3f858b76dc" />
    <UnitTestResult executionId="b088db01-62d1-4595-8a3c-5b3d8d22352e" testId="e9db874a-518c-d04b-ad8c-36b637f93e51" testName="SupplyCoreERP.Partner.Suppliers.SupplierProductCondition_Unit_Tests.Should_Create_Condition_With_Valid_Parameters" computerName="DESKTOP-6PAUN01" duration="00:00:00.0006079" startTime="2026-05-26T09:29:18.3272747+07:00" endTime="2026-05-26T09:29:18.3276162+07:00" testType="13cdc9d9-ddb5-4fa4-a97d-d965ccfc6d4b" outcome="Passed" testListId="8c84fa94-04c1-424b-9868-57a2d4851a1d" relativeResultsDirectory="b088db01-62d1-4595-8a3c-5b3d8d22352e" />
    <UnitTestResult executionId="0fa97b5f-e573-42ab-8449-aed8291b41ec" testId="990f7a9b-57cd-4c33-a3c3-af58e82239aa" testName="SupplyCoreERP.Partner.Suppliers.SupplierProduct_Unit_Tests.Should_Update_Info" computerName="DESKTOP-6PAUN01" duration="00:00:00.0001337" startTime="2026-05-26T09:29:18.3358205+07:00" endTime="2026-05-26T09:29:18.3358738+07:00" testType="13cdc9d9-ddb5-4fa4-a97d-d965ccfc6d4b" outcome="Passed" testListId="8c84fa94-04c1-424b-9868-57a2d4851a1d" relativeResultsDirectory="0fa97b5f-e573-42ab-8449-aed8291b41ec" />
    <UnitTestResult executionId="6aa4c7a1-110c-4cec-9011-b04d3ed00e5a" testId="7213d9c5-565f-6035-8376-5b2a9d874128" testName="SupplyCoreERP.Partner.Customers.Customer_Unit_Tests.Should_Set_Location" computerName="DESKTOP-6PAUN01" duration="00:00:00.0019312" startTime="2026-05-26T09:29:18.3223665+07:00" endTime="2026-05-26T09:29:18.3248363+07:00" testType="13cdc9d9-ddb5-4fa4-a97d-d965ccfc6d4b" outcome="Passed" testListId="8c84fa94-04c1-424b-9868-57a2d4851a1d" relativeResultsDirectory="6aa4c7a1-110c-4cec-9011-b04d3ed00e5a" />
    <UnitTestResult executionId="ef096a8b-5599-44eb-8aa6-7f7c86e66df7" testId="91846a78-0b1f-60e9-24a4-a5a9052e0dfa" testName="SupplyCoreERP.Catalog.Medicines.MedicineManager_Unit_Tests.Should_Throw_Exception_When_Adding_Duplicate_Registration_Via_Manager" computerName="DESKTOP-6PAUN01" duration="00:00:00.0025233" startTime="2026-05-26T09:29:18.4333455+07:00" endTime="2026-05-26T09:29:18.4358438+07:00" testType="13cdc9d9-ddb5-4fa4-a97d-d965ccfc6d4b" outcome="Passed" testListId="8c84fa94-04c1-424b-9868-57a2d4851a1d" relativeResultsDirectory="ef096a8b-5599-44eb-8aa6-7f7c86e66df7" />
    <UnitTestResult executionId="134f25ac-dd46-4174-9010-ee73440116f7" testId="16cb02b8-89d7-9d3a-c385-fd3c5c98fe4a" testName="SupplyCoreERP.Catalog.Medicines.Medicine_Unit_Tests.Should_Remove_Ingredient_From_Medicine" computerName="DESKTOP-6PAUN01" duration="00:00:00.0004535" startTime="2026-05-26T09:29:18.3364239+07:00" endTime="2026-05-26T09:29:18.3367737+07:00" testType="13cdc9d9-ddb5-4fa4-a97d-d965ccfc6d4b" outcome="Passed" testListId="8c84fa94-04c1-424b-9868-57a2d4851a1d" relativeResultsDirectory="134f25ac-dd46-4174-9010-ee73440116f7" />
    <UnitTestResult executionId="5e54b1ea-93fe-4937-81eb-f915ddb10073" testId="52a21d82-dba2-83e0-e170-d9634031e8e6" testName="SupplyCoreERP.Catalog.Products.ProductManager_Unit_Tests.Should_Return_True_For_HasTransactions_When_Balance_Exists" computerName="DESKTOP-6PAUN01" duration="00:00:00.1605275" startTime="2026-05-26T09:29:18.2583164+07:00" endTime="2026-05-26T09:29:18.4208563+07:00" testType="13cdc9d9-ddb5-4fa4-a97d-d965ccfc6d4b" outcome="Passed" testListId="8c84fa94-04c1-424b-9868-57a2d4851a1d" relativeResultsDirectory="5e54b1ea-93fe-4937-81eb-f915ddb10073" />
    <UnitTestResult executionId="aa464c07-f65f-4248-b653-6e26883aae5e" testId="7a380c51-8b88-3bb7-10b9-b4c5decd41e9" testName="SupplyCoreERP.Partner.Suppliers.SupplierProduct_Unit_Tests.Should_Throw_When_InconsistentPricing" computerName="DESKTOP-6PAUN01" duration="00:00:00.0004663" startTime="2026-05-26T09:29:18.3333591+07:00" endTime="2026-05-26T09:29:18.3339461+07:00" testType="13cdc9d9-ddb5-4fa4-a97d-d965ccfc6d4b" outcome="Passed" testListId="8c84fa94-04c1-424b-9868-57a2d4851a1d" relativeResultsDirectory="aa464c07-f65f-4248-b653-6e26883aae5e" />
    <UnitTestResult executionId="33dbec26-b324-42ee-ab5f-c9a59c892498" testId="17cafa2f-1489-1771-1e7e-9a534aea6383" testName="SupplyCoreERP.Partner.Suppliers.SupplierProduct_Unit_Tests.Should_Set_Active" computerName="DESKTOP-6PAUN01" duration="00:00:00.0001090" startTime="2026-05-26T09:29:18.3346903+07:00" endTime="2026-05-26T09:29:18.3348862+07:00" testType="13cdc9d9-ddb5-4fa4-a97d-d965ccfc6d4b" outcome="Passed" testListId="8c84fa94-04c1-424b-9868-57a2d4851a1d" relativeResultsDirectory="33dbec26-b324-42ee-ab5f-c9a59c892498" />
    <UnitTestResult executionId="91e5277f-3f06-4805-88b7-1e0ed7268bed" testId="bc1e0c9b-afb8-27b8-94cb-cd5750658cb4" testName="SupplyCoreERP.Partner.Suppliers.SupplierManager_Unit_Tests.Should_Throw_BusinessException_When_Supplier_Name_Exists" computerName="DESKTOP-6PAUN01" duration="00:00:00.0148650" startTime="2026-05-26T09:29:18.4458447+07:00" endTime="2026-05-26T09:29:18.4520582+07:00" testType="13cdc9d9-ddb5-4fa4-a97d-d965ccfc6d4b" outcome="Passed" testListId="8c84fa94-04c1-424b-9868-57a2d4851a1d" relativeResultsDirectory="91e5277f-3f06-4805-88b7-1e0ed7268bed" />
    <UnitTestResult executionId="99f0053f-46f5-4496-a28c-8d5ff0abf60f" testId="eef323ff-1d91-679e-9bb7-b2796c046bfc" testName="SupplyCoreERP.Partner.Customers.CustomerManager_Unit_Tests.Should_Update_Customer_Successfully_With_Phone_Change" computerName="DESKTOP-6PAUN01" duration="00:00:00.0008111" startTime="2026-05-26T09:29:18.4610438+07:00" endTime="2026-05-26T09:29:18.4617904+07:00" testType="13cdc9d9-ddb5-4fa4-a97d-d965ccfc6d4b" outcome="Passed" testListId="8c84fa94-04c1-424b-9868-57a2d4851a1d" relativeResultsDirectory="99f0053f-46f5-4496-a28c-8d5ff0abf60f" />
    <UnitTestResult executionId="c7f1e8de-5a9f-4f9a-8676-b82cdbbceeab" testId="233cdca2-1ac6-0f48-86ae-8c68ccae715a" testName="SupplyCoreERP.Partner.Suppliers.SupplierManager_Unit_Tests.Should_Throw_BusinessException_When_UpdateProduct_Unit_NotFound" computerName="DESKTOP-6PAUN01" duration="00:00:00.0013701" startTime="2026-05-26T09:29:18.4657303+07:00" endTime="2026-05-26T09:29:18.4670871+07:00" testType="13cdc9d9-ddb5-4fa4-a97d-d965ccfc6d4b" outcome="Passed" testListId="8c84fa94-04c1-424b-9868-57a2d4851a1d" relativeResultsDirectory="c7f1e8de-5a9f-4f9a-8676-b82cdbbceeab" />
    <UnitTestResult executionId="181ddff9-ae3b-4d51-91da-34c982be718a" testId="de806c90-ba99-9a29-8d95-8fa2167b7d32" testName="SupplyCoreERP.Partner.Customers.Customer_Unit_Tests.Should_Set_DebtInfo" computerName="DESKTOP-6PAUN01" duration="00:00:00.0001090" startTime="2026-05-26T09:29:18.3320536+07:00" endTime="2026-05-26T09:29:18.3322027+07:00" testType="13cdc9d9-ddb5-4fa4-a97d-d965ccfc6d4b" outcome="Passed" testListId="8c84fa94-04c1-424b-9868-57a2d4851a1d" relativeResultsDirectory="181ddff9-ae3b-4d51-91da-34c982be718a" />
    <UnitTestResult executionId="f0104020-3e41-42e6-8df1-54b0e2fc9330" testId="6eed3268-2030-5fbc-7140-082c9de1a926" testName="SupplyCoreERP.Partner.Suppliers.SupplierManager_Unit_Tests.Should_Throw_BusinessException_When_AddProduct_Unit_NotFound" computerName="DESKTOP-6PAUN01" duration="00:00:00.0034933" startTime="2026-05-26T09:29:18.4292727+07:00" endTime="2026-05-26T09:29:18.4321148+07:00" testType="13cdc9d9-ddb5-4fa4-a97d-d965ccfc6d4b" outcome="Passed" testListId="8c84fa94-04c1-424b-9868-57a2d4851a1d" relativeResultsDirectory="f0104020-3e41-42e6-8df1-54b0e2fc9330" />
    <UnitTestResult executionId="dcbc0d5d-c859-431e-ad24-0a8f5ad4ab74" testId="c01340ce-9bf3-6785-62fc-8f8481473262" testName="SupplyCoreERP.Catalog.Medicines.Medicine_Unit_Tests.Should_Add_Ingredient_To_Medicine" computerName="DESKTOP-6PAUN01" duration="00:00:00.0002459" startTime="2026-05-26T09:29:18.3357079+07:00" endTime="2026-05-26T09:29:18.3360107+07:00" testType="13cdc9d9-ddb5-4fa4-a97d-d965ccfc6d4b" outcome="Passed" testListId="8c84fa94-04c1-424b-9868-57a2d4851a1d" relativeResultsDirectory="dcbc0d5d-c859-431e-ad24-0a8f5ad4ab74" />
    <UnitTestResult executionId="55430a7b-1e76-4a58-aa74-a8f07764bbfa" testId="59039de9-9969-8a51-fa68-78a54a51c323" testName="SupplyCoreERP.Partner.Customers.CustomerManager_Unit_Tests.Should_Create_Customer_Successfully" computerName="DESKTOP-6PAUN01" duration="00:00:00.0116512" startTime="2026-05-26T09:29:18.4459013+07:00" endTime="2026-05-26T09:29:18.4488283+07:00" testType="13cdc9d9-ddb5-4fa4-a97d-d965ccfc6d4b" outcome="Passed" testListId="8c84fa94-04c1-424b-9868-57a2d4851a1d" relativeResultsDirectory="55430a7b-1e76-4a58-aa74-a8f07764bbfa" />
    <UnitTestResult executionId="d0e08bf9-4851-41df-9de9-ac5d5b8cfae2" testId="cc27e5b6-eacd-6c78-b165-29343cdaab6f" testName="SupplyCoreERP.Partner.Suppliers.SupplierProduct_Unit_Tests.Should_Throw_When_DuplicateMinOrderQuantity" computerName="DESKTOP-6PAUN01" duration="00:00:00.0099524" startTime="2026-05-26T09:29:18.3213557+07:00" endTime="2026-05-26T09:29:18.3295476+07:00" testType="13cdc9d9-ddb5-4fa4-a97d-d965ccfc6d4b" outcome="Passed" testListId="8c84fa94-04c1-424b-9868-57a2d4851a1d" relativeResultsDirectory="d0e08bf9-4851-41df-9de9-ac5d5b8cfae2" />
    <UnitTestResult executionId="395c6e5a-e2ea-444a-b35f-76c5de1a4b5c" testId="338493da-e0fa-eed1-afaf-566d1f8a53be" testName="SupplyCoreERP.Partner.Suppliers.SupplierProductCondition_Unit_Tests.Should_Update_LastPurchasePrice_Successfully" computerName="DESKTOP-6PAUN01" duration="00:00:00.0008226" startTime="2026-05-26T09:29:18.3277895+07:00" endTime="2026-05-26T09:29:18.3278266+07:00" testType="13cdc9d9-ddb5-4fa4-a97d-d965ccfc6d4b" outcome="Passed" testListId="8c84fa94-04c1-424b-9868-57a2d4851a1d" relativeResultsDirectory="395c6e5a-e2ea-444a-b35f-76c5de1a4b5c" />
    <UnitTestResult executionId="d79823e3-d432-46cd-91cd-3e51e18e407f" testId="f36ae3f9-2fa3-c7d8-d6d7-da9b0e4b1e0c" testName="SupplyCoreERP.Partner.Suppliers.SupplierProduct_Unit_Tests.Should_Pass_ValidateConditions_When_Empty" computerName="DESKTOP-6PAUN01" duration="00:00:00.0002052" startTime="2026-05-26T09:29:18.3340567+07:00" endTime="2026-05-26T09:29:18.3341727+07:00" testType="13cdc9d9-ddb5-4fa4-a97d-d965ccfc6d4b" outcome="Passed" testListId="8c84fa94-04c1-424b-9868-57a2d4851a1d" relativeResultsDirectory="d79823e3-d432-46cd-91cd-3e51e18e407f" />
    <UnitTestResult executionId="492fd249-ad7d-41b9-ab0d-e71502bc9d61" testId="34f27c15-d8a3-4020-878a-ac196abb289f" testName="SupplyCoreERP.Catalog.Medicines.MedicineManager_Unit_Tests.Should_Update_Medicine_With_New_Registration_Successfully" computerName="DESKTOP-6PAUN01" duration="00:00:00.0021002" startTime="2026-05-26T09:29:18.4589556+07:00" endTime="2026-05-26T09:29:18.4610651+07:00" testType="13cdc9d9-ddb5-4fa4-a97d-d965ccfc6d4b" outcome="Passed" testListId="8c84fa94-04c1-424b-9868-57a2d4851a1d" relativeResultsDirectory="492fd249-ad7d-41b9-ab0d-e71502bc9d61" />
    <UnitTestResult executionId="3183a99b-6e59-440c-96b6-78e7e33d5d9f" testId="51db16c9-f035-a47d-65be-ed1a5c145bfc" testName="SupplyCoreERP.Partner.Suppliers.Supplier_Unit_Tests.Should_Set_DebtInfo" computerName="DESKTOP-6PAUN01" duration="00:00:00.0003365" startTime="2026-05-26T09:29:18.3250781+07:00" endTime="2026-05-26T09:29:18.3263805+07:00" testType="13cdc9d9-ddb5-4fa4-a97d-d965ccfc6d4b" outcome="Passed" testListId="8c84fa94-04c1-424b-9868-57a2d4851a1d" relativeResultsDirectory="3183a99b-6e59-440c-96b6-78e7e33d5d9f" />
    <UnitTestResult executionId="482bfc60-b07e-4916-a1e5-4d9848015bde" testId="d3a5866e-020d-5cd3-0e0f-79be4ec380b3" testName="SupplyCoreERP.Partner.Suppliers.SupplierProductCondition_Unit_Tests.Should_Throw_When_ConversionFactor_Invalid" computerName="DESKTOP-6PAUN01" duration="00:00:00.0004135" startTime="2026-05-26T09:29:18.3242008+07:00" endTime="2026-05-26T09:29:18.3244304+07:00" testType="13cdc9d9-ddb5-4fa4-a97d-d965ccfc6d4b" outcome="Passed" testListId="8c84fa94-04c1-424b-9868-57a2d4851a1d" relativeResultsDirectory="482bfc60-b07e-4916-a1e5-4d9848015bde" />
    <UnitTestResult executionId="f1655868-fa4c-4cd2-bc7b-58b2cf93a648" testId="d5332b1d-4959-8fd3-0a73-2905b4bbe96a" testName="SupplyCoreERP.Partner.Customers.CustomerManager_Unit_Tests.Should_Throw_BusinessException_When_Customer_Name_Exists" computerName="DESKTOP-6PAUN01" duration="00:00:00.0013476" startTime="2026-05-26T09:29:18.4535318+07:00" endTime="2026-05-26T09:29:18.4551606+07:00" testType="13cdc9d9-ddb5-4fa4-a97d-d965ccfc6d4b" outcome="Passed" testListId="8c84fa94-04c1-424b-9868-57a2d4851a1d" relativeResultsDirectory="f1655868-fa4c-4cd2-bc7b-58b2cf93a648" />
    <UnitTestResult executionId="23d5fa02-2734-42cb-b2a0-55b5a036ef67" testId="13d31af6-1dd2-61a8-9a31-326f57e863f5" testName="SupplyCoreERP.Catalog.Medicines.MedicineManager_Unit_Tests.Should_Add_Registration_Via_Manager_Successfully" computerName="DESKTOP-6PAUN01" duration="00:00:00.0011121" startTime="2026-05-26T09:29:18.4554550+07:00" endTime="2026-05-26T09:29:18.4561143+07:00" testType="13cdc9d9-ddb5-4fa4-a97d-d965ccfc6d4b" outcome="Passed" testListId="8c84fa94-04c1-424b-9868-57a2d4851a1d" relativeResultsDirectory="23d5fa02-2734-42cb-b2a0-55b5a036ef67" />
    <UnitTestResult executionId="46676f27-5fd7-4c31-b8a2-0358453e1bbd" testId="2c32a46a-c88c-3e93-0224-2716169f357b" testName="SupplyCoreERP.Partner.Suppliers.SupplierManager_Unit_Tests.Should_Throw_BusinessException_When_ToggleProductActive_Product_NotFound" computerName="DESKTOP-6PAUN01" duration="00:00:00.0010023" startTime="2026-05-26T09:29:18.4572912+07:00" endTime="2026-05-26T09:29:18.4574814+07:00" testType="13cdc9d9-ddb5-4fa4-a97d-d965ccfc6d4b" outcome="Passed" testListId="8c84fa94-04c1-424b-9868-57a2d4851a1d" relativeResultsDirectory="46676f27-5fd7-4c31-b8a2-0358453e1bbd" />
    <UnitTestResult executionId="c9569146-4bab-49f6-8e6e-12b26c0ffe15" testId="19b4a007-d77a-9038-6cce-b3393fbfcc13" testName="SupplyCoreERP.Catalog.Medicines.Medicine_Unit_Tests.Should_Add_Unit_With_Conversion_Factor" computerName="DESKTOP-6PAUN01" duration="00:00:00.0013163" startTime="2026-05-26T09:29:18.3298096+07:00" endTime="2026-05-26T09:29:18.3320936+07:00" testType="13cdc9d9-ddb5-4fa4-a97d-d965ccfc6d4b" outcome="Passed" testListId="8c84fa94-04c1-424b-9868-57a2d4851a1d" relativeResultsDirectory="c9569146-4bab-49f6-8e6e-12b26c0ffe15" />
    <UnitTestResult executionId="94416ae2-3256-4cc9-94d4-f2fb807f7c06" testId="c411a296-134f-3efd-6539-eace7b8adf8c" testName="SupplyCoreERP.Partner.Suppliers.SupplierProductCondition_Unit_Tests.Should_Throw_When_MinOrderQuantity_Invalid" computerName="DESKTOP-6PAUN01" duration="00:00:00.0158806" startTime="2026-05-26T09:29:18.2582663+07:00" endTime="2026-05-26T09:29:18.2869809+07:00" testType="13cdc9d9-ddb5-4fa4-a97d-d965ccfc6d4b" outcome="Passed" testListId="8c84fa94-04c1-424b-9868-57a2d4851a1d" relativeResultsDirectory="94416ae2-3256-4cc9-94d4-f2fb807f7c06" />
    <UnitTestResult executionId="708902ac-078c-4472-ad36-ee1454bdc6f0" testId="b8663a2a-15f2-b30d-8af2-85c8ef67bea1" testName="SupplyCoreERP.Partner.Suppliers.SupplierManager_Unit_Tests.Should_Throw_BusinessException_When_Supplier_Code_Exists" computerName="DESKTOP-6PAUN01" duration="00:00:00.0015925" startTime="2026-05-26T09:29:18.4577310+07:00" endTime="2026-05-26T09:29:18.4591375+07:00" testType="13cdc9d9-ddb5-4fa4-a97d-d965ccfc6d4b" outcome="Passed" testListId="8c84fa94-04c1-424b-9868-57a2d4851a1d" relativeResultsDirectory="708902ac-078c-4472-ad36-ee1454bdc6f0" />
    <UnitTestResult executionId="aaa5baa2-88cf-4b9f-a5c6-202da5a8494f" testId="e626a878-142b-2355-e4a8-ec7a82c71635" testName="SupplyCoreERP.Partner.Customers.CustomerManager_Unit_Tests.Should_Delete_Customer_Successfully" computerName="DESKTOP-6PAUN01" duration="00:00:00.0020048" startTime="2026-05-26T09:29:18.4296053+07:00" endTime="2026-05-26T09:29:18.4311043+07:00" testType="13cdc9d9-ddb5-4fa4-a97d-d965ccfc6d4b" outcome="Passed" testListId="8c84fa94-04c1-424b-9868-57a2d4851a1d" relativeResultsDirectory="aaa5baa2-88cf-4b9f-a5c6-202da5a8494f" />
    <UnitTestResult executionId="cdc4f084-3a17-4c6d-8531-e443c16b1e97" testId="d02c335d-57af-1533-3dac-8ebb456fb9cf" testName="SupplyCoreERP.Partner.Suppliers.SupplierManager_Unit_Tests.Should_Delete_Supplier_Successfully" computerName="DESKTOP-6PAUN01" duration="00:00:00.0057324" startTime="2026-05-26T09:29:18.4243628+07:00" endTime="2026-05-26T09:29:18.4284869+07:00" testType="13cdc9d9-ddb5-4fa4-a97d-d965ccfc6d4b" outcome="Passed" testListId="8c84fa94-04c1-424b-9868-57a2d4851a1d" relativeResultsDirectory="cdc4f084-3a17-4c6d-8531-e443c16b1e97" />
    <UnitTestResult executionId="fb607321-5550-4d62-914c-29965278e8de" testId="8ab035a0-1525-8fed-f7a5-d0d6c232d012" testName="SupplyCoreERP.Partner.Suppliers.Supplier_Unit_Tests.Should_Pay_Debt_Successfully" computerName="DESKTOP-6PAUN01" duration="00:00:00.0002575" startTime="2026-05-26T09:29:18.3332614+07:00" endTime="2026-05-26T09:29:18.3333981+07:00" testType="13cdc9d9-ddb5-4fa4-a97d-d965ccfc6d4b" outcome="Passed" testListId="8c84fa94-04c1-424b-9868-57a2d4851a1d" relativeResultsDirectory="fb607321-5550-4d62-914c-29965278e8de" />
    <UnitTestResult executionId="55f4548c-5e0b-47e5-8425-30bcad02bcdf" testId="3cdfce3f-5f79-d87d-e77e-96d361025aec" testName="SupplyCoreERP.Partner.Suppliers.SupplierProduct_Unit_Tests.Should_Remove_Existing_Condition" computerName="DESKTOP-6PAUN01" duration="00:00:00.0159621" startTime="2026-05-26T09:29:18.2582786+07:00" endTime="2026-05-26T09:29:18.2820218+07:00" testType="13cdc9d9-ddb5-4fa4-a97d-d965ccfc6d4b" outcome="Passed" testListId="8c84fa94-04c1-424b-9868-57a2d4851a1d" relativeResultsDirectory="55f4548c-5e0b-47e5-8425-30bcad02bcdf" />
    <UnitTestResult executionId="172373e5-ba6b-4941-bcdf-f5b06cbcdf8f" testId="93fb1281-4ecf-f48a-8dc5-710ca755ef91" testName="SupplyCoreERP.Partner.Suppliers.SupplierManager_Unit_Tests.Should_UpdateProduct_Successfully" computerName="DESKTOP-6PAUN01" duration="00:00:00.0018163" startTime="2026-05-26T09:29:18.4522509+07:00" endTime="2026-05-26T09:29:18.4540089+07:00" testType="13cdc9d9-ddb5-4fa4-a97d-d965ccfc6d4b" outcome="Passed" testListId="8c84fa94-04c1-424b-9868-57a2d4851a1d" relativeResultsDirectory="172373e5-ba6b-4941-bcdf-f5b06cbcdf8f" />
    <UnitTestResult executionId="40c1cad8-1574-42ee-90db-27f30c37e87d" testId="bc44fd83-3629-9e15-ec53-9d1809399478" testName="SupplyCoreERP.Partner.Customers.Customer_Unit_Tests.Should_Throw_When_AddDebt_With_Invalid_Amount" computerName="DESKTOP-6PAUN01" duration="00:00:00.0005859" startTime="2026-05-26T09:29:18.3216084+07:00" endTime="2026-05-26T09:29:18.3216514+07:00" testType="13cdc9d9-ddb5-4fa4-a97d-d965ccfc6d4b" outcome="Passed" testListId="8c84fa94-04c1-424b-9868-57a2d4851a1d" relativeResultsDirectory="40c1cad8-1574-42ee-90db-27f30c37e87d" />
    <UnitTestResult executionId="4734f2e1-eae0-4ca1-8a85-e6db5ff9c630" testId="de3538ad-fe56-a03c-aa26-bcb3c42c54f6" testName="SupplyCoreERP.Catalog.Medicines.MedicineManager_Unit_Tests.Should_Add_Ingredient_Successfully" computerName="DESKTOP-6PAUN01" duration="00:00:00.0012094" startTime="2026-05-26T09:29:18.4670516+07:00" endTime="2026-05-26T09:29:18.4676979+07:00" testType="13cdc9d9-ddb5-4fa4-a97d-d965ccfc6d4b" outcome="Passed" testListId="8c84fa94-04c1-424b-9868-57a2d4851a1d" relativeResultsDirectory="4734f2e1-eae0-4ca1-8a85-e6db5ff9c630" />
    <UnitTestResult executionId="d64bf767-2273-47e5-8e18-aeea6540074d" testId="53221938-3ed2-d7f4-092c-abe2ed249ead" testName="SupplyCoreERP.Partner.Customers.Customer_Unit_Tests.Should_Pay_Debt_Successfully" computerName="DESKTOP-6PAUN01" duration="00:00:00.0162850" startTime="2026-05-26T09:29:18.2581886+07:00" endTime="2026-05-26T09:29:18.2868798+07:00" testType="13cdc9d9-ddb5-4fa4-a97d-d965ccfc6d4b" outcome="Passed" testListId="8c84fa94-04c1-424b-9868-57a2d4851a1d" relativeResultsDirectory="d64bf767-2273-47e5-8e18-aeea6540074d" />
    <UnitTestResult executionId="6745c43c-8000-412b-a7c6-1e5f61b2d2cb" testId="d8f63e96-eeee-f1ad-2321-76501e388d3b" testName="SupplyCoreERP.Partner.Suppliers.SupplierManager_Unit_Tests.Should_Throw_BusinessException_When_Location_Area_NotFound" computerName="DESKTOP-6PAUN01" duration="00:00:00.0012079" startTime="2026-05-26T09:29:18.4626100+07:00" endTime="2026-05-26T09:29:18.4638290+07:00" testType="13cdc9d9-ddb5-4fa4-a97d-d965ccfc6d4b" outcome="Passed" testListId="8c84fa94-04c1-424b-9868-57a2d4851a1d" relativeResultsDirectory="6745c43c-8000-412b-a7c6-1e5f61b2d2cb" />
    <UnitTestResult executionId="48ec441c-fd79-4750-ba3c-d8c204b00cb0" testId="1a5df235-fcaa-719e-4a71-c39e1093f879" testName="SupplyCoreERP.Partner.Suppliers.SupplierManager_Unit_Tests.Should_Create_Supplier_Successfully" computerName="DESKTOP-6PAUN01" duration="00:00:00.0017452" startTime="2026-05-26T09:29:18.4639217+07:00" endTime="2026-05-26T09:29:18.4656299+07:00" testType="13cdc9d9-ddb5-4fa4-a97d-d965ccfc6d4b" outcome="Passed" testListId="8c84fa94-04c1-424b-9868-57a2d4851a1d" relativeResultsDirectory="48ec441c-fd79-4750-ba3c-d8c204b00cb0" />
    <UnitTestResult executionId="d217db53-ca6d-4653-b438-00d827bc1bed" testId="2da52268-af31-46b6-b2bf-90a0c81459cc" testName="SupplyCoreERP.Partner.Suppliers.SupplierManager_Unit_Tests.Should_Throw_BusinessException_When_Location_Country_City_Mismatch" computerName="DESKTOP-6PAUN01" duration="00:00:00.0017956" startTime="2026-05-26T09:29:18.4592470+07:00" endTime="2026-05-26T09:29:18.4611278+07:00" testType="13cdc9d9-ddb5-4fa4-a97d-d965ccfc6d4b" outcome="Passed" testListId="8c84fa94-04c1-424b-9868-57a2d4851a1d" relativeResultsDirectory="d217db53-ca6d-4653-b438-00d827bc1bed" />
    <UnitTestResult executionId="28dce1e6-fb66-4001-8693-fc9e87699219" testId="be67a3a4-8df0-c1c8-2858-dc77064ebf53" testName="SupplyCoreERP.Catalog.Medicines.Medicine_Unit_Tests.Should_Update_PharmaInfo_With_Valid_Parameters" computerName="DESKTOP-6PAUN01" duration="00:00:00.0027801" startTime="2026-05-26T09:29:18.3330690+07:00" endTime="2026-05-26T09:29:18.3356504+07:00" testType="13cdc9d9-ddb5-4fa4-a97d-d965ccfc6d4b" outcome="Passed" testListId="8c84fa94-04c1-424b-9868-57a2d4851a1d" relativeResultsDirectory="28dce1e6-fb66-4001-8693-fc9e87699219" />
    <UnitTestResult executionId="85415c37-d672-42da-9d2a-ccbd5ea4977f" testId="73590c73-f270-9f2e-d950-73586eb88338" testName="SupplyCoreERP.Partner.Customers.Customer_Unit_Tests.Should_Set_PriceList" computerName="DESKTOP-6PAUN01" duration="00:00:00.0001299" startTime="2026-05-26T09:29:18.3319299+07:00" endTime="2026-05-26T09:29:18.3319634+07:00" testType="13cdc9d9-ddb5-4fa4-a97d-d965ccfc6d4b" outcome="Passed" testListId="8c84fa94-04c1-424b-9868-57a2d4851a1d" relativeResultsDirectory="85415c37-d672-42da-9d2a-ccbd5ea4977f" />
    <UnitTestResult executionId="07f03d54-6816-4559-95f5-7196fff451cc" testId="cd278743-2e1f-0a97-325c-dbc241ce418c" testName="SupplyCoreERP.Catalog.Medicines.Medicine_Unit_Tests.Should_Reject_Pending_Medicine" computerName="DESKTOP-6PAUN01" duration="00:00:00.0032717" startTime="2026-05-26T09:29:18.3274477+07:00" endTime="2026-05-26T09:29:18.3286940+07:00" testType="13cdc9d9-ddb5-4fa4-a97d-d965ccfc6d4b" outcome="Passed" testListId="8c84fa94-04c1-424b-9868-57a2d4851a1d" relativeResultsDirectory="07f03d54-6816-4559-95f5-7196fff451cc" />
    <UnitTestResult executionId="89ffc603-920d-4d3e-b45a-2703983cf97e" testId="8a294d4c-0d16-482f-5fc1-a5ca362db906" testName="SupplyCoreERP.Partner.Customers.Customer_Unit_Tests.Should_Add_Debt_When_No_Limit" computerName="DESKTOP-6PAUN01" duration="00:00:00.0001054" startTime="2026-05-26T09:29:18.3261334+07:00" endTime="2026-05-26T09:29:18.3261858+07:00" testType="13cdc9d9-ddb5-4fa4-a97d-d965ccfc6d4b" outcome="Passed" testListId="8c84fa94-04c1-424b-9868-57a2d4851a1d" relativeResultsDirectory="89ffc603-920d-4d3e-b45a-2703983cf97e" />
    <UnitTestResult executionId="6d0f7c96-42f5-4a5a-bdd0-885567a3933f" testId="12a3cbe2-f603-85a1-4e52-03ce40c2f53b" testName="SupplyCoreERP.Partner.Suppliers.SupplierManager_Unit_Tests.Should_Throw_BusinessException_When_AddProduct_Product_NotAvailable" computerName="DESKTOP-6PAUN01" duration="00:00:00.0013616" startTime="2026-05-26T09:29:18.4556834+07:00" endTime="2026-05-26T09:29:18.4564658+07:00" testType="13cdc9d9-ddb5-4fa4-a97d-d965ccfc6d4b" outcome="Passed" testListId="8c84fa94-04c1-424b-9868-57a2d4851a1d" relativeResultsDirectory="6d0f7c96-42f5-4a5a-bdd0-885567a3933f" />
  </Results>
  <TestDefinitions>
    <UnitTest name="SupplyCoreERP.Catalog.Products.ProductManager_Unit_Tests.Should_Not_Throw_When_CheckCode_Is_Unique" storage="d:\projectowner\supplycoreerp\test\supplycoreerp.domain.tests\bin\debug\net10.0\supplycoreerp.domain.tests.dll" id="32722d9d-fd16-6f5a-c97a-0cc1a9c5a916">
      <Execution id="0790d33c-66fb-4545-be6a-b39efc2d1591" />
      <TestMethod codeBase="D:\ProjectOwner\SupplyCoreERP\test\SupplyCoreERP.Domain.Tests\bin\Debug\net10.0\SupplyCoreERP.Domain.Tests.dll" adapterTypeName="executor://xunit/VsTestRunner3/netcore/" className="SupplyCoreERP.Catalog.Products.ProductManager_Unit_Tests" name="Should_Not_Throw_When_CheckCode_Is_Unique" />
    </UnitTest>
    <UnitTest name="SupplyCoreERP.Partner.Suppliers.SupplierManager_Unit_Tests.Should_Throw_BusinessException_When_Location_Area_City_Mismatch" storage="d:\projectowner\supplycoreerp\test\supplycoreerp.domain.tests\bin\debug\net10.0\supplycoreerp.domain.tests.dll" id="59e49e40-7d89-23d3-6dfe-b1e4de9fd8f3">
      <Execution id="e88b56f2-e6d7-42b7-8bde-0bc383644a31" />
      <TestMethod codeBase="D:\ProjectOwner\SupplyCoreERP\test\SupplyCoreERP.Domain.Tests\bin\Debug\net10.0\SupplyCoreERP.Domain.Tests.dll" adapterTypeName="executor://xunit/VsTestRunner3/netcore/" className="SupplyCoreERP.Partner.Suppliers.SupplierManager_Unit_Tests" name="Should_Throw_BusinessException_When_Location_Area_City_Mismatch" />
    </UnitTest>
    <UnitTest name="SupplyCoreERP.Catalog.Medicines.Medicine_Unit_Tests.Should_Add_Ingredient_To_Medicine" storage="d:\projectowner\supplycoreerp\test\supplycoreerp.domain.tests\bin\debug\net10.0\supplycoreerp.domain.tests.dll" id="c01340ce-9bf3-6785-62fc-8f8481473262">
      <Execution id="dcbc0d5d-c859-431e-ad24-0a8f5ad4ab74" />
      <TestMethod codeBase="D:\ProjectOwner\SupplyCoreERP\test\SupplyCoreERP.Domain.Tests\bin\Debug\net10.0\SupplyCoreERP.Domain.Tests.dll" adapterTypeName="executor://xunit/VsTestRunner3/netcore/" className="SupplyCoreERP.Catalog.Medicines.Medicine_Unit_Tests" name="Should_Add_Ingredient_To_Medicine" />
    </UnitTest>
    <UnitTest name="SupplyCoreERP.Catalog.Medicines.MedicineManager_Unit_Tests.Should_Remove_Ingredient_Successfully" storage="d:\projectowner\supplycoreerp\test\supplycoreerp.domain.tests\bin\debug\net10.0\supplycoreerp.domain.tests.dll" id="729e03f0-b040-6fac-91f9-4c55d4c7c382">
      <Execution id="d73f1f64-7534-4496-8b9a-a2b3ad5cdf56" />
      <TestMethod codeBase="D:\ProjectOwner\SupplyCoreERP\test\SupplyCoreERP.Domain.Tests\bin\Debug\net10.0\SupplyCoreERP.Domain.Tests.dll" adapterTypeName="executor://xunit/VsTestRunner3/netcore/" className="SupplyCoreERP.Catalog.Medicines.MedicineManager_Unit_Tests" name="Should_Remove_Ingredient_Successfully" />
    </UnitTest>
    <UnitTest name="SupplyCoreERP.Catalog.Medicines.MedicineManager_Unit_Tests.Should_Update_Unit_Successfully" storage="d:\projectowner\supplycoreerp\test\supplycoreerp.domain.tests\bin\debug\net10.0\supplycoreerp.domain.tests.dll" id="e10d97c0-3990-65e7-5de7-e9b16c81fa71">
      <Execution id="c918edfa-327c-433f-869a-30e341ddcb02" />
      <TestMethod codeBase="D:\ProjectOwner\SupplyCoreERP\test\SupplyCoreERP.Domain.Tests\bin\Debug\net10.0\SupplyCoreERP.Domain.Tests.dll" adapterTypeName="executor://xunit/VsTestRunner3/netcore/" className="SupplyCoreERP.Catalog.Medicines.MedicineManager_Unit_Tests" name="Should_Update_Unit_Successfully" />
    </UnitTest>
    <UnitTest name="SupplyCoreERP.Partner.Customers.CustomerManager_Unit_Tests.Should_Update_Customer_Successfully_With_Phone_Change" storage="d:\projectowner\supplycoreerp\test\supplycoreerp.domain.tests\bin\debug\net10.0\supplycoreerp.domain.tests.dll" id="eef323ff-1d91-679e-9bb7-b2796c046bfc">
      <Execution id="99f0053f-46f5-4496-a28c-8d5ff0abf60f" />
      <TestMethod codeBase="D:\ProjectOwner\SupplyCoreERP\test\SupplyCoreERP.Domain.Tests\bin\Debug\net10.0\SupplyCoreERP.Domain.Tests.dll" adapterTypeName="executor://xunit/VsTestRunner3/netcore/" className="SupplyCoreERP.Partner.Customers.CustomerManager_Unit_Tests" name="Should_Update_Customer_Successfully_With_Phone_Change" />
    </UnitTest>
    <UnitTest name="SupplyCoreERP.Catalog.Medicines.MedicineManager_Unit_Tests.Should_Create_Medicine_Successfully" storage="d:\projectowner\supplycoreerp\test\supplycoreerp.domain.tests\bin\debug\net10.0\supplycoreerp.domain.tests.dll" id="663f0b29-3eaa-471f-6250-65268fa3baad">
      <Execution id="7af907bb-de24-4af2-b5cc-8c1755e03f3d" />
      <TestMethod codeBase="D:\ProjectOwner\SupplyCoreERP\test\SupplyCoreERP.Domain.Tests\bin\Debug\net10.0\SupplyCoreERP.Domain.Tests.dll" adapterTypeName="executor://xunit/VsTestRunner3/netcore/" className="SupplyCoreERP.Catalog.Medicines.MedicineManager_Unit_Tests" name="Should_Create_Medicine_Successfully" />
    </UnitTest>
    <UnitTest name="SupplyCoreERP.Partner.Suppliers.SupplierManager_Unit_Tests.Should_Throw_BusinessException_When_Location_City_NotFound" storage="d:\projectowner\supplycoreerp\test\supplycoreerp.domain.tests\bin\debug\net10.0\supplycoreerp.domain.tests.dll" id="6838b751-aa13-2878-a3b6-26c346655558">
      <Execution id="a7cf7c4a-c0ea-4e48-8256-479d4a7ef8e5" />
      <TestMethod codeBase="D:\ProjectOwner\SupplyCoreERP\test\SupplyCoreERP.Domain.Tests\bin\Debug\net10.0\SupplyCoreERP.Domain.Tests.dll" adapterTypeName="executor://xunit/VsTestRunner3/netcore/" className="SupplyCoreERP.Partner.Suppliers.SupplierManager_Unit_Tests" name="Should_Throw_BusinessException_When_Location_City_NotFound" />
    </UnitTest>
    <UnitTest name="SupplyCoreERP.Partner.Customers.CustomerManager_Unit_Tests.Should_Throw_BusinessException_When_Location_AreaCity_Mismatch" storage="d:\projectowner\supplycoreerp\test\supplycoreerp.domain.tests\bin\debug\net10.0\supplycoreerp.domain.tests.dll" id="e8745b17-5dde-ff85-eeca-1c2a82a63cd9">
      <Execution id="c0822aa8-a1f6-4c00-b07e-8910c3442177" />
      <TestMethod codeBase="D:\ProjectOwner\SupplyCoreERP\test\SupplyCoreERP.Domain.Tests\bin\Debug\net10.0\SupplyCoreERP.Domain.Tests.dll" adapterTypeName="executor://xunit/VsTestRunner3/netcore/" className="SupplyCoreERP.Partner.Customers.CustomerManager_Unit_Tests" name="Should_Throw_BusinessException_When_Location_AreaCity_Mismatch" />
    </UnitTest>
    <UnitTest name="SupplyCoreERP.Partner.Customers.CustomerManager_Unit_Tests.Should_Throw_BusinessException_When_PriceList_NotFound" storage="d:\projectowner\supplycoreerp\test\supplycoreerp.domain.tests\bin\debug\net10.0\supplycoreerp.domain.tests.dll" id="e57e19e6-e102-0b88-5cad-2c5ce432af99">
      <Execution id="0d627099-c0d8-4d53-b64c-15386e9d52a9" />
      <TestMethod codeBase="D:\ProjectOwner\SupplyCoreERP\test\SupplyCoreERP.Domain.Tests\bin\Debug\net10.0\SupplyCoreERP.Domain.Tests.dll" adapterTypeName="executor://xunit/VsTestRunner3/netcore/" className="SupplyCoreERP.Partner.Customers.CustomerManager_Unit_Tests" name="Should_Throw_BusinessException_When_PriceList_NotFound" />
    </UnitTest>
    <UnitTest name="SupplyCoreERP.Partner.Suppliers.SupplierManager_Unit_Tests.Should_Create_Supplier_Successfully" storage="d:\projectowner\supplycoreerp\test\supplycoreerp.domain.tests\bin\debug\net10.0\supplycoreerp.domain.tests.dll" id="1a5df235-fcaa-719e-4a71-c39e1093f879">
      <Execution id="48ec441c-fd79-4750-ba3c-d8c204b00cb0" />
      <TestMethod codeBase="D:\ProjectOwner\SupplyCoreERP\test\SupplyCoreERP.Domain.Tests\bin\Debug\net10.0\SupplyCoreERP.Domain.Tests.dll" adapterTypeName="executor://xunit/VsTestRunner3/netcore/" className="SupplyCoreERP.Partner.Suppliers.SupplierManager_Unit_Tests" name="Should_Create_Supplier_Successfully" />
    </UnitTest>
    <UnitTest name="SupplyCoreERP.Catalog.Medicines.MedicineManager_Unit_Tests.Should_Add_Registration_Via_Manager_Successfully" storage="d:\projectowner\supplycoreerp\test\supplycoreerp.domain.tests\bin\debug\net10.0\supplycoreerp.domain.tests.dll" id="13d31af6-1dd2-61a8-9a31-326f57e863f5">
      <Execution id="23d5fa02-2734-42cb-b2a0-55b5a036ef67" />
      <TestMethod codeBase="D:\ProjectOwner\SupplyCoreERP\test\SupplyCoreERP.Domain.Tests\bin\Debug\net10.0\SupplyCoreERP.Domain.Tests.dll" adapterTypeName="executor://xunit/VsTestRunner3/netcore/" className="SupplyCoreERP.Catalog.Medicines.MedicineManager_Unit_Tests" name="Should_Add_Registration_Via_Manager_Successfully" />
    </UnitTest>
    <UnitTest name="SupplyCoreERP.Catalog.Medicines.Medicine_Unit_Tests.Should_Add_Unit_With_Conversion_Factor" storage="d:\projectowner\supplycoreerp\test\supplycoreerp.domain.tests\bin\debug\net10.0\supplycoreerp.domain.tests.dll" id="19b4a007-d77a-9038-6cce-b3393fbfcc13">
      <Execution id="c9569146-4bab-49f6-8e6e-12b26c0ffe15" />
      <TestMethod codeBase="D:\ProjectOwner\SupplyCoreERP\test\SupplyCoreERP.Domain.Tests\bin\Debug\net10.0\SupplyCoreERP.Domain.Tests.dll" adapterTypeName="executor://xunit/VsTestRunner3/netcore/" className="SupplyCoreERP.Catalog.Medicines.Medicine_Unit_Tests" name="Should_Add_Unit_With_Conversion_Factor" />
    </UnitTest>
    <UnitTest name="SupplyCoreERP.Partner.Customers.Customer_Unit_Tests.Should_Set_DebtInfo" storage="d:\projectowner\supplycoreerp\test\supplycoreerp.domain.tests\bin\debug\net10.0\supplycoreerp.domain.tests.dll" id="de806c90-ba99-9a29-8d95-8fa2167b7d32">
      <Execution id="181ddff9-ae3b-4d51-91da-34c982be718a" />
      <TestMethod codeBase="D:\ProjectOwner\SupplyCoreERP\test\SupplyCoreERP.Domain.Tests\bin\Debug\net10.0\SupplyCoreERP.Domain.Tests.dll" adapterTypeName="executor://xunit/VsTestRunner3/netcore/" className="SupplyCoreERP.Partner.Customers.Customer_Unit_Tests" name="Should_Set_DebtInfo" />
    </UnitTest>
    <UnitTest name="SupplyCoreERP.Partner.Suppliers.SupplierProduct_Unit_Tests.Should_Throw_When_InconsistentPricing" storage="d:\projectowner\supplycoreerp\test\supplycoreerp.domain.tests\bin\debug\net10.0\supplycoreerp.domain.tests.dll" id="7a380c51-8b88-3bb7-10b9-b4c5decd41e9">
      <Execution id="aa464c07-f65f-4248-b653-6e26883aae5e" />
      <TestMethod codeBase="D:\ProjectOwner\SupplyCoreERP\test\SupplyCoreERP.Domain.Tests\bin\Debug\net10.0\SupplyCoreERP.Domain.Tests.dll" adapterTypeName="executor://xunit/VsTestRunner3/netcore/" className="SupplyCoreERP.Partner.Suppliers.SupplierProduct_Unit_Tests" name="Should_Throw_When_InconsistentPricing" />
    </UnitTest>
    <UnitTest name="SupplyCoreERP.Partner.Suppliers.Supplier_Unit_Tests.Should_Pay_Debt_Successfully" storage="d:\projectowner\supplycoreerp\test\supplycoreerp.domain.tests\bin\debug\net10.0\supplycoreerp.domain.tests.dll" id="8ab035a0-1525-8fed-f7a5-d0d6c232d012">
      <Execution id="fb607321-5550-4d62-914c-29965278e8de" />
      <TestMethod codeBase="D:\ProjectOwner\SupplyCoreERP\test\SupplyCoreERP.Domain.Tests\bin\Debug\net10.0\SupplyCoreERP.Domain.Tests.dll" adapterTypeName="executor://xunit/VsTestRunner3/netcore/" className="SupplyCoreERP.Partner.Suppliers.Supplier_Unit_Tests" name="Should_Pay_Debt_Successfully" />
    </UnitTest>
    <UnitTest name="SupplyCoreERP.Catalog.Medicines.Medicine_Unit_Tests.Should_Throw_BusinessException_When_AddUnit_Is_Duplicate_Of_BaseUnit" storage="d:\projectowner\supplycoreerp\test\supplycoreerp.domain.tests\bin\debug\net10.0\supplycoreerp.domain.tests.dll" id="7be38e75-eecb-9c98-6eaf-75d33734f4bc">
      <Execution id="970d4070-83ae-4220-b4a0-27d2cd1cdab9" />
      <TestMethod codeBase="D:\ProjectOwner\SupplyCoreERP\test\SupplyCoreERP.Domain.Tests\bin\Debug\net10.0\SupplyCoreERP.Domain.Tests.dll" adapterTypeName="executor://xunit/VsTestRunner3/netcore/" className="SupplyCoreERP.Catalog.Medicines.Medicine_Unit_Tests" name="Should_Throw_BusinessException_When_AddUnit_Is_Duplicate_Of_BaseUnit" />
    </UnitTest>
    <UnitTest name="SupplyCoreERP.Partner.Suppliers.SupplierProduct_Unit_Tests.Should_Remove_Existing_Condition" storage="d:\projectowner\supplycoreerp\test\supplycoreerp.domain.tests\bin\debug\net10.0\supplycoreerp.domain.tests.dll" id="3cdfce3f-5f79-d87d-e77e-96d361025aec">
      <Execution id="55f4548c-5e0b-47e5-8425-30bcad02bcdf" />
      <TestMethod codeBase="D:\ProjectOwner\SupplyCoreERP\test\SupplyCoreERP.Domain.Tests\bin\Debug\net10.0\SupplyCoreERP.Domain.Tests.dll" adapterTypeName="executor://xunit/VsTestRunner3/netcore/" className="SupplyCoreERP.Partner.Suppliers.SupplierProduct_Unit_Tests" name="Should_Remove_Existing_Condition" />
    </UnitTest>
    <UnitTest name="SupplyCoreERP.Partner.Suppliers.Supplier_Unit_Tests.Should_Throw_When_PayDebt_With_Invalid_Amount" storage="d:\projectowner\supplycoreerp\test\supplycoreerp.domain.tests\bin\debug\net10.0\supplycoreerp.domain.tests.dll" id="9637d50b-d367-47ed-3867-53a6decc96dd">
      <Execution id="4ba71fbb-b7c7-449c-9c9b-22adfc7f2ba4" />
[...]
    <TestEntry testId="98b1b33f-8943-adf1-b1d9-6c047aacbc21" executionId="9fd015bb-7f15-402f-aa6a-56a18c4071ca" testListId="8c84fa94-04c1-424b-9868-57a2d4851a1d" />
    <TestEntry testId="1704dd1c-f7fd-d8d0-f8e8-4f683928d434" executionId="a6c91c04-3b64-4030-8d62-4c3bf78bd116" testListId="8c84fa94-04c1-424b-9868-57a2d4851a1d" />
    <TestEntry testId="f0dd64c3-4cb4-7802-2c21-04ae966acbf4" executionId="ac1db9d7-a694-46f8-be35-8f6ae35bb67c" testListId="8c84fa94-04c1-424b-9868-57a2d4851a1d" />
    <TestEntry testId="cd43536e-65a6-0fb4-6b74-402439c2bd99" executionId="ac3f0fce-f099-4a4d-87c1-db3d2e3bd7a9" testListId="8c84fa94-04c1-424b-9868-57a2d4851a1d" />
    <TestEntry testId="e09c897a-ee95-3d3a-23f1-280677662ae4" executionId="aef3acc5-0194-4ab9-8c87-641d47904cc9" testListId="8c84fa94-04c1-424b-9868-57a2d4851a1d" />
    <TestEntry testId="729e03f0-b040-6fac-91f9-4c55d4c7c382" executionId="d73f1f64-7534-4496-8b9a-a2b3ad5cdf56" testListId="8c84fa94-04c1-424b-9868-57a2d4851a1d" />
    <TestEntry testId="d1cc45d6-f0ca-7b37-971c-9383134a5fcd" executionId="5b4c89ec-b11f-4dcb-b5bd-ab3196d56b2c" testListId="8c84fa94-04c1-424b-9868-57a2d4851a1d" />
    <TestEntry testId="66319d30-ff07-8e60-7b19-d1a13aac7dda" executionId="4dafa47b-2bbc-4240-a26c-b5c402a0c2f7" testListId="8c84fa94-04c1-424b-9868-57a2d4851a1d" />
    <TestEntry testId="e57e19e6-e102-0b88-5cad-2c5ce432af99" executionId="0d627099-c0d8-4d53-b64c-15386e9d52a9" testListId="8c84fa94-04c1-424b-9868-57a2d4851a1d" />
    <TestEntry testId="0d6ac402-02d8-58ae-8104-3cb519eee7dd" executionId="85b92323-c9f2-4097-9f54-9de8420c1d42" testListId="8c84fa94-04c1-424b-9868-57a2d4851a1d" />
    <TestEntry testId="81b392d5-4336-ca20-ff33-5f6f42274ea4" executionId="d772bd5c-9476-40b6-9813-a914d82eb9ed" testListId="8c84fa94-04c1-424b-9868-57a2d4851a1d" />
    <TestEntry testId="9bcec060-b13d-36f1-ac75-e69431d9cb48" executionId="9a87890a-971c-413c-a445-7434c374a679" testListId="8c84fa94-04c1-424b-9868-57a2d4851a1d" />
    <TestEntry testId="0d20ee62-a18d-1fcd-83d8-b5f8db7b6cdb" executionId="25ddc066-d246-466e-9373-554c8b60fef0" testListId="8c84fa94-04c1-424b-9868-57a2d4851a1d" />
    <TestEntry testId="2212b3db-84b2-1e21-8611-ea0869d1fb1e" executionId="5bb35196-6f87-40dc-9029-d4e0a2482a90" testListId="8c84fa94-04c1-424b-9868-57a2d4851a1d" />
    <TestEntry testId="e8745b17-5dde-ff85-eeca-1c2a82a63cd9" executionId="c0822aa8-a1f6-4c00-b07e-8910c3442177" testListId="8c84fa94-04c1-424b-9868-57a2d4851a1d" />
    <TestEntry testId="1cbf8722-2250-2bea-3a29-e54a0529c516" executionId="65fdf6d5-492e-4b02-a688-46fd2819a303" testListId="8c84fa94-04c1-424b-9868-57a2d4851a1d" />
    <TestEntry testId="9898fa9c-c17d-4ddb-157c-a243dedce159" executionId="9e02ee36-02b1-4f23-92ce-535d9c099dbd" testListId="8c84fa94-04c1-424b-9868-57a2d4851a1d" />
    <TestEntry testId="1a504056-023e-9712-7b5d-544106f2865c" executionId="9a200e1e-75ff-4ad9-892a-a2020c68070e" testListId="8c84fa94-04c1-424b-9868-57a2d4851a1d" />
    <TestEntry testId="59908a19-9b69-8606-dfaa-25992d7e42e4" executionId="353bebc8-557f-4804-9ed8-f71613af2cb8" testListId="8c84fa94-04c1-424b-9868-57a2d4851a1d" />
    <TestEntry testId="a6432989-5f8a-4d4c-0f4e-54ad8ef22359" executionId="458581c3-7b17-4890-9afa-15b65b3ce2f5" testListId="8c84fa94-04c1-424b-9868-57a2d4851a1d" />
    <TestEntry testId="802f1d46-2c0e-5f11-c603-20c5207350ff" executionId="2a640e6d-915c-4fa2-a0be-493e61c30d45" testListId="8c84fa94-04c1-424b-9868-57a2d4851a1d" />
    <TestEntry testId="a3d48b5b-aeb8-6195-0a52-dd41a7ff56f5" executionId="bfa7a464-c0f6-4242-a728-412b93bd5c75" testListId="8c84fa94-04c1-424b-9868-57a2d4851a1d" />
    <TestEntry testId="1048721c-b519-87c8-e940-61311c0441a0" executionId="ec41383c-da73-43e3-86e8-cb696f89aabf" testListId="8c84fa94-04c1-424b-9868-57a2d4851a1d" />
    <TestEntry testId="6838b751-aa13-2878-a3b6-26c346655558" executionId="a7cf7c4a-c0ea-4e48-8256-479d4a7ef8e5" testListId="8c84fa94-04c1-424b-9868-57a2d4851a1d" />
    <TestEntry testId="1ca61147-f820-b676-2261-2aedb9c8a1d6" executionId="35277a8f-2738-4ad1-a1ae-a822691e3a12" testListId="8c84fa94-04c1-424b-9868-57a2d4851a1d" />
    <TestEntry testId="f6506642-cd99-b11f-fde1-bd961efc60b0" executionId="a1b286ef-4301-495c-9d1f-d1854f30532a" testListId="8c84fa94-04c1-424b-9868-57a2d4851a1d" />
    <TestEntry testId="5c298111-2100-7d93-4091-d0973d810ae0" executionId="a4c5b4b9-0912-458a-98c9-61b61cb3be6a" testListId="8c84fa94-04c1-424b-9868-57a2d4851a1d" />
    <TestEntry testId="bc0ea0da-350f-5a9c-f926-4ef070b5af19" executionId="3ad65d90-1990-4555-bcdc-675384a30c21" testListId="8c84fa94-04c1-424b-9868-57a2d4851a1d" />
    <TestEntry testId="59e49e40-7d89-23d3-6dfe-b1e4de9fd8f3" executionId="e88b56f2-e6d7-42b7-8bde-0bc383644a31" testListId="8c84fa94-04c1-424b-9868-57a2d4851a1d" />
    <TestEntry testId="48c58abe-3ea8-ff15-19be-707540d916b9" executionId="e6cecb12-57dd-47d9-bbd2-776a267710f8" testListId="8c84fa94-04c1-424b-9868-57a2d4851a1d" />
    <TestEntry testId="955f9b88-1601-2d79-8350-29ea692567aa" executionId="124aecbf-a49f-4803-9859-07bd1f331bb9" testListId="8c84fa94-04c1-424b-9868-57a2d4851a1d" />
    <TestEntry testId="26f28203-5070-52e6-774a-50a367fcfcb2" executionId="2b86bac4-bda8-4c3a-a0cb-ad212ba3fde2" testListId="8c84fa94-04c1-424b-9868-57a2d4851a1d" />
    <TestEntry testId="7c0f411f-0c8e-4625-d825-7471cb828b30" executionId="92284c39-e8a2-4b53-904c-66c98ada2365" testListId="8c84fa94-04c1-424b-9868-57a2d4851a1d" />
    <TestEntry testId="3d4bb43a-1ede-4851-6263-dce8a6f17d84" executionId="5c10d1f8-5e48-4eee-a2ab-3a410dbf970f" testListId="8c84fa94-04c1-424b-9868-57a2d4851a1d" />
    <TestEntry testId="3e43822b-b2d0-1135-a69f-6fb4cfc5ab6c" executionId="2136431c-384e-44ef-a2f8-a579de12b0d3" testListId="8c84fa94-04c1-424b-9868-57a2d4851a1d" />
    <TestEntry testId="39f6f685-f38c-b18b-8123-2a061dee7997" executionId="a54b79e5-3f16-4ae2-8f0c-7556f82a1440" testListId="8c84fa94-04c1-424b-9868-57a2d4851a1d" />
    <TestEntry testId="e5686914-2942-3486-5819-23bfbd49efa1" executionId="6c70b85e-588a-4c3b-b3e9-ded419e40338" testListId="8c84fa94-04c1-424b-9868-57a2d4851a1d" />
    <TestEntry testId="c350abbf-d5ba-3e34-7dd9-3aa2a1af622f" executionId="ebcf0d73-7dd5-4c73-bcd3-b80332bd9b57" testListId="8c84fa94-04c1-424b-9868-57a2d4851a1d" />
    <TestEntry testId="e85df599-15e5-48a4-dacf-0ab6da8f306f" executionId="53e8a397-0994-4e4d-9d65-267aea6be140" testListId="8c84fa94-04c1-424b-9868-57a2d4851a1d" />
    <TestEntry testId="339dcb1b-f0d7-22d4-a055-58422f2b3bbd" executionId="8c543873-cb52-4503-aba0-d88e1a4d98d8" testListId="8c84fa94-04c1-424b-9868-57a2d4851a1d" />
    <TestEntry testId="d1474c65-6ac3-4593-6e08-86a0a84fdd1c" executionId="13f86ef2-4773-43b7-bf82-311fe0253944" testListId="8c84fa94-04c1-424b-9868-57a2d4851a1d" />
    <TestEntry testId="c87d8eed-8ae8-6435-145c-80cc0167dced" executionId="18a6a0b4-37ae-4070-bfcb-8f9e68a89bc1" testListId="8c84fa94-04c1-424b-9868-57a2d4851a1d" />
    <TestEntry testId="910ba300-43a1-155a-ba35-4ef518d26dc9" executionId="583ed42c-665b-4fe5-82c3-cd20b235a700" testListId="8c84fa94-04c1-424b-9868-57a2d4851a1d" />
    <TestEntry testId="6101a8e7-93f8-52db-0b63-dd6ad248aff2" executionId="be84c179-3db3-4ded-b974-461f1e6494cf" testListId="8c84fa94-04c1-424b-9868-57a2d4851a1d" />
    <TestEntry testId="13a8112d-7654-22c8-7927-c69000e6c671" executionId="8147e0cf-78aa-4e63-8338-a6aceb9cccbc" testListId="8c84fa94-04c1-424b-9868-57a2d4851a1d" />
    <TestEntry testId="4850ed5b-2f9a-4966-1689-8a24f3bd27c9" executionId="3d462475-185c-4918-99a8-45e4ff2ce6ce" testListId="8c84fa94-04c1-424b-9868-57a2d4851a1d" />
    <TestEntry testId="32722d9d-fd16-6f5a-c97a-0cc1a9c5a916" executionId="0790d33c-66fb-4545-be6a-b39efc2d1591" testListId="8c84fa94-04c1-424b-9868-57a2d4851a1d" />
    <TestEntry testId="d9c26fef-6f6e-7dcc-0472-37f5e89a8389" executionId="427db637-ebc6-45dc-af50-f78b7aabc32c" testListId="8c84fa94-04c1-424b-9868-57a2d4851a1d" />
    <TestEntry testId="2b8fc0b9-6f83-38ce-4bb9-9d835d44d500" executionId="0c737f02-2bab-4cd6-80b0-97a23bcc2fb9" testListId="8c84fa94-04c1-424b-9868-57a2d4851a1d" />
    <TestEntry testId="5952d043-b33d-b2c6-a397-3a9e9e1328b5" executionId="5f8c84db-9d80-4124-b935-80edd65f554a" testListId="8c84fa94-04c1-424b-9868-57a2d4851a1d" />
    <TestEntry testId="9be457fc-dc82-9789-431b-4a9f4cadaf17" executionId="60f519a7-a8f3-47c5-98b3-f1be23a43a38" testListId="8c84fa94-04c1-424b-9868-57a2d4851a1d" />
    <TestEntry testId="663f0b29-3eaa-471f-6250-65268fa3baad" executionId="7af907bb-de24-4af2-b5cc-8c1755e03f3d" testListId="8c84fa94-04c1-424b-9868-57a2d4851a1d" />
    <TestEntry testId="cebef4fa-a067-0cc1-21c3-65f883c2dfd5" executionId="99ae07de-d484-4a31-9925-604812377baf" testListId="8c84fa94-04c1-424b-9868-57a2d4851a1d" />
    <TestEntry testId="413d0be6-ba42-397f-eccd-aee646bf1f73" executionId="f4302191-9aec-4930-b301-584469484ea6" testListId="8c84fa94-04c1-424b-9868-57a2d4851a1d" />
    <TestEntry testId="9637d50b-d367-47ed-3867-53a6decc96dd" executionId="4ba71fbb-b7c7-449c-9c9b-22adfc7f2ba4" testListId="8c84fa94-04c1-424b-9868-57a2d4851a1d" />
    <TestEntry testId="1dc49912-cc52-b240-2762-853036cfc3b1" executionId="5cecc151-d3c3-49cf-a5f4-ad1370b41e7c" testListId="8c84fa94-04c1-424b-9868-57a2d4851a1d" />
    <TestEntry testId="e10d97c0-3990-65e7-5de7-e9b16c81fa71" executionId="c918edfa-327c-433f-869a-30e341ddcb02" testListId="8c84fa94-04c1-424b-9868-57a2d4851a1d" />
    <TestEntry testId="3c9acf97-5d9f-f01d-fa27-47c0b83b64ae" executionId="7d7dffa3-669a-43b5-b498-08ec5af8ccdd" testListId="8c84fa94-04c1-424b-9868-57a2d4851a1d" />
    <TestEntry testId="cf174ddc-8933-2c37-0190-fb61759c1351" executionId="680024ec-988e-4a9e-b998-6dd3246bce3f" testListId="8c84fa94-04c1-424b-9868-57a2d4851a1d" />
    <TestEntry testId="03b54290-4752-d1cf-cfc8-739616d880cc" executionId="e3599940-4d9d-4a43-a2b4-2f7a38f924a8" testListId="8c84fa94-04c1-424b-9868-57a2d4851a1d" />
    <TestEntry testId="7be38e75-eecb-9c98-6eaf-75d33734f4bc" executionId="970d4070-83ae-4220-b4a0-27d2cd1cdab9" testListId="8c84fa94-04c1-424b-9868-57a2d4851a1d" />
    <TestEntry testId="4667a602-04e5-14c1-67be-6fb0874d1e7b" executionId="11f2bfec-8f9e-411f-b87f-b1569e17cfd7" testListId="8c84fa94-04c1-424b-9868-57a2d4851a1d" />
    <TestEntry testId="89b909c8-8c96-9fc0-cd96-ee32632bf1a8" executionId="ab86b017-0874-4fdc-b72e-da7c18c24e38" testListId="8c84fa94-04c1-424b-9868-57a2d4851a1d" />
    <TestEntry testId="5e6a8971-03d6-f797-c0b5-a99a59473550" executionId="ffa66835-129e-496d-9bc0-29703f7cf493" testListId="8c84fa94-04c1-424b-9868-57a2d4851a1d" />
    <TestEntry testId="44be78c6-83d0-ff0a-563a-b67fe1148e1a" executionId="03c61ff3-b70a-4737-abf8-81fb5cf8b0dc" testListId="8c84fa94-04c1-424b-9868-57a2d4851a1d" />
    <TestEntry testId="372ddf92-8efe-be54-dd15-530ed966b2c5" executionId="e9d6b8ca-359c-40c0-a60d-702a8635a1ab" testListId="8c84fa94-04c1-424b-9868-57a2d4851a1d" />
    <TestEntry testId="cd81d0a8-25ef-4fe3-44d5-b6e61a5035db" executionId="5a834ca8-2546-4657-beb9-be79640d8ed5" testListId="8c84fa94-04c1-424b-9868-57a2d4851a1d" />
    <TestEntry testId="b369b282-75d8-95b4-7089-b32bf8160db0" executionId="8af2109b-5c32-4987-b9c2-8e66cfa77ebb" testListId="8c84fa94-04c1-424b-9868-57a2d4851a1d" />
    <TestEntry testId="ef56714c-debd-8d4c-aed6-e246b8661164" executionId="6110e6fd-1984-4d12-b169-19914a0ad578" testListId="8c84fa94-04c1-424b-9868-57a2d4851a1d" />
    <TestEntry testId="1e36925d-6c77-71fd-2511-78c9959e7e3c" executionId="ec15d28d-bc2a-4984-900a-f5620d160d22" testListId="8c84fa94-04c1-424b-9868-57a2d4851a1d" />
    <TestEntry testId="8e9170fa-9550-72ac-77d6-ff3895f212b4" executionId="597ed5a9-64fa-45f1-b8b1-f6ec98e6515d" testListId="8c84fa94-04c1-424b-9868-57a2d4851a1d" />
    <TestEntry testId="2bedbf26-5a9c-26ea-5fb1-015af4c279a8" executionId="f5bc6fa1-bc7a-4761-a1c4-1c3f858b76dc" testListId="8c84fa94-04c1-424b-9868-57a2d4851a1d" />
    <TestEntry testId="e9db874a-518c-d04b-ad8c-36b637f93e51" executionId="b088db01-62d1-4595-8a3c-5b3d8d22352e" testListId="8c84fa94-04c1-424b-9868-57a2d4851a1d" />
    <TestEntry testId="990f7a9b-57cd-4c33-a3c3-af58e82239aa" executionId="0fa97b5f-e573-42ab-8449-aed8291b41ec" testListId="8c84fa94-04c1-424b-9868-57a2d4851a1d" />
    <TestEntry testId="7213d9c5-565f-6035-8376-5b2a9d874128" executionId="6aa4c7a1-110c-4cec-9011-b04d3ed00e5a" testListId="8c84fa94-04c1-424b-9868-57a2d4851a1d" />
    <TestEntry testId="91846a78-0b1f-60e9-24a4-a5a9052e0dfa" executionId="ef096a8b-5599-44eb-8aa6-7f7c86e66df7" testListId="8c84fa94-04c1-424b-9868-57a2d4851a1d" />
    <TestEntry testId="16cb02b8-89d7-9d3a-c385-fd3c5c98fe4a" executionId="134f25ac-dd46-4174-9010-ee73440116f7" testListId="8c84fa94-04c1-424b-9868-57a2d4851a1d" />
    <TestEntry testId="52a21d82-dba2-83e0-e170-d9634031e8e6" executionId="5e54b1ea-93fe-4937-81eb-f915ddb10073" testListId="8c84fa94-04c1-424b-9868-57a2d4851a1d" />
    <TestEntry testId="7a380c51-8b88-3bb7-10b9-b4c5decd41e9" executionId="aa464c07-f65f-4248-b653-6e26883aae5e" testListId="8c84fa94-04c1-424b-9868-57a2d4851a1d" />
    <TestEntry testId="17cafa2f-1489-1771-1e7e-9a534aea6383" executionId="33dbec26-b324-42ee-ab5f-c9a59c892498" testListId="8c84fa94-04c1-424b-9868-57a2d4851a1d" />
    <TestEntry testId="bc1e0c9b-afb8-27b8-94cb-cd5750658cb4" executionId="91e5277f-3f06-4805-88b7-1e0ed7268bed" testListId="8c84fa94-04c1-424b-9868-57a2d4851a1d" />
    <TestEntry testId="eef323ff-1d91-679e-9bb7-b2796c046bfc" executionId="99f0053f-46f5-4496-a28c-8d5ff0abf60f" testListId="8c84fa94-04c1-424b-9868-57a2d4851a1d" />
    <TestEntry testId="233cdca2-1ac6-0f48-86ae-8c68ccae715a" executionId="c7f1e8de-5a9f-4f9a-8676-b82cdbbceeab" testListId="8c84fa94-04c1-424b-9868-57a2d4851a1d" />
    <TestEntry testId="de806c90-ba99-9a29-8d95-8fa2167b7d32" executionId="181ddff9-ae3b-4d51-91da-34c982be718a" testListId="8c84fa94-04c1-424b-9868-57a2d4851a1d" />
    <TestEntry testId="6eed3268-2030-5fbc-7140-082c9de1a926" executionId="f0104020-3e41-42e6-8df1-54b0e2fc9330" testListId="8c84fa94-04c1-424b-9868-57a2d4851a1d" />
    <TestEntry testId="c01340ce-9bf3-6785-62fc-8f8481473262" executionId="dcbc0d5d-c859-431e-ad24-0a8f5ad4ab74" testListId="8c84fa94-04c1-424b-9868-57a2d4851a1d" />
    <TestEntry testId="59039de9-9969-8a51-fa68-78a54a51c323" executionId="55430a7b-1e76-4a58-aa74-a8f07764bbfa" testListId="8c84fa94-04c1-424b-9868-57a2d4851a1d" />
    <TestEntry testId="cc27e5b6-eacd-6c78-b165-29343cdaab6f" executionId="d0e08bf9-4851-41df-9de9-ac5d5b8cfae2" testListId="8c84fa94-04c1-424b-9868-57a2d4851a1d" />
    <TestEntry testId="338493da-e0fa-eed1-afaf-566d1f8a53be" executionId="395c6e5a-e2ea-444a-b35f-76c5de1a4b5c" testListId="8c84fa94-04c1-424b-9868-57a2d4851a1d" />
    <TestEntry testId="f36ae3f9-2fa3-c7d8-d6d7-da9b0e4b1e0c" executionId="d79823e3-d432-46cd-91cd-3e51e18e407f" testListId="8c84fa94-04c1-424b-9868-57a2d4851a1d" />
    <TestEntry testId="34f27c15-d8a3-4020-878a-ac196abb289f" executionId="492fd249-ad7d-41b9-ab0d-e71502bc9d61" testListId="8c84fa94-04c1-424b-9868-57a2d4851a1d" />
    <TestEntry testId="51db16c9-f035-a47d-65be-ed1a5c145bfc" executionId="3183a99b-6e59-440c-96b6-78e7e33d5d9f" testListId="8c84fa94-04c1-424b-9868-57a2d4851a1d" />
    <TestEntry testId="d3a5866e-020d-5cd3-0e0f-79be4ec380b3" executionId="482bfc60-b07e-4916-a1e5-4d9848015bde" testListId="8c84fa94-04c1-424b-9868-57a2d4851a1d" />
    <TestEntry testId="d5332b1d-4959-8fd3-0a73-2905b4bbe96a" executionId="f1655868-fa4c-4cd2-bc7b-58b2cf93a648" testListId="8c84fa94-04c1-424b-9868-57a2d4851a1d" />
    <TestEntry testId="13d31af6-1dd2-61a8-9a31-326f57e863f5" executionId="23d5fa02-2734-42cb-b2a0-55b5a036ef67" testListId="8c84fa94-04c1-424b-9868-57a2d4851a1d" />
    <TestEntry testId="2c32a46a-c88c-3e93-0224-2716169f357b" executionId="46676f27-5fd7-4c31-b8a2-0358453e1bbd" testListId="8c84fa94-04c1-424b-9868-57a2d4851a1d" />
    <TestEntry testId="19b4a007-d77a-9038-6cce-b3393fbfcc13" executionId="c9569146-4bab-49f6-8e6e-12b26c0ffe15" testListId="8c84fa94-04c1-424b-9868-57a2d4851a1d" />
    <TestEntry testId="c411a296-134f-3efd-6539-eace7b8adf8c" executionId="94416ae2-3256-4cc9-94d4-f2fb807f7c06" testListId="8c84fa94-04c1-424b-9868-57a2d4851a1d" />
    <TestEntry testId="b8663a2a-15f2-b30d-8af2-85c8ef67bea1" executionId="708902ac-078c-4472-ad36-ee1454bdc6f0" testListId="8c84fa94-04c1-424b-9868-57a2d4851a1d" />
    <TestEntry testId="e626a878-142b-2355-e4a8-ec7a82c71635" executionId="aaa5baa2-88cf-4b9f-a5c6-202da5a8494f" testListId="8c84fa94-04c1-424b-9868-57a2d4851a1d" />
    <TestEntry testId="d02c335d-57af-1533-3dac-8ebb456fb9cf" executionId="cdc4f084-3a17-4c6d-8531-e443c16b1e97" testListId="8c84fa94-04c1-424b-9868-57a2d4851a1d" />
    <TestEntry testId="8ab035a0-1525-8fed-f7a5-d0d6c232d012" executionId="fb607321-5550-4d62-914c-29965278e8de" testListId="8c84fa94-04c1-424b-9868-57a2d4851a1d" />
    <TestEntry testId="3cdfce3f-5f79-d87d-e77e-96d361025aec" executionId="55f4548c-5e0b-47e5-8425-30bcad02bcdf" testListId="8c84fa94-04c1-424b-9868-57a2d4851a1d" />
    <TestEntry testId="93fb1281-4ecf-f48a-8dc5-710ca755ef91" executionId="172373e5-ba6b-4941-bcdf-f5b06cbcdf8f" testListId="8c84fa94-04c1-424b-9868-57a2d4851a1d" />
    <TestEntry testId="bc44fd83-3629-9e15-ec53-9d1809399478" executionId="40c1cad8-1574-42ee-90db-27f30c37e87d" testListId="8c84fa94-04c1-424b-9868-57a2d4851a1d" />
    <TestEntry testId="de3538ad-fe56-a03c-aa26-bcb3c42c54f6" executionId="4734f2e1-eae0-4ca1-8a85-e6db5ff9c630" testListId="8c84fa94-04c1-424b-9868-57a2d4851a1d" />
    <TestEntry testId="53221938-3ed2-d7f4-092c-abe2ed249ead" executionId="d64bf767-2273-47e5-8e18-aeea6540074d" testListId="8c84fa94-04c1-424b-9868-57a2d4851a1d" />
    <TestEntry testId="d8f63e96-eeee-f1ad-2321-76501e388d3b" executionId="6745c43c-8000-412b-a7c6-1e5f61b2d2cb" testListId="8c84fa94-04c1-424b-9868-57a2d4851a1d" />
    <TestEntry testId="1a5df235-fcaa-719e-4a71-c39e1093f879" executionId="48ec441c-fd79-4750-ba3c-d8c204b00cb0" testListId="8c84fa94-04c1-424b-9868-57a2d4851a1d" />
    <TestEntry testId="2da52268-af31-46b6-b2bf-90a0c81459cc" executionId="d217db53-ca6d-4653-b438-00d827bc1bed" testListId="8c84fa94-04c1-424b-9868-57a2d4851a1d" />
    <TestEntry testId="be67a3a4-8df0-c1c8-2858-dc77064ebf53" executionId="28dce1e6-fb66-4001-8693-fc9e87699219" testListId="8c84fa94-04c1-424b-9868-57a2d4851a1d" />
    <TestEntry testId="73590c73-f270-9f2e-d950-73586eb88338" executionId="85415c37-d672-42da-9d2a-ccbd5ea4977f" testListId="8c84fa94-04c1-424b-9868-57a2d4851a1d" />
    <TestEntry testId="cd278743-2e1f-0a97-325c-dbc241ce418c" executionId="07f03d54-6816-4559-95f5-7196fff451cc" testListId="8c84fa94-04c1-424b-9868-57a2d4851a1d" />
    <TestEntry testId="8a294d4c-0d16-482f-5fc1-a5ca362db906" executionId="89ffc603-920d-4d3e-b45a-2703983cf97e" testListId="8c84fa94-04c1-424b-9868-57a2d4851a1d" />
    <TestEntry testId="12a3cbe2-f603-85a1-4e52-03ce40c2f53b" executionId="6d0f7c96-42f5-4a5a-bdd0-885567a3933f" testListId="8c84fa94-04c1-424b-9868-57a2d4851a1d" />
  </TestEntries>
  <TestLists>
    <TestList name="Results Not in a List" id="8c84fa94-04c1-424b-9868-57a2d4851a1d" />
    <TestList name="All Loaded Results" id="19431567-8539-422a-85d7-44ee4e166bda" />
  </TestLists>
  <ResultSummary outcome="Completed">
    <Counters total="119" executed="119" passed="119" failed="0" error="0" timeout="0" aborted="0" inconclusive="0" passedButRunAborted="0" notRunnable="0" notExecuted="0" disconnected="0" warning="0" completed="0" inProgress="0" pending="0" />
    <Output>
      <StdOut>[xUnit.net 00:00:00.00] xUnit.net VSTest Adapter v3.1.4+50e68bbb8b (64-bit .NET 10.0.8)&#xD;
[xUnit.net 00:00:00.09]   Discovering: SupplyCoreERP.Domain.Tests&#xD;
[xUnit.net 00:00:00.13]   Discovered:  SupplyCoreERP.Domain.Tests&#xD;
[xUnit.net 00:00:00.15]   Starting:    SupplyCoreERP.Domain.Tests&#xD;
[xUnit.net 00:00:00.40]   Finished:    SupplyCoreERP.Domain.Tests&#xD;
</StdOut>
    </Output>
  </ResultSummary>
</TestRun>